Tarball 1 of 337 ...
0103.tar.gz unzipped
Old tar /tmp/arxiv_cs/0103.tar.gz removed
Papers extracted: 23 / 23
Old dir /tmp/arxiv_cs/0103 cleared
Tarball 2 of 337 ...
0302.tar.gz unzipped
Old tar /tmp/arxiv_cs/0302.tar.gz removed
Skipped: cs0302028.xml (too few tokens in fulltext)
Skipped: cs0302005.xml (too few tokens in fulltext)
Papers extracted: 31 / 33
Old dir /tmp/arxiv_cs/0302 cleared
Tarball 3 of 337 ...
0303.tar.gz unzipped
Old tar /tmp/arxiv_cs/0303.tar.gz removed
Skipped: cs0303019.xml (too few tokens in fulltext)
Skipped: cs0303018.xml (too few tokens in fulltext)
Papers extracted: 26 / 28
Old dir /tmp/arxiv_cs/0303 cleared
Tarball 4 of 337 ...
0401.tar.gz unzipped
Old tar /tmp/arxiv_cs/0401.tar.gz removed
Papers extracted: 31 / 31
Old dir /tmp/arxiv_cs/0401 cleared
Tarball 5 of 337 ...
0403.tar.gz unzipped
Old tar /tmp/arxiv_cs/0403.tar.gz removed
Skipped: cs0403007.xml (too few tokens in fulltext)
Papers extracted: 44 / 45
Old dir /tmp/arxiv_cs/0403 cleared
Tarball 6 of 337 ...
0411.tar.gz unzipped
Old tar /tmp/arxiv_cs/0411.tar.gz removed
Skipped: cs0411088.xml (too few tokens in fulltext)
Papers extracted: 69 / 70
Old dir /tmp/arxiv_cs/0411 cleared
Tarball 7 of 337 ...
0504.tar.gz unzipped
Old tar /tmp/arxiv_cs/0504.tar.gz removed
Skipped: cs0504007.xml (too few tokens in fulltext)
Skipped: cs0504108.xml (too few tokens in fulltext)
Papers extracted: 68 / 70
Old dir /tmp/arxiv_cs/0504 cleared
Tarball 8 of 337 ...
0511.tar.gz unzipped
Old tar /tmp/arxiv_cs/0511.tar.gz removed
Skipped: cs0511053.xml (too few tokens in fulltext)
Skipped: cs0511045.xml (too few tokens in fulltext)
Papers extracted: 84 / 86
Old dir /tmp/arxiv_cs/0511 cleared
Tarball 9 of 337 ...
0605.tar.gz unzipped
Old tar /tmp/arxiv_cs/0605.tar.gz removed
Skipped: cs0605127.xml (too few tokens in fulltext)
Skipped: cs0605007.xml (too few tokens in fulltext)
Skipped: cs0605088.xml (too few tokens in fulltext)
Skipped: cs0605089.xml (too few tokens in fulltext)
Skipped: cs0605102.xml (too few tokens in fulltext)
Papers extracted: 96 / 101
Old dir /tmp/arxiv_cs/0605 cleared
Tarball 10 of 337 ...
0709.tar.gz unzipped
Old tar /tmp/arxiv_cs/0709.tar.gz removed
Skipped: 0709.0907.xml (too few tokens in fulltext)
Skipped: 0709.0746.xml (too few tokens in fulltext)
Skipped: 0709.0511.xml (too few tokens in fulltext)
Papers extracted: 112 / 115
Old dir /tmp/arxiv_cs/0709 cleared
Tarball 11 of 337 ...
0805.tar.gz unzipped
Old tar /tmp/arxiv_cs/0805.tar.gz removed
Skipped: 0805.1130.xml (too few tokens in fulltext)
Skipped: 0805.1401.xml (too few tokens in fulltext)
Skipped: 0805.1473.xml (too few tokens in fulltext)
Skipped: 0805.0444.xml (too few tokens in fulltext)
Skipped: 0805.1696.xml (too few tokens in fulltext)
Skipped: 0805.4053.xml (too few tokens in fulltext)
Skipped: 0805.0851.xml (too few tokens in fulltext)
Skipped: 0805.0022.xml (too few tokens in fulltext)
Papers extracted: 181 / 189
Old dir /tmp/arxiv_cs/0805 cleared
Tarball 12 of 337 ...
0909.tar.gz unzipped
Old tar /tmp/arxiv_cs/0909.tar.gz removed
Skipped: 0909.5091.xml (too few tokens in fulltext)
Skipped: 0909.1127.xml (too few tokens in fulltext)
Skipped: 0909.2408.xml (too few tokens in fulltext)
Skipped: 0909.1257.xml (too few tokens in fulltext)
Skipped: 0909.5457.xml (too few tokens in fulltext)
Skipped: 0909.5413.xml (too few tokens in fulltext)
Skipped: 0909.3356.xml (too few tokens in fulltext)
Skipped: 0909.1626.xml (too few tokens in fulltext)
Skipped: 0909.2055.xml (too few tokens in fulltext)
Skipped: 0909.2504.xml (too few tokens in fulltext)
Skipped: 0909.4021.xml (too few tokens in fulltext)
Skipped: 0909.4969.xml (too few tokens in fulltext)
Papers extracted: 248 / 260
Old dir /tmp/arxiv_cs/0909 cleared
Tarball 13 of 337 ...
1002.tar.gz unzipped
Old tar /tmp/arxiv_cs/1002.tar.gz removed
Skipped: 1002.4063.xml (too few tokens in fulltext)
Skipped: 1002.2959.xml (too few tokens in fulltext)
Skipped: 1002.4334.xml (too few tokens in fulltext)
Skipped: 1002.1443.xml (too few tokens in fulltext)
Skipped: 1002.1916.xml (too few tokens in fulltext)
Skipped: 1002.1456.xml (too few tokens in fulltext)
Skipped: 1002.1937.xml (too few tokens in fulltext)
Skipped: 1002.1422.xml (too few tokens in fulltext)
Skipped: 1002.1782.xml (too few tokens in fulltext)
Skipped: 1002.0963.xml (too few tokens in fulltext)
Skipped: 1002.2746.xml (too few tokens in fulltext)
Skipped: 1002.1465.xml (too few tokens in fulltext)
Skipped: 1002.1363.xml (too few tokens in fulltext)
Skipped: 1002.4067.xml (too few tokens in fulltext)
Skipped: 1002.2594.xml (too few tokens in fulltext)
Skipped: 1002.4862.xml (too few tokens in fulltext)
Skipped: 1002.1292.xml (too few tokens in fulltext)
Skipped: 1002.4057.xml (too few tokens in fulltext)
Papers extracted: 236 / 254
Old dir /tmp/arxiv_cs/1002 cleared
Tarball 14 of 337 ...
1003.tar.gz unzipped
Old tar /tmp/arxiv_cs/1003.tar.gz removed
Skipped: 1003.2839.xml (too few tokens in fulltext)
Skipped: 1003.5383.xml (too few tokens in fulltext)
Skipped: 1003.5384.xml (too few tokens in fulltext)
Skipped: 1003.4563.xml (too few tokens in fulltext)
Skipped: 1003.5406.xml (too few tokens in fulltext)
Skipped: 1003.5385.xml (too few tokens in fulltext)
Skipped: 1003.2871.xml (too few tokens in fulltext)
Skipped: 1003.2084.xml (too few tokens in fulltext)
Skipped: 1003.3629.xml (too few tokens in fulltext)
Skipped: 1003.2976.xml (too few tokens in fulltext)
Skipped: 1003.4353.xml (too few tokens in fulltext)
Skipped: 1003.5777.xml (too few tokens in fulltext)
Skipped: 1003.1179.xml (too few tokens in fulltext)
Skipped: 1003.1058.xml (too few tokens in fulltext)
Skipped: 1003.0469.xml (too few tokens in fulltext)
Skipped: 1003.4629.xml (too few tokens in fulltext)
Skipped: 1003.5511.xml (too few tokens in fulltext)
Skipped: 1003.4628.xml (too few tokens in fulltext)
Skipped: 1003.5068.xml (too few tokens in fulltext)
Skipped: 1003.5517.xml (too few tokens in fulltext)
Skipped: 1003.3792.xml (too few tokens in fulltext)
Skipped: 1003.2958.xml (too few tokens in fulltext)
Skipped: 1003.5303.xml (too few tokens in fulltext)
Papers extracted: 259 / 282
Old dir /tmp/arxiv_cs/1003 cleared
Tarball 15 of 337 ...
1006.tar.gz unzipped
Old tar /tmp/arxiv_cs/1006.tar.gz removed
Skipped: 1006.3962.xml (too few tokens in fulltext)
Skipped: 1006.5761.xml (too few tokens in fulltext)
Skipped: 1006.5845.xml (too few tokens in fulltext)
Skipped: 1006.5398.xml (too few tokens in fulltext)
Skipped: 1006.5657.xml (too few tokens in fulltext)
Skipped: 1006.5101.xml (too few tokens in fulltext)
Skipped: 1006.5354.xml (too few tokens in fulltext)
Skipped: 1006.3585.xml (too few tokens in fulltext)
Skipped: 1006.5906.xml (too few tokens in fulltext)
Skipped: 1006.3424.xml (too few tokens in fulltext)
Skipped: 1006.5877.xml (too few tokens in fulltext)
Skipped: 1006.1578.xml (too few tokens in fulltext)
Skipped: 1006.2660.xml (too few tokens in fulltext)
Skipped: 1006.1565.xml (too few tokens in fulltext)
Skipped: 1006.1165.xml (too few tokens in fulltext)
Skipped: 1006.1126.xml (too few tokens in fulltext)
Skipped: 1006.5502.xml (too few tokens in fulltext)
Skipped: 1006.0234.xml (too few tokens in fulltext)
Skipped: 1006.0741.xml (too few tokens in fulltext)
Skipped: 1006.5493.xml (too few tokens in fulltext)
Skipped: 1006.1413.xml (too few tokens in fulltext)
Skipped: 1006.3638.xml (too few tokens in fulltext)
Skipped: 1006.4484.xml (too few tokens in fulltext)
Skipped: 1006.3159.xml (too few tokens in fulltext)
Skipped: 1006.2004.xml (too few tokens in fulltext)
Skipped: 1006.5059.xml (too few tokens in fulltext)
Skipped: 1006.2899.xml (too few tokens in fulltext)
Papers extracted: 408 / 435
Old dir /tmp/arxiv_cs/1006 cleared
Tarball 16 of 337 ...
1009.tar.gz unzipped
Old tar /tmp/arxiv_cs/1009.tar.gz removed
Skipped: 1009.0605.xml (too few tokens in fulltext)
Skipped: 1009.2617.xml (too few tokens in fulltext)
Skipped: 1009.3469.xml (too few tokens in fulltext)
Skipped: 1009.4830.xml (too few tokens in fulltext)
Skipped: 1009.4265.xml (too few tokens in fulltext)
Skipped: 1009.0581.xml (too few tokens in fulltext)
Skipped: 1009.3710.xml (too few tokens in fulltext)
Skipped: 1009.1560.xml (too few tokens in fulltext)
Skipped: 1009.5636.xml (too few tokens in fulltext)
Skipped: 1009.5949.xml (too few tokens in fulltext)
Skipped: 1009.3499.xml (too few tokens in fulltext)
Skipped: 1009.3984.xml (too few tokens in fulltext)
Skipped: 1009.2107.xml (too few tokens in fulltext)
Skipped: 1009.4739.xml (too few tokens in fulltext)
Skipped: 1009.0033.xml (too few tokens in fulltext)
Skipped: 1009.2722.xml (too few tokens in fulltext)
Skipped: 1009.0579.xml (too few tokens in fulltext)
Skipped: 1009.1076.xml (too few tokens in fulltext)
Skipped: 1009.5037.xml (too few tokens in fulltext)
Skipped: 1009.2794.xml (too few tokens in fulltext)
Skipped: 1009.5853.xml (too few tokens in fulltext)
Skipped: 1009.3645.xml (too few tokens in fulltext)
Skipped: 1009.2009.xml (too few tokens in fulltext)
Skipped: 1009.5538.xml (too few tokens in fulltext)
Skipped: 1009.4266.xml (too few tokens in fulltext)
Skipped: 1009.0119.xml (too few tokens in fulltext)
Skipped: 1009.4263.xml (too few tokens in fulltext)
Skipped: 1009.3514.xml (too few tokens in fulltext)
Skipped: 1009.4264.xml (too few tokens in fulltext)
Skipped: 1009.3429.xml (too few tokens in fulltext)
Skipped: 1009.5206.xml (too few tokens in fulltext)
Skipped: 1009.0255.xml (too few tokens in fulltext)
Skipped: 1009.4517.xml (too few tokens in fulltext)
Skipped: 1009.1976.xml (too few tokens in fulltext)
Skipped: 1009.1977.xml (too few tokens in fulltext)
Skipped: 1009.4261.xml (too few tokens in fulltext)
Skipped: 1009.5004.xml (too few tokens in fulltext)
Skipped: 1009.5718.xml (too few tokens in fulltext)
Skipped: 1009.3711.xml (too few tokens in fulltext)
Skipped: 1009.0306.xml (too few tokens in fulltext)
Skipped: 1009.3714.xml (too few tokens in fulltext)
Skipped: 1009.4355.xml (too few tokens in fulltext)
Skipped: 1009.4641.xml (too few tokens in fulltext)
Skipped: 1009.3502.xml (too few tokens in fulltext)
Papers extracted: 346 / 390
Old dir /tmp/arxiv_cs/1009 cleared
Tarball 17 of 337 ...
1205.tar.gz unzipped
Old tar /tmp/arxiv_cs/1205.tar.gz removed
Skipped: 1205.4013.xml (too few tokens in fulltext)
Skipped: 1205.3193.xml (too few tokens in fulltext)
Skipped: 1205.1098.xml (too few tokens in fulltext)
Skipped: 1205.5662.xml (too few tokens in fulltext)
Skipped: 1205.0837.xml (too few tokens in fulltext)
Skipped: 1205.6862.xml (too few tokens in fulltext)
Skipped: 1205.6233.xml (too few tokens in fulltext)
Skipped: 1205.6678.xml (too few tokens in fulltext)
Skipped: 1205.4213.xml (too few tokens in fulltext)
Skipped: 1205.5465.xml (too few tokens in fulltext)
Skipped: 1205.1682.xml (too few tokens in fulltext)
Skipped: 1205.4011.xml (too few tokens in fulltext)
Skipped: 1205.6527.xml (too few tokens in fulltext)
Skipped: 1205.6363.xml (too few tokens in fulltext)
Skipped: 1205.3816.xml (too few tokens in fulltext)
Skipped: 1205.0591.xml (too few tokens in fulltext)
Skipped: 1205.4691.xml (too few tokens in fulltext)
Skipped: 1205.1183.xml (too few tokens in fulltext)
Skipped: 1205.1579.xml (too few tokens in fulltext)
Skipped: 1205.2107.xml (too few tokens in fulltext)
Skipped: 1205.3982.xml (too few tokens in fulltext)
Skipped: 1205.4889.xml (too few tokens in fulltext)
Skipped: 1205.4894.xml (too few tokens in fulltext)
Skipped: 1205.1271.xml (too few tokens in fulltext)
Skipped: 1205.5729.xml (too few tokens in fulltext)
Skipped: 1205.3576.xml (too few tokens in fulltext)
Skipped: 1205.5819.xml (too few tokens in fulltext)
Skipped: 1205.4778.xml (too few tokens in fulltext)
Skipped: 1205.4564.xml (too few tokens in fulltext)
Skipped: 1205.4546.xml (too few tokens in fulltext)
Skipped: 1205.5003.xml (too few tokens in fulltext)
Skipped: 1205.1262.xml (too few tokens in fulltext)
Skipped: 1205.0079.xml (too few tokens in fulltext)
Skipped: 1205.6361.xml (too few tokens in fulltext)
Skipped: 1205.1997.xml (too few tokens in fulltext)
Skipped: 1205.5925.xml (too few tokens in fulltext)
Skipped: 1205.3846.xml (too few tokens in fulltext)
Skipped: 1205.2740.xml (too few tokens in fulltext)
Skipped: 1205.0986.xml (too few tokens in fulltext)
Skipped: 1205.5779.xml (too few tokens in fulltext)
Skipped: 1205.6584.xml (too few tokens in fulltext)
Skipped: 1205.4431.xml (too few tokens in fulltext)
Skipped: 1205.1671.xml (too few tokens in fulltext)
Skipped: 1205.6228.xml (too few tokens in fulltext)
Papers extracted: 501 / 545
Old dir /tmp/arxiv_cs/1205 cleared
Tarball 18 of 337 ...
1309.tar.gz unzipped
Old tar /tmp/arxiv_cs/1309.tar.gz removed
Skipped: 1309.7082.xml (too few tokens in fulltext)
Skipped: 1309.5647.xml (too few tokens in fulltext)
Skipped: 1309.5522.xml (too few tokens in fulltext)
Skipped: 1309.6422.xml (too few tokens in fulltext)
Skipped: 1309.3647.xml (too few tokens in fulltext)
Skipped: 1309.2687.xml (too few tokens in fulltext)
Skipped: 1309.5671.xml (too few tokens in fulltext)
Skipped: 1309.2038.xml (too few tokens in fulltext)
Skipped: 1309.5686.xml (too few tokens in fulltext)
Skipped: 1309.0869.xml (too few tokens in fulltext)
Skipped: 1309.2533.xml (too few tokens in fulltext)
Skipped: 1309.4008.xml (too few tokens in fulltext)
Skipped: 1309.1776.xml (too few tokens in fulltext)
Skipped: 1309.1937.xml (too few tokens in fulltext)
Skipped: 1309.5568.xml (too few tokens in fulltext)
Skipped: 1309.6131.xml (too few tokens in fulltext)
Skipped: 1309.3997.xml (too few tokens in fulltext)
Skipped: 1309.2339.xml (too few tokens in fulltext)
Skipped: 1309.6466.xml (too few tokens in fulltext)
Skipped: 1309.4796.xml (too few tokens in fulltext)
Skipped: 1309.1273.xml (too few tokens in fulltext)
Skipped: 1309.3515.xml (too few tokens in fulltext)
Skipped: 1309.1559.xml (too few tokens in fulltext)
Skipped: 1309.7598.xml (too few tokens in fulltext)
Skipped: 1309.2168.xml (too few tokens in fulltext)
Skipped: 1309.6471.xml (too few tokens in fulltext)
Skipped: 1309.3692.xml (too few tokens in fulltext)
Skipped: 1309.0249.xml (too few tokens in fulltext)
Skipped: 1309.5781.xml (too few tokens in fulltext)
Skipped: 1309.6504.xml (too few tokens in fulltext)
Skipped: 1309.0632.xml (too few tokens in fulltext)
Skipped: 1309.1248.xml (too few tokens in fulltext)
Skipped: 1309.5491.xml (too few tokens in fulltext)
Skipped: 1309.2399.xml (too few tokens in fulltext)
Skipped: 1309.2460.xml (too few tokens in fulltext)
Skipped: 1309.0892.xml (too few tokens in fulltext)
Skipped: 1309.0316.xml (too few tokens in fulltext)
Skipped: 1309.5140.xml (too few tokens in fulltext)
Skipped: 1309.5904.xml (too few tokens in fulltext)
Skipped: 1309.6289.xml (too few tokens in fulltext)
Skipped: 1309.7066.xml (too few tokens in fulltext)
Skipped: 1309.2772.xml (too few tokens in fulltext)
Skipped: 1309.0065.xml (too few tokens in fulltext)
Skipped: 1309.2898.xml (too few tokens in fulltext)
Skipped: 1309.0958.xml (too few tokens in fulltext)
Skipped: 1309.7340.xml (too few tokens in fulltext)
Skipped: 1309.0225.xml (too few tokens in fulltext)
Skipped: 1309.0373.xml (too few tokens in fulltext)
Skipped: 1309.2802.xml (too few tokens in fulltext)
Skipped: 1309.4275.xml (too few tokens in fulltext)
Skipped: 1309.4396.xml (too few tokens in fulltext)
Skipped: 1309.5047.xml (too few tokens in fulltext)
Skipped: 1309.7611.xml (too few tokens in fulltext)
Skipped: 1309.0195.xml (too few tokens in fulltext)
Skipped: 1309.5333.xml (too few tokens in fulltext)
Skipped: 1309.1501.xml (too few tokens in fulltext)
Skipped: 1309.2529.xml (too few tokens in fulltext)
Skipped: 1309.4887.xml (too few tokens in fulltext)
Skipped: 1309.5618.xml (too few tokens in fulltext)
Skipped: 1309.1080.xml (too few tokens in fulltext)
Skipped: 1309.3324.xml (too few tokens in fulltext)
Skipped: 1309.7313.xml (too few tokens in fulltext)
Skipped: 1309.5145.xml (too few tokens in fulltext)
Skipped: 1309.7366.xml (too few tokens in fulltext)
Skipped: 1309.3235.xml (too few tokens in fulltext)
Papers extracted: 736 / 801
Old dir /tmp/arxiv_cs/1309 cleared
Tarball 19 of 337 ...
1404.tar.gz unzipped
Old tar /tmp/arxiv_cs/1404.tar.gz removed
Skipped: 1404.1943.xml (too few tokens in fulltext)
Skipped: 1404.0654.xml (too few tokens in fulltext)
Skipped: 1404.6452.xml (too few tokens in fulltext)
Skipped: 1404.1087.xml (too few tokens in fulltext)
Skipped: 1404.6719.xml (too few tokens in fulltext)
Skipped: 1404.7443.xml (too few tokens in fulltext)
Skipped: 1404.1279.xml (too few tokens in fulltext)
Skipped: 1404.4766.xml (too few tokens in fulltext)
Skipped: 1404.4533.xml (too few tokens in fulltext)
Skipped: 1404.5943.xml (too few tokens in fulltext)
Skipped: 1404.2325.xml (too few tokens in fulltext)
Skipped: 1404.5874.xml (too few tokens in fulltext)
Skipped: 1404.6965.xml (too few tokens in fulltext)
Skipped: 1404.6272.xml (too few tokens in fulltext)
Skipped: 1404.2741.xml (too few tokens in fulltext)
Skipped: 1404.0967.xml (too few tokens in fulltext)
Skipped: 1404.6607.xml (too few tokens in fulltext)
Skipped: 1404.1191.xml (too few tokens in fulltext)
Skipped: 1404.6561.xml (too few tokens in fulltext)
Skipped: 1404.0766.xml (too few tokens in fulltext)
Skipped: 1404.3861.xml (too few tokens in fulltext)
Skipped: 1404.5985.xml (too few tokens in fulltext)
Skipped: 1404.6850.xml (too few tokens in fulltext)
Skipped: 1404.5190.xml (too few tokens in fulltext)
Skipped: 1404.7763.xml (too few tokens in fulltext)
Skipped: 1404.0849.xml (too few tokens in fulltext)
Skipped: 1404.3200.xml (too few tokens in fulltext)
Skipped: 1404.5971.xml (too few tokens in fulltext)
Skipped: 1404.0848.xml (too few tokens in fulltext)
Skipped: 1404.0839.xml (too few tokens in fulltext)
Skipped: 1404.6683.xml (too few tokens in fulltext)
Skipped: 1404.5000.xml (too few tokens in fulltext)
Skipped: 1404.0320.xml (too few tokens in fulltext)
Skipped: 1404.5157.xml (too few tokens in fulltext)
Skipped: 1404.5743.xml (too few tokens in fulltext)
Skipped: 1404.4258.xml (too few tokens in fulltext)
Skipped: 1404.7431.xml (too few tokens in fulltext)
Skipped: 1404.0845.xml (too few tokens in fulltext)
Skipped: 1404.5398.xml (too few tokens in fulltext)
Skipped: 1404.3656.xml (too few tokens in fulltext)
Skipped: 1404.6196.xml (too few tokens in fulltext)
Skipped: 1404.3722.xml (too few tokens in fulltext)
Skipped: 1404.5351.xml (too few tokens in fulltext)
Skipped: 1404.2644.xml (too few tokens in fulltext)
Skipped: 1404.4893.xml (too few tokens in fulltext)
Skipped: 1404.4553.xml (too few tokens in fulltext)
Skipped: 1404.0286.xml (too few tokens in fulltext)
Skipped: 1404.6981.xml (too few tokens in fulltext)
Skipped: 1404.1777.xml (too few tokens in fulltext)
Skipped: 1404.2106.xml (too few tokens in fulltext)
Skipped: 1404.4629.xml (too few tokens in fulltext)
Skipped: 1404.0837.xml (too few tokens in fulltext)
Skipped: 1404.3820.xml (too few tokens in fulltext)
Skipped: 1404.3626.xml (too few tokens in fulltext)
Skipped: 1404.3034.xml (too few tokens in fulltext)
Skipped: 1404.4120.xml (too few tokens in fulltext)
Skipped: 1404.2019.xml (too few tokens in fulltext)
Skipped: 1404.4767.xml (too few tokens in fulltext)
Skipped: 1404.6688.xml (too few tokens in fulltext)
Skipped: 1404.4942.xml (too few tokens in fulltext)
Skipped: 1404.2984.xml (too few tokens in fulltext)
Skipped: 1404.3190.xml (too few tokens in fulltext)
Skipped: 1404.0847.xml (too few tokens in fulltext)
Skipped: 1404.4641.xml (too few tokens in fulltext)
Skipped: 1404.1531.xml (too few tokens in fulltext)
Skipped: 1404.4095.xml (too few tokens in fulltext)
Skipped: 1404.0614.xml (too few tokens in fulltext)
Skipped: 1404.5121.xml (too few tokens in fulltext)
Skipped: 1404.5127.xml (too few tokens in fulltext)
Skipped: 1404.6003.xml (too few tokens in fulltext)
Skipped: 1404.0736.xml (too few tokens in fulltext)
Skipped: 1404.2387.xml (too few tokens in fulltext)
Skipped: 1404.6613.xml (too few tokens in fulltext)
Skipped: 1404.4606.xml (too few tokens in fulltext)
Skipped: 1404.4175.xml (too few tokens in fulltext)
Skipped: 1404.1561.xml (too few tokens in fulltext)
Skipped: 1404.5428.xml (too few tokens in fulltext)
Skipped: 1404.6681.xml (too few tokens in fulltext)
Skipped: 1404.7060.xml (too few tokens in fulltext)
Skipped: 1404.0780.xml (too few tokens in fulltext)
Skipped: 1404.1984.xml (too few tokens in fulltext)
Skipped: 1404.0818.xml (too few tokens in fulltext)
Skipped: 1404.4502.xml (too few tokens in fulltext)
Papers extracted: 919 / 1002
Old dir /tmp/arxiv_cs/1404 cleared
Tarball 20 of 337 ...
1508.tar.gz unzipped
Old tar /tmp/arxiv_cs/1508.tar.gz removed
Skipped: 1508.03619.xml (too few tokens in fulltext)
Skipped: 1508.07820.xml (too few tokens in fulltext)
Skipped: 1508.02767.xml (too few tokens in fulltext)
Skipped: 1508.03931.xml (too few tokens in fulltext)
Skipped: 1508.03763.xml (too few tokens in fulltext)
Skipped: 1508.02550.xml (too few tokens in fulltext)
Skipped: 1508.01023.xml (too few tokens in fulltext)
Skipped: 1508.06738.xml (too few tokens in fulltext)
Skipped: 1508.01192.xml (too few tokens in fulltext)
Skipped: 1508.05347.xml (too few tokens in fulltext)
Skipped: 1508.05591.xml (too few tokens in fulltext)
Skipped: 1508.07292.xml (too few tokens in fulltext)
Skipped: 1508.03590.xml (too few tokens in fulltext)
Skipped: 1508.03859.xml (too few tokens in fulltext)
Skipped: 1508.04907.xml (too few tokens in fulltext)
Skipped: 1508.06181.xml (too few tokens in fulltext)
Skipped: 1508.00271.xml (too few tokens in fulltext)
Skipped: 1508.04856.xml (too few tokens in fulltext)
Skipped: 1508.02440.xml (too few tokens in fulltext)
Skipped: 1508.02340.xml (too few tokens in fulltext)
Skipped: 1508.02884.xml (too few tokens in fulltext)
Skipped: 1508.03519.xml (too few tokens in fulltext)
Skipped: 1508.07544.xml (too few tokens in fulltext)
Skipped: 1508.01288.xml (too few tokens in fulltext)
Skipped: 1508.06791.xml (too few tokens in fulltext)
Skipped: 1508.04032.xml (too few tokens in fulltext)
Skipped: 1508.00375.xml (too few tokens in fulltext)
Skipped: 1508.06044.xml (too few tokens in fulltext)
Skipped: 1508.06356.xml (too few tokens in fulltext)
Skipped: 1508.02448.xml (too few tokens in fulltext)
Skipped: 1508.06827.xml (too few tokens in fulltext)
Skipped: 1508.03765.xml (too few tokens in fulltext)
Skipped: 1508.04958.xml (too few tokens in fulltext)
Skipped: 1508.04955.xml (too few tokens in fulltext)
Skipped: 1508.01244.xml (too few tokens in fulltext)
Skipped: 1508.04850.xml (too few tokens in fulltext)
Skipped: 1508.07603.xml (too few tokens in fulltext)
Skipped: 1508.04554.xml (too few tokens in fulltext)
Skipped: 1508.03679.xml (too few tokens in fulltext)
Skipped: 1508.05326.xml (too few tokens in fulltext)
Skipped: 1508.05133.xml (too few tokens in fulltext)
Skipped: 1508.04025.xml (too few tokens in fulltext)
Skipped: 1508.03575.xml (too few tokens in fulltext)
Skipped: 1508.07256.xml (too few tokens in fulltext)
Skipped: 1508.05282.xml (too few tokens in fulltext)
Skipped: 1508.04234.xml (too few tokens in fulltext)
Skipped: 1508.05753.xml (too few tokens in fulltext)
Skipped: 1508.06314.xml (too few tokens in fulltext)
Skipped: 1508.06967.xml (too few tokens in fulltext)
Skipped: 1508.00731.xml (too few tokens in fulltext)
Skipped: 1508.07829.xml (too few tokens in fulltext)
Skipped: 1508.00060.xml (too few tokens in fulltext)
Skipped: 1508.00305.xml (too few tokens in fulltext)
Skipped: 1508.04855.xml (too few tokens in fulltext)
Skipped: 1508.01182.xml (too few tokens in fulltext)
Skipped: 1508.04403.xml (too few tokens in fulltext)
Skipped: 1508.01950.xml (too few tokens in fulltext)
Skipped: 1508.07096.xml (too few tokens in fulltext)
Skipped: 1508.03762.xml (too few tokens in fulltext)
Skipped: 1508.00618.xml (too few tokens in fulltext)
Skipped: 1508.07306.xml (too few tokens in fulltext)
Skipped: 1508.05477.xml (too few tokens in fulltext)
Skipped: 1508.03687.xml (too few tokens in fulltext)
Skipped: 1508.00851.xml (too few tokens in fulltext)
Skipped: 1508.02959.xml (too few tokens in fulltext)
Skipped: 1508.02558.xml (too few tokens in fulltext)
Skipped: 1508.06451.xml (too few tokens in fulltext)
Skipped: 1508.04627.xml (too few tokens in fulltext)
Skipped: 1508.00864.xml (too few tokens in fulltext)
Skipped: 1508.03981.xml (too few tokens in fulltext)
Skipped: 1508.03032.xml (too few tokens in fulltext)
Skipped: 1508.03130.xml (too few tokens in fulltext)
Skipped: 1508.03755.xml (too few tokens in fulltext)
Skipped: 1508.06610.xml (too few tokens in fulltext)
Skipped: 1508.03536.xml (too few tokens in fulltext)
Skipped: 1508.02435.xml (too few tokens in fulltext)
Skipped: 1508.01211.xml (too few tokens in fulltext)
Skipped: 1508.04973.xml (too few tokens in fulltext)
Papers extracted: 884 / 962
Old dir /tmp/arxiv_cs/1508 cleared
Tarball 21 of 337 ...
1605.tar.gz unzipped
Old tar /tmp/arxiv_cs/1605.tar.gz removed
