Tarball 1 of 337 ...
9406.tar.gz unzipped
Old tar /tmp/arxiv_phy/9406.tar.gz removed
Papers extracted: 0 / 0
Old dir /tmp/arxiv_phy/9406 cleared
Tarball 2 of 337 ...
0304.tar.gz unzipped
Old tar /tmp/arxiv_phy/0304.tar.gz removed
Skipped: physics0304102.xml (too few tokens in fulltext)
Skipped: physics0304066.xml (too few tokens in fulltext)
Skipped: nucl-th0304041.xml (too few tokens in fulltext)
Skipped: hep-ph0304275.xml (too few tokens in fulltext)
Skipped: hep-lat0304011.xml (too few tokens in fulltext)
Skipped: math-ph0304035.xml (too few tokens in fulltext)
Skipped: hep-ex0304017.xml (too few tokens in fulltext)
Skipped: physics0304076.xml (too few tokens in fulltext)
Skipped: math-ph0304048.xml (too few tokens in fulltext)
Papers extracted: 2320 / 2329
Old dir /tmp/arxiv_phy/0304 cleared
Tarball 3 of 337 ...
0210.tar.gz unzipped
Old tar /tmp/arxiv_phy/0210.tar.gz removed
Skipped: hep-lat0210025.xml (too few tokens in fulltext)
Skipped: cond-mat0210319.xml (too few tokens in fulltext)
Skipped: hep-ex0210005.xml (too few tokens in fulltext)
Skipped: hep-ph0210205.xml (too few tokens in fulltext)
Skipped: hep-ex0210068.xml (too few tokens in fulltext)
Skipped: hep-ph0210208.xml (too few tokens in fulltext)
Skipped: hep-ex0210041.xml (too few tokens in fulltext)
Skipped: hep-ex0210065.xml (too few tokens in fulltext)
Papers extracted: 2753 / 2761
Old dir /tmp/arxiv_phy/0210 cleared
Tarball 4 of 337 ...
9604.tar.gz unzipped
Old tar /tmp/arxiv_phy/9604.tar.gz removed
Skipped: hep-th9604090.xml (too few tokens in fulltext)
Skipped: acc-phys9604001.xml (too few tokens in fulltext)
Skipped: hep-ph9604436.xml (too few tokens in fulltext)
Papers extracted: 928 / 931
Old dir /tmp/arxiv_phy/9604 cleared
Tarball 5 of 337 ...
0212.tar.gz unzipped
Old tar /tmp/arxiv_phy/0212.tar.gz removed
Skipped: quant-ph0212124.xml (too few tokens in fulltext)
Skipped: astro-ph0212444.xml (too few tokens in fulltext)
Skipped: physics0212005.xml (too few tokens in fulltext)
Skipped: hep-th0212221.xml (too few tokens in fulltext)
Skipped: hep-ex0212026.xml (too few tokens in fulltext)
Skipped: quant-ph0212002.xml (too few tokens in fulltext)
Skipped: hep-ex0212007.xml (too few tokens in fulltext)
Skipped: gr-qc0212047.xml (too few tokens in fulltext)
Skipped: hep-ex0212037.xml (too few tokens in fulltext)
Skipped: hep-ex0212049.xml (too few tokens in fulltext)
Papers extracted: 2548 / 2558
Old dir /tmp/arxiv_phy/0212 cleared
Tarball 6 of 337 ...
0706.tar.gz unzipped
Old tar /tmp/arxiv_phy/0706.tar.gz removed
Skipped: 0706.2699.xml (too few tokens in fulltext)
Skipped: 0706.0131.xml (too few tokens in fulltext)
Skipped: 0706.3792.xml (too few tokens in fulltext)
Skipped: 0706.2702.xml (too few tokens in fulltext)
Skipped: 0706.2059.xml (too few tokens in fulltext)
Skipped: 0706.0654.xml (too few tokens in fulltext)
Skipped: 0706.4252.xml (too few tokens in fulltext)
Skipped: 0706.1583.xml (too few tokens in fulltext)
Papers extracted: 2985 / 2993
Old dir /tmp/arxiv_phy/0706 cleared
Tarball 7 of 337 ...
0002.tar.gz unzipped
Old tar /tmp/arxiv_phy/0002.tar.gz removed
Skipped: astro-ph0002410.xml (too few tokens in fulltext)
Skipped: cond-mat0002076.xml (too few tokens in fulltext)
Skipped: cond-mat0002162.xml (too few tokens in fulltext)
Skipped: cond-mat0002388.xml (too few tokens in fulltext)
Skipped: hep-ph0002301.xml (too few tokens in fulltext)
Skipped: astro-ph0002234.xml (too few tokens in fulltext)
Skipped: hep-ex0002026.xml (too few tokens in fulltext)
Skipped: cond-mat0002407.xml (too few tokens in fulltext)
Skipped: hep-ph0002011.xml (too few tokens in fulltext)
Papers extracted: 1932 / 1941
Old dir /tmp/arxiv_phy/0002 cleared
Tarball 8 of 337 ...
1008.tar.gz unzipped
Old tar /tmp/arxiv_phy/1008.tar.gz removed
Skipped: 1008.1870.xml (too few tokens in fulltext)
Skipped: 1008.1253.xml (too few tokens in fulltext)
Skipped: 1008.4827.xml (too few tokens in fulltext)
Skipped: 1008.3800.xml (too few tokens in fulltext)
Skipped: 1008.2402.xml (too few tokens in fulltext)
Skipped: 1008.0771.xml (too few tokens in fulltext)
Skipped: 1008.4126.xml (too few tokens in fulltext)
Skipped: 1008.4653.xml (too few tokens in fulltext)
Skipped: 1008.2696.xml (too few tokens in fulltext)
Skipped: 1008.2191.xml (too few tokens in fulltext)
Skipped: 1008.1593.xml (too few tokens in fulltext)
Skipped: 1008.2565.xml (too few tokens in fulltext)
Skipped: 1008.4857.xml (too few tokens in fulltext)
Skipped: 1008.0491.xml (too few tokens in fulltext)
Skipped: 1008.2257.xml (too few tokens in fulltext)
Skipped: 1008.1110.xml (too few tokens in fulltext)
Skipped: 1008.3067.xml (too few tokens in fulltext)
Skipped: 1008.3981.xml (too few tokens in fulltext)
Papers extracted: 3208 / 3226
Old dir /tmp/arxiv_phy/1008 cleared
Tarball 9 of 337 ...
1004.tar.gz unzipped
Old tar /tmp/arxiv_phy/1004.tar.gz removed
Skipped: 1004.4278.xml (too few tokens in fulltext)
Skipped: 1004.1005.xml (too few tokens in fulltext)
Skipped: 1004.4624.xml (too few tokens in fulltext)
Skipped: 1004.5159.xml (too few tokens in fulltext)
Skipped: 1004.4930.xml (too few tokens in fulltext)
Skipped: 1004.1579.xml (too few tokens in fulltext)
Skipped: 1004.2534.xml (too few tokens in fulltext)
Skipped: 1004.1754.xml (too few tokens in fulltext)
Skipped: 1004.3348.xml (too few tokens in fulltext)
Skipped: 1004.5528.xml (too few tokens in fulltext)
Skipped: 1004.3458.xml (too few tokens in fulltext)
Skipped: 1004.3034.xml (too few tokens in fulltext)
Papers extracted: 3164 / 3176
Old dir /tmp/arxiv_phy/1004 cleared
Tarball 10 of 337 ...
0802.tar.gz unzipped
Old tar /tmp/arxiv_phy/0802.tar.gz removed
Skipped: 0802.3637.xml (too few tokens in fulltext)
Skipped: 0802.1161.xml (too few tokens in fulltext)
Skipped: 0802.1376.xml (too few tokens in fulltext)
Skipped: 0802.0250.xml (too few tokens in fulltext)
Skipped: 0802.3672.xml (too few tokens in fulltext)
Papers extracted: 2759 / 2764
Old dir /tmp/arxiv_phy/0802 cleared
Tarball 11 of 337 ...
9602.tar.gz unzipped
Old tar /tmp/arxiv_phy/9602.tar.gz removed
Skipped: cond-mat9602017.xml (too few tokens in fulltext)
Skipped: chem-ph9602002.xml (too few tokens in fulltext)
Papers extracted: 830 / 832
Old dir /tmp/arxiv_phy/9602 cleared
Tarball 12 of 337 ...
0901.tar.gz unzipped
Old tar /tmp/arxiv_phy/0901.tar.gz removed
Skipped: 0901.4257.xml (too few tokens in fulltext)
Skipped: 0901.0260.xml (too few tokens in fulltext)
Skipped: 0901.3570.xml (too few tokens in fulltext)
Skipped: 0901.3041.xml (too few tokens in fulltext)
Skipped: 0901.3447.xml (too few tokens in fulltext)
Skipped: 0901.1031.xml (too few tokens in fulltext)
Skipped: 0901.0301.xml (too few tokens in fulltext)
Skipped: 0901.1145.xml (too few tokens in fulltext)
Skipped: 0901.3687.xml (too few tokens in fulltext)
Skipped: 0901.4098.xml (too few tokens in fulltext)
Skipped: 0901.4072.xml (too few tokens in fulltext)
Skipped: 0901.0027.xml (too few tokens in fulltext)
Skipped: 0901.2718.xml (too few tokens in fulltext)
Skipped: 0901.2077.xml (too few tokens in fulltext)
Skipped: 0901.3762.xml (too few tokens in fulltext)
Skipped: 0901.4399.xml (too few tokens in fulltext)
Skipped: 0901.0002.xml (too few tokens in fulltext)
Skipped: 0901.4316.xml (too few tokens in fulltext)
Papers extracted: 3133 / 3151
Old dir /tmp/arxiv_phy/0901 cleared
Tarball 13 of 337 ...
1312.tar.gz unzipped
Old tar /tmp/arxiv_phy/1312.tar.gz removed
Skipped: 1312.6993.xml (too few tokens in fulltext)
Skipped: 1312.5980.xml (too few tokens in fulltext)
Skipped: 1312.3171.xml (too few tokens in fulltext)
Skipped: 1312.6659.xml (too few tokens in fulltext)
Skipped: 1312.0977.xml (too few tokens in fulltext)
Skipped: 1312.0442.xml (too few tokens in fulltext)
Skipped: 1312.2576.xml (too few tokens in fulltext)
Skipped: 1312.0938.xml (too few tokens in fulltext)
Skipped: 1312.5666.xml (too few tokens in fulltext)
Skipped: 1312.5326.xml (too few tokens in fulltext)
Skipped: 1312.0530.xml (too few tokens in fulltext)
Skipped: 1312.6021.xml (too few tokens in fulltext)
Skipped: 1312.1027.xml (too few tokens in fulltext)
Skipped: 1312.6979.xml (too few tokens in fulltext)
Skipped: 1312.7291.xml (too few tokens in fulltext)
Skipped: 1312.4511.xml (too few tokens in fulltext)
Skipped: 1312.1805.xml (too few tokens in fulltext)
Skipped: 1312.4547.xml (too few tokens in fulltext)
Skipped: 1312.0606.xml (too few tokens in fulltext)
Skipped: 1312.5325.xml (too few tokens in fulltext)
Skipped: 1312.0860.xml (too few tokens in fulltext)
Skipped: 1312.4996.xml (too few tokens in fulltext)
Skipped: 1312.6635.xml (too few tokens in fulltext)
Skipped: 1312.4438.xml (too few tokens in fulltext)
Skipped: 1312.4877.xml (too few tokens in fulltext)
Skipped: 1312.1532.xml (too few tokens in fulltext)
Skipped: 1312.2316.xml (too few tokens in fulltext)
Skipped: 1312.5005.xml (too few tokens in fulltext)
Skipped: 1312.2630.xml (too few tokens in fulltext)
Skipped: 1312.5963.xml (too few tokens in fulltext)
Papers extracted: 3722 / 3752
Old dir /tmp/arxiv_phy/1312 cleared
Tarball 14 of 337 ...
1409.tar.gz unzipped
Old tar /tmp/arxiv_phy/1409.tar.gz removed
Skipped: 1409.2450.xml (too few tokens in fulltext)
Skipped: 1409.5043.xml (too few tokens in fulltext)
Skipped: 1409.3799.xml (too few tokens in fulltext)
Skipped: 1409.8367.xml (too few tokens in fulltext)
Skipped: 1409.5163.xml (too few tokens in fulltext)
Skipped: 1409.5440.xml (too few tokens in fulltext)
Skipped: 1409.2517.xml (too few tokens in fulltext)
Skipped: 1409.2159.xml (too few tokens in fulltext)
Skipped: 1409.4927.xml (too few tokens in fulltext)
Skipped: 1409.8417.xml (too few tokens in fulltext)
Skipped: 1409.2769.xml (too few tokens in fulltext)
Skipped: 1409.1963.xml (too few tokens in fulltext)
Skipped: 1409.3409.xml (too few tokens in fulltext)
Skipped: 1409.0723.xml (too few tokens in fulltext)
Skipped: 1409.5626.xml (too few tokens in fulltext)
Skipped: 1409.3508.xml (too few tokens in fulltext)
Skipped: 1409.8121.xml (too few tokens in fulltext)
Skipped: 1409.4381.xml (too few tokens in fulltext)
Skipped: 1409.1759.xml (too few tokens in fulltext)
Skipped: 1409.3424.xml (too few tokens in fulltext)
Skipped: 1409.8364.xml (too few tokens in fulltext)
Skipped: 1409.3218.xml (too few tokens in fulltext)
Skipped: 1409.8636.xml (too few tokens in fulltext)
Skipped: 1409.4483.xml (too few tokens in fulltext)
Skipped: 1409.0327.xml (too few tokens in fulltext)
Skipped: 1409.1929.xml (too few tokens in fulltext)
Skipped: 1409.7259.xml (too few tokens in fulltext)
Skipped: 1409.7680.xml (too few tokens in fulltext)
Skipped: 1409.7623.xml (too few tokens in fulltext)
Skipped: 1409.1445.xml (too few tokens in fulltext)
Skipped: 1409.5645.xml (too few tokens in fulltext)
Skipped: 1409.7500.xml (too few tokens in fulltext)
Papers extracted: 4166 / 4198
Old dir /tmp/arxiv_phy/1409 cleared
Tarball 15 of 337 ...
9309.tar.gz unzipped
Old tar /tmp/arxiv_phy/9309.tar.gz removed
Papers extracted: 394 / 394
Old dir /tmp/arxiv_phy/9309 cleared
Tarball 16 of 337 ...
9510.tar.gz unzipped
Old tar /tmp/arxiv_phy/9510.tar.gz removed
Papers extracted: 0 / 0
Old dir /tmp/arxiv_phy/9510 cleared
Tarball 17 of 337 ...
9608.tar.gz unzipped
Old tar /tmp/arxiv_phy/9608.tar.gz removed
Papers extracted: 0 / 0
Old dir /tmp/arxiv_phy/9608 cleared
Tarball 18 of 337 ...
0702.tar.gz unzipped
Old tar /tmp/arxiv_phy/0702.tar.gz removed
Skipped: physics0702162.xml (too few tokens in fulltext)
Skipped: quant-ph0702076.xml (too few tokens in fulltext)
Skipped: hep-lat0702010.xml (too few tokens in fulltext)
Skipped: hep-lat0702008.xml (too few tokens in fulltext)
Skipped: hep-ph0702222.xml (too few tokens in fulltext)
Skipped: math0702855.xml (too few tokens in fulltext)
Skipped: physics0702092.xml (too few tokens in fulltext)
Skipped: hep-ex0702024.xml (too few tokens in fulltext)
Papers extracted: 2710 / 2718
Old dir /tmp/arxiv_phy/0702 cleared
Tarball 19 of 337 ...
1304.tar.gz unzipped
Old tar /tmp/arxiv_phy/1304.tar.gz removed
Skipped: 1304.3819.xml (too few tokens in fulltext)
Skipped: 1304.3692.xml (too few tokens in fulltext)
Skipped: 1304.7468.xml (too few tokens in fulltext)
Skipped: 1304.1040.xml (too few tokens in fulltext)
Skipped: 1304.1822.xml (too few tokens in fulltext)
Skipped: 1304.3367.xml (too few tokens in fulltext)
Skipped: 1304.4193.xml (too few tokens in fulltext)
Skipped: 1304.2855.xml (too few tokens in fulltext)
Skipped: 1304.1875.xml (too few tokens in fulltext)
Skipped: 1304.2413.xml (too few tokens in fulltext)
Skipped: 1304.0316.xml (too few tokens in fulltext)
Skipped: 1304.1549.xml (too few tokens in fulltext)
Skipped: 1304.5529.xml (too few tokens in fulltext)
Skipped: 1304.4595.xml (too few tokens in fulltext)
Skipped: 1304.6269.xml (too few tokens in fulltext)
Skipped: 1304.6977.xml (too few tokens in fulltext)
Skipped: 1304.4657.xml (too few tokens in fulltext)
Skipped: 1304.5559.xml (too few tokens in fulltext)
Skipped: 1304.5403.xml (too few tokens in fulltext)
Skipped: 1304.2173.xml (too few tokens in fulltext)
Skipped: 1304.7925.xml (too few tokens in fulltext)
Skipped: 1304.4058.xml (too few tokens in fulltext)
Papers extracted: 3890 / 3912
Old dir /tmp/arxiv_phy/1304 cleared
Tarball 20 of 337 ...
0506.tar.gz unzipped
Old tar /tmp/arxiv_phy/0506.tar.gz removed
Skipped: astro-ph0506322.xml (too few tokens in fulltext)
Skipped: hep-ex0506067.xml (too few tokens in fulltext)
Skipped: hep-lat0506005.xml (too few tokens in fulltext)
Skipped: hep-ph0506148.xml (too few tokens in fulltext)
Skipped: astro-ph0506559.xml (too few tokens in fulltext)
Skipped: astro-ph0506767.xml (too few tokens in fulltext)
Skipped: math-ph0506077.xml (too few tokens in fulltext)
Skipped: quant-ph0506100.xml (too few tokens in fulltext)
Skipped: cond-mat0506262.xml (too few tokens in fulltext)
Skipped: hep-ph0506079.xml (too few tokens in fulltext)
Skipped: nucl-ex0506020.xml (too few tokens in fulltext)
Skipped: hep-ex0506069.xml (too few tokens in fulltext)
Skipped: hep-lat0506032.xml (too few tokens in fulltext)
Skipped: quant-ph0506126.xml (too few tokens in fulltext)
Skipped: quant-ph0506243.xml (too few tokens in fulltext)
Skipped: hep-ph0506165.xml (too few tokens in fulltext)
Papers extracted: 2855 / 2871
Old dir /tmp/arxiv_phy/0506 cleared
Tarball 21 of 337 ...
1510.tar.gz unzipped
Old tar /tmp/arxiv_phy/1510.tar.gz removed
Skipped: 1510.07085.xml (too few tokens in fulltext)
Skipped: 1510.02017.xml (too few tokens in fulltext)
Skipped: 1510.06865.xml (too few tokens in fulltext)
Skipped: 1510.08799.xml (too few tokens in fulltext)
Skipped: 1510.08541.xml (too few tokens in fulltext)
Skipped: 1510.08483.xml (too few tokens in fulltext)
Skipped: 1510.04352.xml (too few tokens in fulltext)
Skipped: 1510.05645.xml (too few tokens in fulltext)
Skipped: 1510.07697.xml (too few tokens in fulltext)
Skipped: 1510.09069.xml (too few tokens in fulltext)
Skipped: 1510.07577.xml (too few tokens in fulltext)
Skipped: 1510.02831.xml (too few tokens in fulltext)
Skipped: 1510.06444.xml (too few tokens in fulltext)
Skipped: 1510.03720.xml (too few tokens in fulltext)
Skipped: 1510.03211.xml (too few tokens in fulltext)
Skipped: 1510.08116.xml (too few tokens in fulltext)
Skipped: 1510.01338.xml (too few tokens in fulltext)
Skipped: 1510.00227.xml (too few tokens in fulltext)
Skipped: 1510.04508.xml (too few tokens in fulltext)
Skipped: 1510.00394.xml (too few tokens in fulltext)
Skipped: 1510.07417.xml (too few tokens in fulltext)
Skipped: 1510.01924.xml (too few tokens in fulltext)
Skipped: 1510.06120.xml (too few tokens in fulltext)
Skipped: 1510.08814.xml (too few tokens in fulltext)
Skipped: 1510.08741.xml (too few tokens in fulltext)
Skipped: 1510.06411.xml (too few tokens in fulltext)
Skipped: 1510.08127.xml (too few tokens in fulltext)
Skipped: 1510.00871.xml (too few tokens in fulltext)
Skipped: 1510.01432.xml (too few tokens in fulltext)
Skipped: 1510.04232.xml (too few tokens in fulltext)
Skipped: 1510.07801.xml (too few tokens in fulltext)
Papers extracted: 4302 / 4333
Old dir /tmp/arxiv_phy/1510 cleared
Tarball 22 of 337 ...
9208.tar.gz unzipped
Old tar /tmp/arxiv_phy/9208.tar.gz removed
Papers extracted: 176 / 176
Old dir /tmp/arxiv_phy/9208 cleared
Tarball 23 of 337 ...
0909.tar.gz unzipped
Old tar /tmp/arxiv_phy/0909.tar.gz removed
Skipped: 0909.3380.xml (too few tokens in fulltext)
Skipped: 0909.0327.xml (too few tokens in fulltext)
Skipped: 0909.1058.xml (too few tokens in fulltext)
Skipped: 0909.0416.xml (too few tokens in fulltext)
Skipped: 0909.1382.xml (too few tokens in fulltext)
Skipped: 0909.1495.xml (too few tokens in fulltext)
Skipped: 0909.2188.xml (too few tokens in fulltext)
Skipped: 0909.1669.xml (too few tokens in fulltext)
Skipped: 0909.4057.xml (too few tokens in fulltext)
Skipped: 0909.4662.xml (too few tokens in fulltext)
Skipped: 0909.4665.xml (too few tokens in fulltext)
Skipped: 0909.2781.xml (too few tokens in fulltext)
Skipped: 0909.4447.xml (too few tokens in fulltext)
Skipped: 0909.0971.xml (too few tokens in fulltext)
Skipped: 0909.3240.xml (too few tokens in fulltext)
Skipped: 0909.0013.xml (too few tokens in fulltext)
Skipped: 0909.2765.xml (too few tokens in fulltext)
Skipped: 0909.4664.xml (too few tokens in fulltext)
Papers extracted: 3537 / 3555
Old dir /tmp/arxiv_phy/0909 cleared
Tarball 24 of 337 ...
1101.tar.gz unzipped
Old tar /tmp/arxiv_phy/1101.tar.gz removed
Skipped: 1101.1671.xml (too few tokens in fulltext)
Skipped: 1101.3409.xml (too few tokens in fulltext)
Skipped: 1101.5215.xml (too few tokens in fulltext)
Skipped: 1101.1778.xml (too few tokens in fulltext)
Skipped: 1101.5097.xml (too few tokens in fulltext)
Skipped: 1101.5463.xml (too few tokens in fulltext)
Skipped: 1101.4203.xml (too few tokens in fulltext)
Skipped: 1101.6060.xml (too few tokens in fulltext)
Skipped: 1101.0372.xml (too few tokens in fulltext)
Skipped: 1101.0593.xml (too few tokens in fulltext)
Skipped: 1101.0816.xml (too few tokens in fulltext)
Skipped: 1101.0116.xml (too few tokens in fulltext)
Skipped: 1101.5015.xml (too few tokens in fulltext)
Skipped: 1101.0285.xml (too few tokens in fulltext)
Skipped: 1101.6072.xml (too few tokens in fulltext)
Skipped: 1101.5330.xml (too few tokens in fulltext)
Skipped: 1101.3573.xml (too few tokens in fulltext)
Skipped: 1101.5673.xml (too few tokens in fulltext)
Papers extracted: 3556 / 3574
Old dir /tmp/arxiv_phy/1101 cleared
Tarball 25 of 337 ...
0307.tar.gz unzipped
Old tar /tmp/arxiv_phy/0307.tar.gz removed
Skipped: physics0307112.xml (too few tokens in fulltext)
Skipped: physics0307108.xml (too few tokens in fulltext)
Skipped: quant-ph0307048.xml (too few tokens in fulltext)
Skipped: quant-ph0307196.xml (too few tokens in fulltext)
Skipped: physics0307148.xml (too few tokens in fulltext)
Skipped: hep-ph0307242.xml (too few tokens in fulltext)
Skipped: astro-ph0307478.xml (too few tokens in fulltext)
Skipped: cond-mat0307611.xml (too few tokens in fulltext)
Skipped: astro-ph0307375.xml (too few tokens in fulltext)
Skipped: astro-ph0307334.xml (too few tokens in fulltext)
Skipped: hep-th0307169.xml (too few tokens in fulltext)
Papers extracted: 2658 / 2669
Old dir /tmp/arxiv_phy/0307 cleared
Tarball 26 of 337 ...
0009.tar.gz unzipped
Old tar /tmp/arxiv_phy/0009.tar.gz removed
Skipped: cond-mat0009230.xml (too few tokens in fulltext)
Skipped: quant-ph0009046.xml (too few tokens in fulltext)
Skipped: cond-mat0009019.xml (too few tokens in fulltext)
Skipped: physics0009032.xml (too few tokens in fulltext)
Skipped: hep-lat0009001.xml (too few tokens in fulltext)
Skipped: hep-lat0009021.xml (too few tokens in fulltext)
Papers extracted: 2069 / 2075
Old dir /tmp/arxiv_phy/0009 cleared
Tarball 27 of 337 ...
1508.tar.gz unzipped
Old tar /tmp/arxiv_phy/1508.tar.gz removed
Skipped: 1508.06739.xml (too few tokens in fulltext)
Skipped: 1508.06055.xml (too few tokens in fulltext)
Skipped: 1508.05951.xml (too few tokens in fulltext)
Skipped: 1508.05323.xml (too few tokens in fulltext)
Skipped: 1508.02433.xml (too few tokens in fulltext)
Skipped: 1508.01824.xml (too few tokens in fulltext)
Skipped: 1508.07188.xml (too few tokens in fulltext)
Skipped: 1508.00273.xml (too few tokens in fulltext)
Skipped: 1508.00724.xml (too few tokens in fulltext)
Skipped: 1508.00917.xml (too few tokens in fulltext)
Skipped: 1508.00960.xml (too few tokens in fulltext)
Skipped: 1508.03861.xml (too few tokens in fulltext)
Skipped: 1508.06575.xml (too few tokens in fulltext)
Skipped: 1508.07472.xml (too few tokens in fulltext)
Skipped: 1508.03260.xml (too few tokens in fulltext)
Skipped: 1508.00572.xml (too few tokens in fulltext)
Skipped: 1508.00895.xml (too few tokens in fulltext)
Skipped: 1508.03302.xml (too few tokens in fulltext)
Skipped: 1508.05268.xml (too few tokens in fulltext)
Skipped: 1508.05101.xml (too few tokens in fulltext)
Skipped: 1508.02981.xml (too few tokens in fulltext)
Skipped: 1508.04642.xml (too few tokens in fulltext)
Skipped: 1508.00746.xml (too few tokens in fulltext)
Skipped: 1508.07025.xml (too few tokens in fulltext)
Skipped: 1508.01243.xml (too few tokens in fulltext)
Skipped: 1508.07106.xml (too few tokens in fulltext)
Skipped: 1508.02664.xml (too few tokens in fulltext)
Skipped: 1508.05971.xml (too few tokens in fulltext)
Skipped: 1508.04650.xml (too few tokens in fulltext)
Skipped: 1508.04911.xml (too few tokens in fulltext)
Skipped: 1508.01515.xml (too few tokens in fulltext)
Skipped: 1508.06451.xml (too few tokens in fulltext)
Skipped: 1508.05575.xml (too few tokens in fulltext)
Skipped: 1508.04790.xml (too few tokens in fulltext)
Skipped: 1508.00562.xml (too few tokens in fulltext)
Skipped: 1508.06893.xml (too few tokens in fulltext)
Skipped: 1508.07059.xml (too few tokens in fulltext)
Skipped: 1508.00896.xml (too few tokens in fulltext)
Skipped: 1508.05225.xml (too few tokens in fulltext)
Skipped: 1508.04282.xml (too few tokens in fulltext)
Skipped: 1508.01456.xml (too few tokens in fulltext)
Papers extracted: 3646 / 3687
Old dir /tmp/arxiv_phy/1508 cleared
Tarball 28 of 337 ...
0403.tar.gz unzipped
Old tar /tmp/arxiv_phy/0403.tar.gz removed
Skipped: physics0403045.xml (too few tokens in fulltext)
Skipped: cond-mat0403494.xml (too few tokens in fulltext)
Skipped: hep-th0403117.xml (too few tokens in fulltext)
Skipped: gr-qc0403041.xml (too few tokens in fulltext)
Skipped: hep-lat0403022.xml (too few tokens in fulltext)
Skipped: hep-ph0403015.xml (too few tokens in fulltext)
Skipped: math-ph0403030.xml (too few tokens in fulltext)
Skipped: cond-mat0403237.xml (too few tokens in fulltext)
Skipped: nucl-ex0403020.xml (too few tokens in fulltext)
Papers extracted: 2684 / 2693
Old dir /tmp/arxiv_phy/0403 cleared
Tarball 29 of 337 ...
9903.tar.gz unzipped
Old tar /tmp/arxiv_phy/9903.tar.gz removed
Skipped: hep-ph9903292.xml (too few tokens in fulltext)
Skipped: hep-ph9903266.xml (too few tokens in fulltext)
Skipped: gr-qc9903088.xml (too few tokens in fulltext)
Skipped: hep-th9903062.xml (too few tokens in fulltext)
Papers extracted: 1966 / 1970
Old dir /tmp/arxiv_phy/9903 cleared
Tarball 30 of 337 ...
1408.tar.gz unzipped
Old tar /tmp/arxiv_phy/1408.tar.gz removed
Skipped: 1408.0931.xml (too few tokens in fulltext)
Skipped: 1408.2185.xml (too few tokens in fulltext)
Skipped: 1408.3259.xml (too few tokens in fulltext)
Skipped: 1408.1813.xml (too few tokens in fulltext)
Skipped: 1408.4789.xml (too few tokens in fulltext)
Skipped: 1408.0753.xml (too few tokens in fulltext)
Skipped: 1408.1786.xml (too few tokens in fulltext)
Skipped: 1408.5806.xml (too few tokens in fulltext)
Skipped: 1408.1749.xml (too few tokens in fulltext)
Skipped: 1408.4466.xml (too few tokens in fulltext)
Skipped: 1408.0634.xml (too few tokens in fulltext)
Skipped: 1408.1819.xml (too few tokens in fulltext)
Skipped: 1408.3477.xml (too few tokens in fulltext)
Skipped: 1408.2521.xml (too few tokens in fulltext)
Skipped: 1408.3634.xml (too few tokens in fulltext)
Skipped: 1408.0485.xml (too few tokens in fulltext)
Skipped: 1408.4651.xml (too few tokens in fulltext)
Skipped: 1408.6269.xml (too few tokens in fulltext)
Skipped: 1408.6865.xml (too few tokens in fulltext)
Skipped: 1408.6206.xml (too few tokens in fulltext)
Skipped: 1408.0215.xml (too few tokens in fulltext)
Skipped: 1408.3879.xml (too few tokens in fulltext)
Skipped: 1408.5299.xml (too few tokens in fulltext)
Skipped: 1408.5436.xml (too few tokens in fulltext)
Skipped: 1408.1746.xml (too few tokens in fulltext)
Skipped: 1408.1369.xml (too few tokens in fulltext)
Skipped: 1408.3308.xml (too few tokens in fulltext)
Papers extracted: 3485 / 3512
Old dir /tmp/arxiv_phy/1408 cleared
Tarball 31 of 337 ...
0501.tar.gz unzipped
Old tar /tmp/arxiv_phy/0501.tar.gz removed
Skipped: cond-mat0501258.xml (too few tokens in fulltext)
Skipped: hep-ex0501029.xml (too few tokens in fulltext)
Skipped: hep-ph0501098.xml (too few tokens in fulltext)
Skipped: hep-ph0501217.xml (too few tokens in fulltext)
Skipped: hep-ph0501199.xml (too few tokens in fulltext)
Skipped: hep-ex0501064.xml (too few tokens in fulltext)
Skipped: hep-th0501101.xml (too few tokens in fulltext)
Skipped: hep-ex0501010.xml (too few tokens in fulltext)
Skipped: hep-ph0501178.xml (too few tokens in fulltext)
Skipped: hep-th0501033.xml (too few tokens in fulltext)
Skipped: cond-mat0501593.xml (too few tokens in fulltext)
Skipped: hep-ex0501020.xml (too few tokens in fulltext)
Skipped: astro-ph0501070.xml (too few tokens in fulltext)
Skipped: gr-qc0501068.xml (too few tokens in fulltext)
Papers extracted: 2505 / 2519
Old dir /tmp/arxiv_phy/0501 cleared
Tarball 32 of 337 ...
1410.tar.gz unzipped
Old tar /tmp/arxiv_phy/1410.tar.gz removed
Skipped: 1410.1280.xml (too few tokens in fulltext)
Skipped: 1410.7388.xml (too few tokens in fulltext)
Skipped: 1410.1003.xml (too few tokens in fulltext)
Skipped: 1410.3514.xml (too few tokens in fulltext)
Skipped: 1410.5446.xml (too few tokens in fulltext)
Skipped: 1410.4418.xml (too few tokens in fulltext)
Skipped: 1410.5109.xml (too few tokens in fulltext)
Skipped: 1410.6347.xml (too few tokens in fulltext)
Skipped: 1410.0929.xml (too few tokens in fulltext)
Skipped: 1410.3678.xml (too few tokens in fulltext)
Skipped: 1410.3650.xml (too few tokens in fulltext)
Skipped: 1410.6256.xml (too few tokens in fulltext)
Skipped: 1410.3492.xml (too few tokens in fulltext)
Skipped: 1410.6492.xml (too few tokens in fulltext)
Skipped: 1410.2050.xml (too few tokens in fulltext)
Skipped: 1410.3485.xml (too few tokens in fulltext)
Skipped: 1410.6182.xml (too few tokens in fulltext)
Skipped: 1410.8676.xml (too few tokens in fulltext)
Skipped: 1410.6770.xml (too few tokens in fulltext)
Skipped: 1410.4412.xml (too few tokens in fulltext)
Skipped: 1410.8131.xml (too few tokens in fulltext)
Skipped: 1410.8562.xml (too few tokens in fulltext)
Skipped: 1410.5722.xml (too few tokens in fulltext)
Skipped: 1410.0345.xml (too few tokens in fulltext)
Skipped: 1410.3982.xml (too few tokens in fulltext)
Skipped: 1410.6609.xml (too few tokens in fulltext)
Skipped: 1410.8090.xml (too few tokens in fulltext)
Skipped: 1410.7069.xml (too few tokens in fulltext)
Skipped: 1410.4696.xml (too few tokens in fulltext)
Skipped: 1410.0045.xml (too few tokens in fulltext)
Skipped: 1410.7809.xml (too few tokens in fulltext)
Skipped: 1410.5504.xml (too few tokens in fulltext)
Skipped: 1410.5314.xml (too few tokens in fulltext)
Skipped: 1410.7244.xml (too few tokens in fulltext)
Skipped: 1410.7393.xml (too few tokens in fulltext)
Skipped: 1410.1374.xml (too few tokens in fulltext)
Skipped: 1410.7833.xml (too few tokens in fulltext)
Skipped: 1410.3743.xml (too few tokens in fulltext)
Skipped: 1410.8073.xml (too few tokens in fulltext)
Skipped: 1410.2922.xml (too few tokens in fulltext)
Skipped: 1410.3677.xml (too few tokens in fulltext)
Skipped: 1410.2234.xml (too few tokens in fulltext)
Papers extracted: 4237 / 4279
Old dir /tmp/arxiv_phy/1410 cleared
Tarball 33 of 337 ...
9410.tar.gz unzipped
Old tar /tmp/arxiv_phy/9410.tar.gz removed
Skipped: hep-th9410204.xml (too few tokens in fulltext)
Papers extracted: 632 / 633
Old dir /tmp/arxiv_phy/9410 cleared
Tarball 34 of 337 ...
9110.tar.gz unzipped
Old tar /tmp/arxiv_phy/9110.tar.gz removed
Papers extracted: 49 / 49
Old dir /tmp/arxiv_phy/9110 cleared
Tarball 35 of 337 ...
1012.tar.gz unzipped
Old tar /tmp/arxiv_phy/1012.tar.gz removed
Skipped: 1012.4474.xml (too few tokens in fulltext)
Skipped: 1012.4052.xml (too few tokens in fulltext)
Skipped: 1012.1907.xml (too few tokens in fulltext)
Skipped: 1012.1061.xml (too few tokens in fulltext)
Skipped: 1012.3451.xml (too few tokens in fulltext)
Skipped: 1012.5602.xml (too few tokens in fulltext)
Skipped: 1012.4300.xml (too few tokens in fulltext)
Skipped: 1012.3191.xml (too few tokens in fulltext)
Skipped: 1012.0873.xml (too few tokens in fulltext)
Skipped: 1012.4686.xml (too few tokens in fulltext)
Skipped: 1012.1332.xml (too few tokens in fulltext)
Skipped: 1012.3484.xml (too few tokens in fulltext)
Skipped: 1012.3168.xml (too few tokens in fulltext)
Skipped: 1012.1269.xml (too few tokens in fulltext)
Skipped: 1012.0865.xml (too few tokens in fulltext)
Skipped: 1012.3609.xml (too few tokens in fulltext)
Skipped: 1012.0836.xml (too few tokens in fulltext)
Skipped: 1012.0167.xml (too few tokens in fulltext)
Skipped: 1012.1655.xml (too few tokens in fulltext)
Skipped: 1012.4494.xml (too few tokens in fulltext)
Skipped: 1012.4506.xml (too few tokens in fulltext)
Papers extracted: 3547 / 3568
Old dir /tmp/arxiv_phy/1012 cleared
Tarball 36 of 337 ...
0312.tar.gz unzipped
Old tar /tmp/arxiv_phy/0312.tar.gz removed
Skipped: hep-ph0312344.xml (too few tokens in fulltext)
Skipped: cond-mat0312675.xml (too few tokens in fulltext)
Skipped: hep-lat0312023.xml (too few tokens in fulltext)
Skipped: hep-ph0312124.xml (too few tokens in fulltext)
Skipped: cond-mat0312432.xml (too few tokens in fulltext)
Skipped: math-ph0312056.xml (too few tokens in fulltext)
Skipped: cond-mat0312254.xml (too few tokens in fulltext)
Skipped: cond-mat0312540.xml (too few tokens in fulltext)
Skipped: cond-mat0312152.xml (too few tokens in fulltext)
Skipped: nucl-th0312024.xml (too few tokens in fulltext)
Papers extracted: 2787 / 2797
Old dir /tmp/arxiv_phy/0312 cleared
Tarball 37 of 337 ...
1712.tar.gz unzipped
Old tar /tmp/arxiv_phy/1712.tar.gz removed
Skipped: 1712.01982.xml (too few tokens in fulltext)
Skipped: 1712.05815.xml (too few tokens in fulltext)
Skipped: 1712.01518.xml (too few tokens in fulltext)
Skipped: 1712.00787.xml (too few tokens in fulltext)
Skipped: 1712.04183.xml (too few tokens in fulltext)
Skipped: 1712.00178.xml (too few tokens in fulltext)
Skipped: 1712.05811.xml (too few tokens in fulltext)
Skipped: 1712.09639.xml (too few tokens in fulltext)
Skipped: 1712.07028.xml (too few tokens in fulltext)
Skipped: 1712.02318.xml (too few tokens in fulltext)
Skipped: 1712.05342.xml (too few tokens in fulltext)
Skipped: 1712.02752.xml (too few tokens in fulltext)
Skipped: 1712.01104.xml (too few tokens in fulltext)
Skipped: 1712.02883.xml (too few tokens in fulltext)
Skipped: 1712.05535.xml (too few tokens in fulltext)
Skipped: 1712.01796.xml (too few tokens in fulltext)
Skipped: 1712.08962.xml (too few tokens in fulltext)
Skipped: 1712.06982.xml (too few tokens in fulltext)
Skipped: 1712.05463.xml (too few tokens in fulltext)
Skipped: 1712.00058.xml (too few tokens in fulltext)
Skipped: 1712.05165.xml (too few tokens in fulltext)
Skipped: 1712.07053.xml (too few tokens in fulltext)
Skipped: 1712.02370.xml (too few tokens in fulltext)
Skipped: 1712.06592.xml (too few tokens in fulltext)
Skipped: 1712.09719.xml (too few tokens in fulltext)
Skipped: 1712.09241.xml (too few tokens in fulltext)
Skipped: 1712.03195.xml (too few tokens in fulltext)
Skipped: 1712.06375.xml (too few tokens in fulltext)
Tarball 1 of 337 ...
0307.tar.gz unzipped
Old tar /tmp/arxiv_phy/0307.tar.gz removed
Skipped: physics0307112.xml (too few tokens in fulltext)
Skipped: physics0307108.xml (too few tokens in fulltext)
Skipped: quant-ph0307048.xml (too few tokens in fulltext)
Skipped: quant-ph0307196.xml (too few tokens in fulltext)
Skipped: physics0307148.xml (too few tokens in fulltext)
Skipped: hep-ph0307242.xml (too few tokens in fulltext)
Skipped: astro-ph0307478.xml (too few tokens in fulltext)
Skipped: cond-mat0307611.xml (too few tokens in fulltext)
Skipped: astro-ph0307375.xml (too few tokens in fulltext)
Skipped: astro-ph0307334.xml (too few tokens in fulltext)
Skipped: hep-th0307169.xml (too few tokens in fulltext)
Papers extracted: 2658 / 2669
Old dir /tmp/arxiv_phy/0307 cleared
Tarball 2 of 337 ...
0801.tar.gz unzipped
Old tar /tmp/arxiv_phy/0801.tar.gz removed
Skipped: 0801.0288.xml (too few tokens in fulltext)
Skipped: 0801.2705.xml (too few tokens in fulltext)
Skipped: 0801.3961.xml (too few tokens in fulltext)
Skipped: 0801.3142.xml (too few tokens in fulltext)
Skipped: 0801.0991.xml (too few tokens in fulltext)
Skipped: 0801.4604.xml (too few tokens in fulltext)
Skipped: 0801.0814.xml (too few tokens in fulltext)
Skipped: 0801.1647.xml (too few tokens in fulltext)
Skipped: 0801.0094.xml (too few tokens in fulltext)
Skipped: 0801.4093.xml (too few tokens in fulltext)
Skipped: 0801.3054.xml (too few tokens in fulltext)
Skipped: 0801.3582.xml (too few tokens in fulltext)
Skipped: 0801.2500.xml (too few tokens in fulltext)
Papers extracted: 3160 / 3173
Old dir /tmp/arxiv_phy/0801 cleared
Tarball 3 of 337 ...
9904.tar.gz unzipped
Old tar /tmp/arxiv_phy/9904.tar.gz removed
Skipped: cond-mat9904216.xml (too few tokens in fulltext)
Skipped: hep-ex9904024.xml (too few tokens in fulltext)
Skipped: cond-mat9904170.xml (too few tokens in fulltext)
Skipped: hep-ex9904015.xml (too few tokens in fulltext)
Skipped: cond-mat9904258.xml (too few tokens in fulltext)
Skipped: math9904149.xml (too few tokens in fulltext)
Skipped: hep-th9904088.xml (too few tokens in fulltext)
Skipped: physics9904023.xml (too few tokens in fulltext)
Skipped: gr-qc9904017.xml (too few tokens in fulltext)
Papers extracted: 1731 / 1740
Old dir /tmp/arxiv_phy/9904 cleared
Tarball 4 of 337 ...
0606.tar.gz unzipped
Old tar /tmp/arxiv_phy/0606.tar.gz removed
Skipped: physics0606099.xml (too few tokens in fulltext)
Skipped: astro-ph0606697.xml (too few tokens in fulltext)
Skipped: hep-ph0606300.xml (too few tokens in fulltext)
Skipped: astro-ph0606606.xml (too few tokens in fulltext)
Skipped: cond-mat0606380.xml (too few tokens in fulltext)
Skipped: astro-ph0606413.xml (too few tokens in fulltext)
Skipped: gr-qc0606053.xml (too few tokens in fulltext)
Skipped: hep-ex0606025.xml (too few tokens in fulltext)
Skipped: physics0606247.xml (too few tokens in fulltext)
Skipped: astro-ph0606669.xml (too few tokens in fulltext)
Skipped: cond-mat0606086.xml (too few tokens in fulltext)
Papers extracted: 2808 / 2819
Old dir /tmp/arxiv_phy/0606 cleared
Tarball 5 of 337 ...
1702.tar.gz unzipped
Old tar /tmp/arxiv_phy/1702.tar.gz removed
Skipped: 1702.07233.xml (too few tokens in fulltext)
Skipped: 1702.00150.xml (too few tokens in fulltext)
Skipped: 1702.08246.xml (too few tokens in fulltext)
Skipped: 1702.05128.xml (too few tokens in fulltext)
Skipped: 1702.01760.xml (too few tokens in fulltext)
Skipped: 1702.02106.xml (too few tokens in fulltext)
Skipped: 1702.00833.xml (too few tokens in fulltext)
Skipped: 1702.02832.xml (too few tokens in fulltext)
Skipped: 1702.06527.xml (too few tokens in fulltext)
Skipped: 1702.03329.xml (too few tokens in fulltext)
Skipped: 1702.00042.xml (too few tokens in fulltext)
Skipped: 1702.05444.xml (too few tokens in fulltext)
Skipped: 1702.03314.xml (too few tokens in fulltext)
Skipped: 1702.04702.xml (too few tokens in fulltext)
Skipped: 1702.07383.xml (too few tokens in fulltext)
Skipped: 1702.01546.xml (too few tokens in fulltext)
Skipped: 1702.06569.xml (too few tokens in fulltext)
Skipped: 1702.00008.xml (too few tokens in fulltext)
Skipped: 1702.05333.xml (too few tokens in fulltext)
Skipped: 1702.00070.xml (too few tokens in fulltext)
Skipped: 1702.06403.xml (too few tokens in fulltext)
Skipped: 1702.03208.xml (too few tokens in fulltext)
Skipped: 1702.03321.xml (too few tokens in fulltext)
Skipped: 1702.02620.xml (too few tokens in fulltext)
Skipped: 1702.07231.xml (too few tokens in fulltext)
Skipped: 1702.02913.xml (too few tokens in fulltext)
Skipped: 1702.00050.xml (too few tokens in fulltext)
Skipped: 1702.08457.xml (too few tokens in fulltext)
Skipped: 1702.02180.xml (too few tokens in fulltext)
Skipped: 1702.04904.xml (too few tokens in fulltext)
Skipped: 1702.02159.xml (too few tokens in fulltext)
Papers extracted: 3541 / 3572
Old dir /tmp/arxiv_phy/1702 cleared
Tarball 6 of 337 ...
0103.tar.gz unzipped
Old tar /tmp/arxiv_phy/0103.tar.gz removed
Skipped: hep-ex0103016.xml (too few tokens in fulltext)
Skipped: hep-lat0103016.xml (too few tokens in fulltext)
Skipped: hep-ex0103023.xml (too few tokens in fulltext)
Skipped: cond-mat0103365.xml (too few tokens in fulltext)
Skipped: hep-ph0103177.xml (too few tokens in fulltext)
Skipped: hep-th0103253.xml (too few tokens in fulltext)
Skipped: cond-mat0103039.xml (too few tokens in fulltext)
Skipped: hep-ex0103008.xml (too few tokens in fulltext)
Papers extracted: 2217 / 2225
Old dir /tmp/arxiv_phy/0103 cleared
Tarball 7 of 337 ...
9410.tar.gz unzipped
Old tar /tmp/arxiv_phy/9410.tar.gz removed
Skipped: hep-th9410204.xml (too few tokens in fulltext)
Papers extracted: 632 / 633
Old dir /tmp/arxiv_phy/9410 cleared
Tarball 8 of 337 ...
9707.tar.gz unzipped
Old tar /tmp/arxiv_phy/9707.tar.gz removed
Papers extracted: 0 / 0
Old dir /tmp/arxiv_phy/9707 cleared
Tarball 9 of 337 ...
1101.tar.gz unzipped
Old tar /tmp/arxiv_phy/1101.tar.gz removed
Skipped: 1101.1671.xml (too few tokens in fulltext)
Skipped: 1101.3409.xml (too few tokens in fulltext)
Skipped: 1101.5215.xml (too few tokens in fulltext)
Skipped: 1101.1778.xml (too few tokens in fulltext)
Skipped: 1101.5097.xml (too few tokens in fulltext)
Skipped: 1101.5463.xml (too few tokens in fulltext)
Skipped: 1101.4203.xml (too few tokens in fulltext)
Skipped: 1101.6060.xml (too few tokens in fulltext)
Skipped: 1101.0372.xml (too few tokens in fulltext)
Skipped: 1101.0593.xml (too few tokens in fulltext)
Skipped: 1101.0816.xml (too few tokens in fulltext)
Skipped: 1101.0116.xml (too few tokens in fulltext)
Skipped: 1101.5015.xml (too few tokens in fulltext)
Skipped: 1101.0285.xml (too few tokens in fulltext)
Skipped: 1101.6072.xml (too few tokens in fulltext)
Skipped: 1101.5330.xml (too few tokens in fulltext)
Skipped: 1101.3573.xml (too few tokens in fulltext)
Skipped: 1101.5673.xml (too few tokens in fulltext)
Papers extracted: 3556 / 3574
Old dir /tmp/arxiv_phy/1101 cleared
Tarball 10 of 337 ...
1203.tar.gz unzipped
Old tar /tmp/arxiv_phy/1203.tar.gz removed
Skipped: 1203.1963.xml (too few tokens in fulltext)
Skipped: 1203.1013.xml (too few tokens in fulltext)
Skipped: 1203.3820.xml (too few tokens in fulltext)
Skipped: 1203.1863.xml (too few tokens in fulltext)
Skipped: 1203.1032.xml (too few tokens in fulltext)
Skipped: 1203.5613.xml (too few tokens in fulltext)
Skipped: 1203.1820.xml (too few tokens in fulltext)
Skipped: 1203.2487.xml (too few tokens in fulltext)
Skipped: 1203.4446.xml (too few tokens in fulltext)
Skipped: 1203.0034.xml (too few tokens in fulltext)
Skipped: 1203.1193.xml (too few tokens in fulltext)
Skipped: 1203.5049.xml (too few tokens in fulltext)
Skipped: 1203.0314.xml (too few tokens in fulltext)
Skipped: 1203.0005.xml (too few tokens in fulltext)
Skipped: 1203.0517.xml (too few tokens in fulltext)
Skipped: 1203.0171.xml (too few tokens in fulltext)
Skipped: 1203.4184.xml (too few tokens in fulltext)
Skipped: 1203.6744.xml (too few tokens in fulltext)
Skipped: 1203.5100.xml (too few tokens in fulltext)
Skipped: 1203.5192.xml (too few tokens in fulltext)
Skipped: 1203.6240.xml (too few tokens in fulltext)
Skipped: 1203.5390.xml (too few tokens in fulltext)
Skipped: 1203.6119.xml (too few tokens in fulltext)
Skipped: 1203.5474.xml (too few tokens in fulltext)
Skipped: 1203.1331.xml (too few tokens in fulltext)
Skipped: 1203.2443.xml (too few tokens in fulltext)
Skipped: 1203.3192.xml (too few tokens in fulltext)
Papers extracted: 3608 / 3635
Old dir /tmp/arxiv_phy/1203 cleared
Tarball 11 of 337 ...
0404.tar.gz unzipped
Old tar /tmp/arxiv_phy/0404.tar.gz removed
Skipped: physics0404100.xml (too few tokens in fulltext)
Skipped: gr-qc0404093.xml (too few tokens in fulltext)
Skipped: math0404442.xml (too few tokens in fulltext)
Skipped: astro-ph0404026.xml (too few tokens in fulltext)
Skipped: cond-mat0404642.xml (too few tokens in fulltext)
Skipped: cond-mat0404055.xml (too few tokens in fulltext)
Skipped: hep-ex0404039.xml (too few tokens in fulltext)
Skipped: astro-ph0404583.xml (too few tokens in fulltext)
Skipped: hep-th0404211.xml (too few tokens in fulltext)
Skipped: gr-qc0404022.xml (too few tokens in fulltext)
Skipped: nlin0404043.xml (too few tokens in fulltext)
Papers extracted: 2413 / 2424
Old dir /tmp/arxiv_phy/0404 cleared
Tarball 12 of 337 ...
1809.tar.gz unzipped
Old tar /tmp/arxiv_phy/1809.tar.gz removed
Skipped: 1809.05126.xml (too few tokens in fulltext)
Skipped: 1809.06949.xml (too few tokens in fulltext)
Skipped: 1809.08170.xml (too few tokens in fulltext)
Skipped: 1809.04299.xml (too few tokens in fulltext)
Skipped: 1809.08013.xml (too few tokens in fulltext)
Skipped: 1809.03688.xml (too few tokens in fulltext)
Skipped: 1809.02831.xml (too few tokens in fulltext)
Skipped: 1809.04370.xml (too few tokens in fulltext)
Skipped: 1809.09264.xml (too few tokens in fulltext)
Skipped: 1809.03949.xml (too few tokens in fulltext)
Skipped: 1809.01648.xml (too few tokens in fulltext)
Skipped: 1809.02127.xml (too few tokens in fulltext)
Skipped: 1809.05403.xml (too few tokens in fulltext)
Skipped: 1809.04868.xml (too few tokens in fulltext)
Skipped: 1809.02338.xml (too few tokens in fulltext)
Skipped: 1809.04660.xml (too few tokens in fulltext)
Skipped: 1809.03819.xml (too few tokens in fulltext)
Skipped: 1809.01390.xml (too few tokens in fulltext)
Skipped: 1809.09187.xml (too few tokens in fulltext)
Skipped: 1809.01289.xml (too few tokens in fulltext)
Skipped: 1809.04475.xml (too few tokens in fulltext)
Skipped: 1809.08787.xml (too few tokens in fulltext)
Skipped: 1809.09125.xml (too few tokens in fulltext)
Skipped: 1809.09117.xml (too few tokens in fulltext)
Skipped: 1809.04511.xml (too few tokens in fulltext)
Skipped: 1809.00730.xml (too few tokens in fulltext)
Skipped: 1809.03488.xml (too few tokens in fulltext)
Skipped: 1809.09136.xml (too few tokens in fulltext)
Skipped: 1809.04189.xml (too few tokens in fulltext)
Skipped: 1809.04815.xml (too few tokens in fulltext)
Skipped: 1809.03372.xml (too few tokens in fulltext)
Skipped: 1809.03563.xml (too few tokens in fulltext)
Skipped: 1809.02873.xml (too few tokens in fulltext)
Papers extracted: 3080 / 3113
Old dir /tmp/arxiv_phy/1809 cleared
Tarball 13 of 337 ...
0104.tar.gz unzipped
Old tar /tmp/arxiv_phy/0104.tar.gz removed
Skipped: cond-mat0104348.xml (too few tokens in fulltext)
Skipped: hep-lat0104014.xml (too few tokens in fulltext)
Skipped: hep-ex0104012.xml (too few tokens in fulltext)
Skipped: hep-lat0104005.xml (too few tokens in fulltext)
Skipped: astro-ph0104083.xml (too few tokens in fulltext)
Skipped: cond-mat0104140.xml (too few tokens in fulltext)
Skipped: astro-ph0104218.xml (too few tokens in fulltext)
Skipped: astro-ph0104452.xml (too few tokens in fulltext)
Skipped: cond-mat0104167.xml (too few tokens in fulltext)
Skipped: cond-mat0104551.xml (too few tokens in fulltext)
Papers extracted: 2079 / 2089
Old dir /tmp/arxiv_phy/0104 cleared
Tarball 14 of 337 ...
0411.tar.gz unzipped
Old tar /tmp/arxiv_phy/0411.tar.gz removed
Skipped: astro-ph0411205.xml (too few tokens in fulltext)
Skipped: astro-ph0411338.xml (too few tokens in fulltext)
Skipped: hep-ph0411018.xml (too few tokens in fulltext)
Skipped: nucl-th0411005.xml (too few tokens in fulltext)
Skipped: hep-lat0411018.xml (too few tokens in fulltext)
Skipped: physics0411216.xml (too few tokens in fulltext)
Skipped: nucl-th0411059.xml (too few tokens in fulltext)
Skipped: physics0411123.xml (too few tokens in fulltext)
Papers extracted: 3008 / 3016
Old dir /tmp/arxiv_phy/0411 cleared
Tarball 15 of 337 ...
0301.tar.gz unzipped
Old tar /tmp/arxiv_phy/0301.tar.gz removed
Skipped: cond-mat0301406.xml (too few tokens in fulltext)
Skipped: cond-mat0301627.xml (too few tokens in fulltext)
Skipped: nucl-ex0301007.xml (too few tokens in fulltext)
Skipped: nucl-th0301049.xml (too few tokens in fulltext)
Skipped: hep-ph0301120.xml (too few tokens in fulltext)
Skipped: hep-th0301143.xml (too few tokens in fulltext)
Skipped: cond-mat0301273.xml (too few tokens in fulltext)
Skipped: nucl-th0301040.xml (too few tokens in fulltext)
Skipped: astro-ph0301028.xml (too few tokens in fulltext)
Skipped: gr-qc0301091.xml (too few tokens in fulltext)
Skipped: astro-ph0301520.xml (too few tokens in fulltext)
Papers extracted: 2305 / 2316
Old dir /tmp/arxiv_phy/0301 cleared
Tarball 16 of 337 ...
9911.tar.gz unzipped
Old tar /tmp/arxiv_phy/9911.tar.gz removed
Skipped: hep-ph9911504.xml (too few tokens in fulltext)
Skipped: hep-ph9911298.xml (too few tokens in fulltext)
Skipped: hep-ph9911340.xml (too few tokens in fulltext)
Skipped: astro-ph9911419.xml (too few tokens in fulltext)
Skipped: nucl-th9911023.xml (too few tokens in fulltext)
Papers extracted: 2040 / 2045
Old dir /tmp/arxiv_phy/9911 cleared
Tarball 17 of 337 ...
1505.tar.gz unzipped
Old tar /tmp/arxiv_phy/1505.tar.gz removed
Skipped: 1505.07835.xml (too few tokens in fulltext)
Skipped: 1505.03857.xml (too few tokens in fulltext)
Skipped: 1505.02771.xml (too few tokens in fulltext)
Skipped: 1505.07856.xml (too few tokens in fulltext)
Skipped: 1505.03477.xml (too few tokens in fulltext)
Skipped: 1505.02929.xml (too few tokens in fulltext)
Skipped: 1505.01495.xml (too few tokens in fulltext)
Skipped: 1505.05396.xml (too few tokens in fulltext)
Skipped: 1505.03786.xml (too few tokens in fulltext)
Skipped: 1505.00138.xml (too few tokens in fulltext)
Skipped: 1505.04190.xml (too few tokens in fulltext)
Skipped: 1505.02672.xml (too few tokens in fulltext)
Skipped: 1505.05974.xml (too few tokens in fulltext)
Skipped: 1505.05383.xml (too few tokens in fulltext)
Skipped: 1505.04494.xml (too few tokens in fulltext)
Skipped: 1505.06020.xml (too few tokens in fulltext)
Skipped: 1505.05470.xml (too few tokens in fulltext)
Skipped: 1505.02163.xml (too few tokens in fulltext)
Skipped: 1505.05784.xml (too few tokens in fulltext)
Skipped: 1505.00782.xml (too few tokens in fulltext)
Skipped: 1505.00431.xml (too few tokens in fulltext)
Skipped: 1505.07468.xml (too few tokens in fulltext)
Skipped: 1505.06397.xml (too few tokens in fulltext)
Skipped: 1505.01891.xml (too few tokens in fulltext)
Skipped: 1505.07764.xml (too few tokens in fulltext)
Skipped: 1505.01978.xml (too few tokens in fulltext)
Papers extracted: 3766 / 3792
Old dir /tmp/arxiv_phy/1505 cleared
Tarball 18 of 337 ...
0910.tar.gz unzipped
Old tar /tmp/arxiv_phy/0910.tar.gz removed
Skipped: 0910.2432.xml (too few tokens in fulltext)
Skipped: 0910.0753.xml (too few tokens in fulltext)
Skipped: 0910.4778.xml (too few tokens in fulltext)
Skipped: 0910.4484.xml (too few tokens in fulltext)
Skipped: 0910.5578.xml (too few tokens in fulltext)
Skipped: 0910.3910.xml (too few tokens in fulltext)
Skipped: 0910.2871.xml (too few tokens in fulltext)
Skipped: 0910.4114.xml (too few tokens in fulltext)
Skipped: 0910.5555.xml (too few tokens in fulltext)
Skipped: 0910.0992.xml (too few tokens in fulltext)
Skipped: 0910.0310.xml (too few tokens in fulltext)
Skipped: 0910.4183.xml (too few tokens in fulltext)
Skipped: 0910.5784.xml (too few tokens in fulltext)
Skipped: 0910.0762.xml (too few tokens in fulltext)
Skipped: 0910.0174.xml (too few tokens in fulltext)
Papers extracted: 3730 / 3745
Old dir /tmp/arxiv_phy/0910 cleared
Summary: paper extracted: 135106 of 46580
Tarball 1 of 337 ...
1206.tar.gz unzipped
Old tar /tmp/arxiv_phy/1206.tar.gz removed
Skipped: 1206.5053.xml (too few tokens in fulltext)
Skipped: 1206.0737.xml (too few tokens in fulltext)
Skipped: 1206.6566.xml (too few tokens in fulltext)
Skipped: 1206.0915.xml (too few tokens in fulltext)
Skipped: 1206.0234.xml (too few tokens in fulltext)
Skipped: 1206.1510.xml (too few tokens in fulltext)
Skipped: 1206.1485.xml (too few tokens in fulltext)
Skipped: 1206.1989.xml (too few tokens in fulltext)
Skipped: 1206.1728.xml (too few tokens in fulltext)
Skipped: 1206.1130.xml (too few tokens in fulltext)
Skipped: 1206.6343.xml (too few tokens in fulltext)
Skipped: 1206.1211.xml (too few tokens in fulltext)
Skipped: 1206.7007.xml (too few tokens in fulltext)
Skipped: 1206.3833.xml (too few tokens in fulltext)
Skipped: 1206.6749.xml (too few tokens in fulltext)
Skipped: 1206.4527.xml (too few tokens in fulltext)
Skipped: 1206.4529.xml (too few tokens in fulltext)
Skipped: 1206.2782.xml (too few tokens in fulltext)
Skipped: 1206.0785.xml (too few tokens in fulltext)
Skipped: 1206.4380.xml (too few tokens in fulltext)
Skipped: 1206.1225.xml (too few tokens in fulltext)
Skipped: 1206.1834.xml (too few tokens in fulltext)
Skipped: 1206.0164.xml (too few tokens in fulltext)
Skipped: 1206.7050.xml (too few tokens in fulltext)
Skipped: 1206.2563.xml (too few tokens in fulltext)
Skipped: 1206.1896.xml (too few tokens in fulltext)
Skipped: 1206.3110.xml (too few tokens in fulltext)
Skipped: 1206.2794.xml (too few tokens in fulltext)
Skipped: 1206.7026.xml (too few tokens in fulltext)
Skipped: 1206.5731.xml (too few tokens in fulltext)
Skipped: 1206.6150.xml (too few tokens in fulltext)
Papers extracted: 3749 / 3780
Old dir /tmp/arxiv_phy/1206 cleared
Summary: paper extracted: 131809 of 3780
