Listdir: /home/ad/home/y/yzan/Desktop/Cleanskin/results/cs_lda/fulltext ...
... Listdir done.
Reading metadata... It takes about 1 min
Reading Computer_Science.xml ... 1/1
Collecting categories...
Papers categorized. Summary:
CG : 3009
IT : 25805
AI : 12113
DS : 9632
MS : 816
CC : 4743
DM : 6004
CR : 8387
NI : 9508
LG : 25614
PF : 1049
AR : 1041
SC : 1176
IR : 3391
NE : 3923
CV : 24542
SE : 4772
DB : 3136
PL : 2835
CY : 4330
LO : 6894
CE : 2340
DC : 6680
OH : 1761
MA : 1397
CL : 10405
HC : 2824
DL : 2219
ET : 1245
GT : 4059
RO : 4745
GL : 107
MM : 1325
FL : 2023
SD : 1725
NA : 2501
OS : 298
SY : 7169
GR : 1111
SI : 7771
