Tarball 1 of 337 ...
9712.tar.gz unzipped ...
Old tar /tmp/arxiv/9712.tar.gz removed
Cleaning... 9712.tar.gz
0 files in 3.528594970703125e-06 mins
1 of 337 Done: /tmp/new_arxiv/9712.tar.gz
Old dir /tmp/arxiv/9712 removed
Tarball 2 of 337 ...
9812.tar.gz unzipped ...
Old tar /tmp/arxiv/9812.tar.gz removed
Cleaning... 9812.tar.gz
0 files in 2.757708231608073e-06 mins
2 of 337 Done: /tmp/new_arxiv/9812.tar.gz
Old dir /tmp/arxiv/9812 removed
Tarball 3 of 337 ...
1706.tar.gz unzipped ...
Old tar /tmp/arxiv/1706.tar.gz removed
Cleaning... 1706.tar.gz
Skipped: ParseError at 1706.10174.xml
500 of 8087 ...
1000 of 8087 ...
1500 of 8087 ...
2000 of 8087 ...
2500 of 8087 ...
Skipped: ParseError at 1706.02605.xml
3000 of 8087 ...
3500 of 8087 ...
Skipped: ParseError at 1706.04875.xml
4000 of 8087 ...
4500 of 8087 ...
5000 of 8087 ...
5500 of 8087 ...
Skipped: ParseError at 1706.04468.xml
6000 of 8087 ...
6500 of 8087 ...
Skipped: ParseError at 1706.05903.xml
7000 of 8087 ...
Skipped: ParseError at 1706.07678.xml
7500 of 8087 ...
Skipped: ParseError at 1706.01884.xml
Skipped: ParseError at 1706.06462.xml
Skipped: ParseError at 1706.04759.xml
8000 of 8087 ...
8087 of 8087 ...
8087 files in 6.743223750591278 mins
3 of 337 Done: /tmp/new_arxiv/1706.tar.gz
Old dir /tmp/arxiv/1706 removed
Tarball 4 of 337 ...
9705.tar.gz unzipped ...
Old tar /tmp/arxiv/9705.tar.gz removed
Cleaning... 9705.tar.gz
Skipped: ParseError at gr-qc9705017.xml
500 of 1429 ...
1000 of 1429 ...
1429 of 1429 ...
1429 files in 0.8478383302688599 mins
4 of 337 Done: /tmp/new_arxiv/9705.tar.gz
Old dir /tmp/arxiv/9705 removed
Tarball 5 of 337 ...
9905.tar.gz unzipped ...
Old tar /tmp/arxiv/9905.tar.gz removed
Cleaning... 9905.tar.gz
Skipped: ParseError at hep-ph9905507.xml
500 of 2025 ...
Skipped: ParseError at math9905174.xml
1000 of 2025 ...
Skipped: ParseError at cond-mat9905090.xml
Skipped: ParseError at astro-ph9905293.xml
1500 of 2025 ...
Skipped: ParseError at hep-th9905229.xml
2000 of 2025 ...
2025 of 2025 ...
2025 files in 1.0307398200035096 mins
5 of 337 Done: /tmp/new_arxiv/9905.tar.gz
Old dir /tmp/arxiv/9905 removed
Tarball 6 of 337 ...
1902.tar.gz unzipped ...
Old tar /tmp/arxiv/1902.tar.gz removed
Cleaning... 1902.tar.gz
Skipped: ParseError at 1902.05020.xml
Skipped: ParseError at 1902.08158.xml
500 of 8609 ...
1000 of 8609 ...
Skipped: ParseError at 1902.09402.xml
1500 of 8609 ...
Skipped: ParseError at 1902.10161.xml
2000 of 8609 ...
Skipped: ParseError at 1902.02752.xml
2500 of 8609 ...
3000 of 8609 ...
3500 of 8609 ...
4000 of 8609 ...
4500 of 8609 ...
5000 of 8609 ...
Skipped: ParseError at 1902.06939.xml
5500 of 8609 ...
6000 of 8609 ...
6500 of 8609 ...
Skipped: ParseError at 1902.03598.xml
7000 of 8609 ...
7500 of 8609 ...
8000 of 8609 ...
Skipped: ParseError at 1902.11097.xml

Tarball 1 of 332 ...
1902.tar.gz unzipped ...
Old tar /tmp/arxiv/1902.tar.gz removed
Cleaning... 1902.tar.gz
Skipped: ParseError at 1902.05020.xml
Skipped: ParseError at 1902.08158.xml
500 of 8609 ...
1000 of 8609 ...
Skipped: ParseError at 1902.09402.xml
1500 of 8609 ...
Skipped: ParseError at 1902.10161.xml
2000 of 8609 ...
Skipped: ParseError at 1902.02752.xml
2500 of 8609 ...
3000 of 8609 ...
3500 of 8609 ...
4000 of 8609 ...
4500 of 8609 ...
5000 of 8609 ...
Skipped: ParseError at 1902.06939.xml
5500 of 8609 ...
6000 of 8609 ...
6500 of 8609 ...
Skipped: ParseError at 1902.03598.xml
7000 of 8609 ...
7500 of 8609 ...
8000 of 8609 ...
Skipped: ParseError at 1902.11097.xml
8500 of 8609 ...
8609 of 8609 ...
8609 files in 6.620367809136709 mins
1 of 332 Done: /tmp/new_arxiv/1902.tar.gz
Old dir /tmp/arxiv/1902 removed
Tarball 2 of 332 ...
9603.tar.gz unzipped ...
Old tar /tmp/arxiv/9603.tar.gz removed
Cleaning... 9603.tar.gz
Skipped: ParseError at cond-mat9603046.xml
Skipped: ParseError at q-alg9603028.xml
500 of 1003 ...
Skipped: ParseError at patt-sol9603002.xml
1000 of 1003 ...
1003 of 1003 ...
1003 files in 0.5549409429232279 mins
2 of 332 Done: /tmp/new_arxiv/9603.tar.gz
Old dir /tmp/arxiv/9603 removed
Tarball 3 of 332 ...
0401.tar.gz unzipped ...
Old tar /tmp/arxiv/0401.tar.gz removed
Cleaning... 0401.tar.gz
Skipped: ParseError at nucl-ex0401005.xml
500 of 2704 ...
Skipped: ParseError at hep-th0401151.xml
1000 of 2704 ...
1500 of 2704 ...
Skipped: ParseError at math0401207.xml
Skipped: ParseError at astro-ph0401548.xml
Skipped: ParseError at hep-ex0401006.xml
2000 of 2704 ...
2500 of 2704 ...
Skipped: ParseError at physics0401098.xml
2704 of 2704 ...
2704 files in 1.5804709235827128 mins
3 of 332 Done: /tmp/new_arxiv/0401.tar.gz
Old dir /tmp/arxiv/0401 removed
Tarball 4 of 332 ...
0511.tar.gz unzipped ...
Old tar /tmp/arxiv/0511.tar.gz removed
Cleaning... 0511.tar.gz
Skipped: ParseError at hep-th0511258.xml
500 of 3773 ...
1000 of 3773 ...
1500 of 3773 ...
Skipped: ParseError at hep-ex0511048.xml
Skipped: ParseError at hep-ph0511049.xml
2000 of 3773 ...
Skipped: ParseError at astro-ph0511356.xml
2500 of 3773 ...
Skipped: ParseError at astro-ph0511109.xml
Skipped: ParseError at hep-ex0511018.xml
3000 of 3773 ...
Skipped: ParseError at hep-ex0511015.xml
3500 of 3773 ...
3773 of 3773 ...
3773 files in 2.3662435173988343 mins
4 of 332 Done: /tmp/new_arxiv/0511.tar.gz
Old dir /tmp/arxiv/0511 removed
Tarball 5 of 332 ...
9609.tar.gz unzipped ...
Old tar /tmp/arxiv/9609.tar.gz removed
Cleaning... 9609.tar.gz
Skipped: ParseError at astro-ph9609108.xml
Skipped: ParseError at cond-mat9609197.xml
500 of 1318 ...
Skipped: ParseError at cond-mat9609033.xml
Skipped: ParseError at q-alg9609010.xml
1000 of 1318 ...
Skipped: ParseError at hep-ex9609002.xml
1318 of 1318 ...
1318 files in 0.7091886321703593 mins
5 of 332 Done: /tmp/new_arxiv/9609.tar.gz
Old dir /tmp/arxiv/9609 removed
Tarball 6 of 332 ...
9805.tar.gz unzipped ...
Old tar /tmp/arxiv/9805.tar.gz removed
Cleaning... 9805.tar.gz
500 of 1777 ...
Skipped: ParseError at astro-ph9805140.xml
1000 of 1777 ...
Skipped: ParseError at cond-mat9805040.xml
Skipped: ParseError at astro-ph9805286.xml
1500 of 1777 ...
1777 of 1777 ...
1777 files in 1.4551572720209758 mins
6 of 332 Done: /tmp/new_arxiv/9805.tar.gz
Old dir /tmp/arxiv/9805 removed
Tarball 7 of 332 ...
1309.tar.gz unzipped ...
Old tar /tmp/arxiv/1309.tar.gz removed
Cleaning... 1309.tar.gz
500 of 6419 ...
1000 of 6419 ...
1500 of 6419 ...
2000 of 6419 ...
2500 of 6419 ...
Skipped: ParseError at 1309.6269.xml
3000 of 6419 ...
Skipped: ParseError at 1309.2286.xml
Skipped: ParseError at 1309.1947.xml
3500 of 6419 ...
4000 of 6419 ...
Skipped: ParseError at 1309.3603.xml
4500 of 6419 ...
5000 of 6419 ...
Skipped: ParseError at 1309.1766.xml
Skipped: ParseError at 1309.0726.xml
5500 of 6419 ...
6000 of 6419 ...
6419 of 6419 ...
6419 files in 8.360713891188304 mins
7 of 332 Done: /tmp/new_arxiv/1309.tar.gz
Old dir /tmp/arxiv/1309 removed
Tarball 8 of 332 ...
0709.tar.gz unzipped ...
Old tar /tmp/arxiv/0709.tar.gz removed
Cleaning... 0709.tar.gz
500 of 4038 ...
Skipped: ParseError at 0709.4143.xml
1000 of 4038 ...
Skipped: ParseError at 0709.4397.xml
Skipped: ParseError at 0709.1907.xml
1500 of 4038 ...
Skipped: ParseError at 0709.3887.xml
2000 of 4038 ...
2500 of 4038 ...
Skipped: ParseError at 0709.3744.xml
Skipped: ParseError at 0709.4408.xml
Skipped: ParseError at 0709.2635.xml
3000 of 4038 ...
3500 of 4038 ...
4000 of 4038 ...
4038 of 4038 ...
4038 files in 3.769508008162181 mins
8 of 332 Done: /tmp/new_arxiv/0709.tar.gz
Old dir /tmp/arxiv/0709 removed
Tarball 9 of 332 ...
1709.tar.gz unzipped ...
Old tar /tmp/arxiv/1709.tar.gz removed
Cleaning... 1709.tar.gz
Skipped: ParseError at 1709.02459.xml
Skipped: ParseError at 1709.03184.xml
500 of 8260 ...
Skipped: ParseError at 1709.03489.xml
Skipped: ParseError at 1709.07306.xml
1000 of 8260 ...
Skipped: ParseError at 1709.07285.xml
1500 of 8260 ...
2000 of 8260 ...
Skipped: ParseError at 1709.09102.xml
