Tarball 1 of 1 ...
Tarball 1 of 1 ...
Tarball 1 of 1 ...
1801.tar.gz unzipped
Tarball 1 of 1 ...
Old tar /tmp/arxiv/1801.tar.gz removed
Tarball 1 of 1 ...
Tarball 1 of 1 ...
Skipped: 1801.10339.xml (abnormal long tokens)
Skipped: 1801.03597.xml (abnormal long tokens)
Skipped: 1801.00563.xml (abnormal long tokens)
Skipped: 1801.03365.xml (abnormal long tokens)
Skipped: 1801.01767.xml (abnormal long tokens)
Skipped: 1801.05394.xml (abnormal long tokens)
Skipped: 1801.03728.xml (abnormal long tokens)
Skipped: 1801.01973.xml (abnormal long tokens)
Skipped: 1801.08467.xml (abnormal long tokens)
Skipped: 1801.07792.xml (abnormal long tokens)
Skipped: 1801.07937.xml (abnormal long tokens)
Skipped: 1801.03717.xml (abnormal long tokens)
Skipped: 1801.02950.xml (abnormal long tokens)
Skipped: 1801.06268.xml (abnormal long tokens)
Skipped: 1801.06742.xml (abnormal long tokens)
Skipped: 1801.09846.xml (abnormal long tokens)
Skipped: 1801.00644.xml (abnormal long tokens)
Skipped: 1801.02124.xml (abnormal long tokens)
Skipped: 1801.02672.xml (abnormal long tokens)
Skipped: 1801.07150.xml (abnormal long tokens)
Skipped: 1801.05039.xml (abnormal long tokens)
Skipped: 1801.04153.xml (abnormal long tokens)
Skipped: 1801.06965.xml (abnormal long tokens)
Skipped: 1801.04654.xml (abnormal long tokens)
Skipped: 1801.06271.xml (abnormal long tokens)
Skipped: 1801.04540.xml (abnormal long tokens)
Skipped: 1801.04613.xml (abnormal long tokens)
Skipped: 1801.09053.xml (abnormal long tokens)
Skipped: 1801.00906.xml (abnormal long tokens)
Skipped: 1801.03910.xml (abnormal long tokens)
Skipped: 1801.10585.xml (abnormal long tokens)
Skipped: 1801.05224.xml (abnormal long tokens)
Skipped: 1801.02548.xml (abnormal long tokens)
Skipped: 1801.05599.xml (abnormal long tokens)
Skipped: 1801.09286.xml (abnormal long tokens)
Skipped: 1801.06237.xml (abnormal long tokens)
Skipped: 1801.09373.xml (abnormal long tokens)
Skipped: 1801.06449.xml (abnormal long tokens)
Skipped: 1801.09624.xml (abnormal long tokens)
Skipped: 1801.10295.xml (abnormal long tokens)
Skipped: 1801.04725.xml (abnormal long tokens)
Skipped: 1801.00965.xml (abnormal long tokens)
Skipped: 1801.01404.xml (abnormal long tokens)
Skipped: 1801.06391.xml (abnormal long tokens)
Skipped: 1801.08284.xml (abnormal long tokens)
Skipped: 1801.10242.xml (abnormal long tokens)
Skipped: 1801.04644.xml (abnormal long tokens)
Skipped: 1801.08754.xml (abnormal long tokens)
Skipped: 1801.07892.xml (abnormal long tokens)
Skipped: 1801.08019.xml (abnormal long tokens)
Skipped: 1801.03558.xml (abnormal long tokens)
Skipped: 1801.07423.xml (abnormal long tokens)
Skipped: 1801.08607.xml (abnormal long tokens)
Skipped: 1801.05917.xml (abnormal long tokens)
Skipped: 1801.08613.xml (abnormal long tokens)
Skipped: 1801.05365.xml (abnormal long tokens)
Skipped: 1801.07741.xml (abnormal long tokens)
Skipped: 1801.04199.xml (abnormal long tokens)
Skipped: 1801.01081.xml (abnormal long tokens)
Skipped: 1801.04299.xml (abnormal long tokens)
Skipped: 1801.08706.xml (abnormal long tokens)
Skipped: 1801.09851.xml (abnormal long tokens)
Skipped: 1801.02198.xml (abnormal long tokens)
Skipped: 1801.02225.xml (abnormal long tokens)
Skipped: 1801.03253.xml (abnormal long tokens)
Skipped: 1801.07614.xml (abnormal long tokens)
Skipped: 1801.01075.xml (abnormal long tokens)
Skipped: 1801.02909.xml (abnormal long tokens)
Skipped: 1801.08761.xml (abnormal long tokens)
Skipped: 1801.08093.xml (abnormal long tokens)
Skipped: 1801.10269.xml (abnormal long tokens)
Skipped: 1801.02916.xml (abnormal long tokens)
Skipped: 1801.08329.xml (abnormal long tokens)
Skipped: 1801.06274.xml (abnormal long tokens)
Skipped: 1801.01824.xml (abnormal long tokens)
Skipped: 1801.03996.xml (abnormal long tokens)
Skipped: 1801.00455.xml (abnormal long tokens)
Skipped: 1801.07355.xml (abnormal long tokens)
Skipped: 1801.09046.xml (abnormal long tokens)
Skipped: 1801.10442.xml (abnormal long tokens)
Skipped: 1801.08694.xml (abnormal long tokens)
Skipped: 1801.06043.xml (abnormal long tokens)
Skipped: 1801.06920.xml (abnormal long tokens)
Skipped: 1801.04803.xml (abnormal long tokens)
Skipped: 1801.05134.xml (abnormal long tokens)
Skipped: 1801.08819.xml (abnormal long tokens)
Skipped: 1801.09039.xml (abnormal long tokens)
Skipped: 1801.04928.xml (abnormal long tokens)
Skipped: 1801.00540.xml (abnormal long tokens)
Skipped: 1801.03533.xml (abnormal long tokens)
Skipped: 1801.09430.xml (abnormal long tokens)
Skipped: 1801.03695.xml (abnormal long tokens)
Skipped: 1801.00349.xml (abnormal long tokens)
Skipped: 1801.09444.xml (abnormal long tokens)
Skipped: 1801.05117.xml (abnormal long tokens)
Skipped: 1801.02789.xml (abnormal long tokens)
Skipped: 1801.03890.xml (abnormal long tokens)
Skipped: 1801.09256.xml (abnormal long tokens)
Skipped: 1801.06736.xml (abnormal long tokens)
Skipped: 1801.02385.xml (abnormal long tokens)
Skipped: 1801.03425.xml (abnormal long tokens)
Skipped: 1801.02687.xml (abnormal long tokens)
Skipped: 1801.07145.xml (abnormal long tokens)
Skipped: 1801.02384.xml (abnormal long tokens)
Skipped: 1801.09530.xml (abnormal long tokens)
Skipped: 1801.01899.xml (abnormal long tokens)
Skipped: 1801.03431.xml (abnormal long tokens)
Skipped: 1801.05338.xml (abnormal long tokens)
Skipped: 1801.05075.xml (abnormal long tokens)
Skipped: 1801.07351.xml (abnormal long tokens)
Skipped: 1801.08353.xml (abnormal long tokens)
Skipped: 1801.06400.xml (abnormal long tokens)
Skipped: 1801.04774.xml (abnormal long tokens)
Skipped: 1801.09271.xml (abnormal long tokens)
Skipped: 1801.06733.xml (abnormal long tokens)
Skipped: 1801.02101.xml (abnormal long tokens)
Skipped: 1801.07484.xml (abnormal long tokens)
Skipped: 1801.07985.xml (abnormal long tokens)
Skipped: 1801.00826.xml (abnormal long tokens)
Skipped: 1801.02769.xml (abnormal long tokens)
Skipped: 1801.06172.xml (abnormal long tokens)
Skipped: 1801.04528.xml (abnormal long tokens)
Skipped: 1801.05610.xml (abnormal long tokens)
Skipped: 1801.01687.xml (abnormal long tokens)
Skipped: 1801.09798.xml (abnormal long tokens)
Skipped: 1801.03546.xml (abnormal long tokens)
Skipped: 1801.02607.xml (abnormal long tokens)
Skipped: 1801.02239.xml (abnormal long tokens)
Skipped: 1801.00428.xml (abnormal long tokens)
Skipped: 1801.07807.xml (abnormal long tokens)
Skipped: 1801.07174.xml (abnormal long tokens)
Skipped: 1801.04590.xml (abnormal long tokens)
Skipped: 1801.07009.xml (abnormal long tokens)
Skipped: 1801.06956.xml (abnormal long tokens)
Skipped: 1801.01953.xml (abnormal long tokens)
Skipped: 1801.10483.xml (abnormal long tokens)
Skipped: 1801.01681.xml (abnormal long tokens)
Skipped: 1801.05032.xml (abnormal long tokens)
Skipped: 1801.06861.xml (abnormal long tokens)
Skipped: 1801.06540.xml (abnormal long tokens)
Skipped: 1801.05989.xml (abnormal long tokens)
Skipped: 1801.10519.xml (abnormal long tokens)
Skipped: 1801.06750.xml (abnormal long tokens)
Skipped: 1801.02664.xml (abnormal long tokens)
Skipped: 1801.06302.xml (abnormal long tokens)
Skipped: 1801.05844.xml (abnormal long tokens)
Skipped: 1801.08191.xml (abnormal long tokens)
Skipped: 1801.01423.xml (abnormal long tokens)
Skipped: 1801.05678.xml (abnormal long tokens)
Skipped: 1801.04982.xml (abnormal long tokens)
Skipped: 1801.03145.xml (abnormal long tokens)
Skipped: 1801.03049.xml (abnormal long tokens)
Skipped: 1801.08100.xml (abnormal long tokens)
Skipped: 1801.06027.xml (abnormal long tokens)
Skipped: 1801.08757.xml (abnormal long tokens)
Skipped: 1801.02334.xml (abnormal long tokens)
Skipped: 1801.00870.xml (abnormal long tokens)
Skipped: 1801.01571.xml (abnormal long tokens)
Skipped: 1801.05164.xml (abnormal long tokens)
Skipped: 1801.06605.xml (abnormal long tokens)
Skipped: 1801.01085.xml (abnormal long tokens)
Skipped: 1801.10545.xml (abnormal long tokens)
Skipped: 1801.05926.xml (abnormal long tokens)
Skipped: 1801.02685.xml (abnormal long tokens)
Skipped: 1801.05366.xml (abnormal long tokens)
Skipped: 1801.00880.xml (abnormal long tokens)
Skipped: 1801.02367.xml (abnormal long tokens)
Skipped: 1801.02609.xml (abnormal long tokens)
Skipped: 1801.04705.xml (abnormal long tokens)
Skipped: 1801.05038.xml (abnormal long tokens)
Skipped: 1801.07319.xml (abnormal long tokens)
Skipped: 1801.04062.xml (abnormal long tokens)
Skipped: 1801.05240.xml (abnormal long tokens)
Skipped: 1801.03622.xml (abnormal long tokens)
Skipped: 1801.09774.xml (abnormal long tokens)
Skipped: 1801.03233.xml (abnormal long tokens)
Skipped: 1801.10056.xml (abnormal long tokens)
Skipped: 1801.05659.xml (abnormal long tokens)
Skipped: 1801.03314.xml (abnormal long tokens)
Skipped: 1801.07372.xml (abnormal long tokens)
Skipped: 1801.00718.xml (abnormal long tokens)
Skipped: 1801.06161.xml (abnormal long tokens)
Skipped: 1801.01708.xml (abnormal long tokens)
Skipped: 1801.04380.xml (abnormal long tokens)
Skipped: 1801.03009.xml (abnormal long tokens)
Skipped: 1801.04310.xml (abnormal long tokens)
Skipped: 1801.01357.xml (abnormal long tokens)
Skipped: 1801.04702.xml (abnormal long tokens)
Skipped: 1801.03714.xml (abnormal long tokens)
Skipped: 1801.06421.xml (abnormal long tokens)
Skipped: 1801.00209.xml (abnormal long tokens)
Skipped: 1801.01563.xml (abnormal long tokens)
Skipped: 1801.09946.xml (abnormal long tokens)
Skipped: 1801.01665.xml (abnormal long tokens)
Skipped: 1801.06309.xml (abnormal long tokens)
Skipped: 1801.07430.xml (abnormal long tokens)
Skipped: 1801.00734.xml (abnormal long tokens)
Skipped: 1801.09345.xml (abnormal long tokens)
Skipped: 1801.04242.xml (abnormal long tokens)
Skipped: 1801.05306.xml (abnormal long tokens)
Skipped: 1801.03329.xml (abnormal long tokens)
Skipped: 1801.04962.xml (abnormal long tokens)
Skipped: 1801.05884.xml (abnormal long tokens)
Skipped: 1801.00345.xml (abnormal long tokens)
Skipped: 1801.09288.xml (abnormal long tokens)
Skipped: 1801.10563.xml (abnormal long tokens)
Skipped: 1801.07194.xml (abnormal long tokens)
Skipped: 1801.07316.xml (abnormal long tokens)
Skipped: 1801.05398.xml (abnormal long tokens)
Skipped: 1801.03578.xml (abnormal long tokens)
Skipped: 1801.00269.xml (abnormal long tokens)
Skipped: 1801.03317.xml (abnormal long tokens)
Skipped: 1801.04907.xml (abnormal long tokens)
Skipped: 1801.03228.xml (abnormal long tokens)
Skipped: 1801.05613.xml (abnormal long tokens)
Skipped: 1801.01039.xml (abnormal long tokens)
Skipped: 1801.00688.xml (abnormal long tokens)
Skipped: 1801.04849.xml (abnormal long tokens)
Skipped: 1801.10492.xml (abnormal long tokens)
Skipped: 1801.07541.xml (abnormal long tokens)
Skipped: 1801.09827.xml (abnormal long tokens)
Skipped: 1801.07243.xml (abnormal long tokens)
Skipped: 1801.08629.xml (abnormal long tokens)
Skipped: 1801.08618.xml (abnormal long tokens)
Skipped: 1801.09103.xml (abnormal long tokens)
Skipped: 1801.02031.xml (abnormal long tokens)
Skipped: 1801.03589.xml (abnormal long tokens)
Skipped: 1801.05387.xml (abnormal long tokens)
Skipped: 1801.04015.xml (abnormal long tokens)
Skipped: 1801.10239.xml (abnormal long tokens)
Skipped: 1801.07779.xml (abnormal long tokens)
Skipped: 1801.07239.xml (abnormal long tokens)
Skipped: 1801.00984.xml (abnormal long tokens)
Skipped: 1801.01450.xml (abnormal long tokens)
Skipped: 1801.00384.xml (abnormal long tokens)
Skipped: 1801.08599.xml (abnormal long tokens)
Skipped: 1801.03160.xml (abnormal long tokens)
Skipped: 1801.05629.xml (abnormal long tokens)
Skipped: 1801.02263.xml (abnormal long tokens)
Skipped: 1801.09633.xml (abnormal long tokens)
Skipped: 1801.07446.xml (abnormal long tokens)
Skipped: 1801.04735.xml (abnormal long tokens)
Skipped: 1801.06278.xml (abnormal long tokens)
Skipped: 1801.03800.xml (abnormal long tokens)
Skipped: 1801.03962.xml (abnormal long tokens)
Skipped: 1801.09034.xml (abnormal long tokens)
Skipped: 1801.00129.xml (abnormal long tokens)
Skipped: 1801.02591.xml (abnormal long tokens)
Skipped: 1801.00715.xml (abnormal long tokens)
Skipped: 1801.03712.xml (abnormal long tokens)
Skipped: 1801.00605.xml (abnormal long tokens)
Skipped: 1801.06717.xml (abnormal long tokens)
Skipped: 1801.09847.xml (abnormal long tokens)
Skipped: 1801.05694.xml (abnormal long tokens)
Skipped: 1801.07299.xml (abnormal long tokens)
Skipped: 1801.10408.xml (abnormal long tokens)
Skipped: 1801.05615.xml (abnormal long tokens)
Skipped: 1801.01114.xml (abnormal long tokens)
Skipped: 1801.09626.xml (abnormal long tokens)
Skipped: 1801.06402.xml (abnormal long tokens)
Skipped: 1801.05741.xml (abnormal long tokens)
Skipped: 1801.04107.xml (abnormal long tokens)
Skipped: 1801.05521.xml (abnormal long tokens)
Skipped: 1801.07449.xml (abnormal long tokens)
Skipped: 1801.05881.xml (abnormal long tokens)
Skipped: 1801.02308.xml (abnormal long tokens)
Skipped: 1801.10571.xml (abnormal long tokens)
Skipped: 1801.08808.xml (abnormal long tokens)
Skipped: 1801.09992.xml (abnormal long tokens)
Skipped: 1801.04403.xml (abnormal long tokens)
Skipped: 1801.03484.xml (abnormal long tokens)
Skipped: 1801.06447.xml (abnormal long tokens)
Skipped: 1801.03464.xml (abnormal long tokens)
Skipped: 1801.08928.xml (abnormal long tokens)
Skipped: 1801.07564.xml (abnormal long tokens)
Skipped: 1801.04161.xml (abnormal long tokens)
Skipped: 1801.07965.xml (abnormal long tokens)
Skipped: 1801.08410.xml (abnormal long tokens)
Skipped: 1801.07400.xml (abnormal long tokens)
Skipped: 1801.10228.xml (abnormal long tokens)
Skipped: 1801.07492.xml (abnormal long tokens)
Skipped: 1801.09746.xml (abnormal long tokens)
Skipped: 1801.01072.xml (abnormal long tokens)
Skipped: 1801.08676.xml (abnormal long tokens)
Skipped: 1801.10270.xml (abnormal long tokens)
Skipped: 1801.05606.xml (abnormal long tokens)
Skipped: 1801.06029.xml (abnormal long tokens)
Skipped: 1801.01557.xml (abnormal long tokens)
Skipped: 1801.07880.xml (abnormal long tokens)
Skipped: 1801.02598.xml (abnormal long tokens)
Skipped: 1801.01443.xml (abnormal long tokens)
Skipped: 1801.05731.xml (abnormal long tokens)
Skipped: 1801.08558.xml (abnormal long tokens)
Skipped: 1801.10300.xml (abnormal long tokens)
Skipped: 1801.07362.xml (abnormal long tokens)
Skipped: 1801.10476.xml (abnormal long tokens)
Skipped: 1801.03462.xml (abnormal long tokens)
Skipped: 1801.07507.xml (abnormal long tokens)
Skipped: 1801.03175.xml (abnormal long tokens)
Skipped: 1801.09466.xml (abnormal long tokens)
Skipped: 1801.10386.xml (abnormal long tokens)
Skipped: 1801.01174.xml (abnormal long tokens)
Skipped: 1801.09223.xml (abnormal long tokens)
Skipped: 1801.02094.xml (abnormal long tokens)
Skipped: 1801.04263.xml (abnormal long tokens)
Skipped: 1801.06428.xml (abnormal long tokens)
Skipped: 1801.09128.xml (abnormal long tokens)
Skipped: 1801.10198.xml (abnormal long tokens)
Skipped: 1801.04420.xml (abnormal long tokens)
Skipped: 1801.03164.xml (abnormal long tokens)
Skipped: 1801.05968.xml (abnormal long tokens)
Skipped: 1801.08214.xml (abnormal long tokens)
Skipped: 1801.10324.xml (abnormal long tokens)
Skipped: 1801.02982.xml (abnormal long tokens)
Skipped: 1801.08380.xml (abnormal long tokens)
Skipped: 1801.04882.xml (abnormal long tokens)
Skipped: 1801.07029.xml (abnormal long tokens)
Skipped: 1801.04813.xml (abnormal long tokens)
Skipped: 1801.07030.xml (abnormal long tokens)
Skipped: 1801.02440.xml (abnormal long tokens)
Skipped: 1801.07518.xml (abnormal long tokens)
Skipped: 1801.00062.xml (abnormal long tokens)
Skipped: 1801.01615.xml (abnormal long tokens)
Skipped: 1801.04569.xml (abnormal long tokens)
Skipped: 1801.09354.xml (abnormal long tokens)
Skipped: 1801.07962.xml (abnormal long tokens)
Skipped: 1801.01527.xml (abnormal long tokens)
Skipped: 1801.00318.xml (abnormal long tokens)
Skipped: 1801.00947.xml (abnormal long tokens)
Skipped: 1801.01768.xml (abnormal long tokens)
Skipped: 1801.10022.xml (abnormal long tokens)
Skipped: 1801.05132.xml (abnormal long tokens)
Skipped: 1801.02780.xml (abnormal long tokens)
Skipped: 1801.03986.xml (abnormal long tokens)
Skipped: 1801.04354.xml (abnormal long tokens)
Skipped: 1801.00961.xml (abnormal long tokens)
Skipped: 1801.01932.xml (abnormal long tokens)
Skipped: 1801.08957.xml (abnormal long tokens)
Skipped: 1801.06879.xml (abnormal long tokens)
Skipped: 1801.03355.xml (abnormal long tokens)
Skipped: 1801.10562.xml (abnormal long tokens)
Skipped: 1801.00548.xml (abnormal long tokens)
Skipped: 1801.07357.xml (abnormal long tokens)
Skipped: 1801.09356.xml (abnormal long tokens)
Skipped: 1801.03691.xml (abnormal long tokens)
Skipped: 1801.07555.xml (abnormal long tokens)
Skipped: 1801.05216.xml (abnormal long tokens)
Skipped: 1801.05391.xml (abnormal long tokens)
Skipped: 1801.06436.xml (abnormal long tokens)
Skipped: 1801.00551.xml (abnormal long tokens)
Skipped: 1801.05210.xml (abnormal long tokens)
Skipped: 1801.06761.xml (abnormal long tokens)
Skipped: 1801.02175.xml (abnormal long tokens)
Skipped: 1801.05159.xml (abnormal long tokens)
Skipped: 1801.05855.xml (abnormal long tokens)
Skipped: 1801.04669.xml (abnormal long tokens)
Skipped: 1801.00215.xml (abnormal long tokens)
Skipped: 1801.05078.xml (abnormal long tokens)
Skipped: 1801.05037.xml (abnormal long tokens)
Skipped: 1801.08354.xml (abnormal long tokens)
Skipped: 1801.06107.xml (abnormal long tokens)
Skipped: 1801.10118.xml (abnormal long tokens)
Skipped: 1801.06597.xml (abnormal long tokens)
Skipped: 1801.06457.xml (abnormal long tokens)
Skipped: 1801.05284.xml (abnormal long tokens)
Skipped: 1801.02193.xml (abnormal long tokens)
Skipped: 1801.02480.xml (abnormal long tokens)
Skipped: 1801.01203.xml (abnormal long tokens)
Skipped: 1801.00588.xml (abnormal long tokens)
Skipped: 1801.07618.xml (abnormal long tokens)
Skipped: 1801.08094.xml (abnormal long tokens)
Skipped: 1801.05278.xml (abnormal long tokens)
Skipped: 1801.02107.xml (abnormal long tokens)
Skipped: 1801.00354.xml (abnormal long tokens)
Skipped: 1801.06934.xml (abnormal long tokens)
Skipped: 1801.09678.xml (abnormal long tokens)
Skipped: 1801.06423.xml (abnormal long tokens)
Skipped: 1801.01275.xml (abnormal long tokens)
Skipped: 1801.07487.xml (abnormal long tokens)
Skipped: 1801.02294.xml (abnormal long tokens)
Skipped: 1801.07193.xml (abnormal long tokens)
Skipped: 1801.08052.xml (abnormal long tokens)
Skipped: 1801.02722.xml (abnormal long tokens)
Skipped: 1801.04541.xml (abnormal long tokens)
Skipped: 1801.06050.xml (abnormal long tokens)
Skipped: 1801.09955.xml (abnormal long tokens)
Skipped: 1801.08088.xml (abnormal long tokens)
Skipped: 1801.08693.xml (abnormal long tokens)
Skipped: 1801.00912.xml (abnormal long tokens)
Skipped: 1801.01618.xml (abnormal long tokens)
Skipped: 1801.09308.xml (abnormal long tokens)
Skipped: 1801.10141.xml (abnormal long tokens)
Skipped: 1801.03252.xml (abnormal long tokens)
Skipped: 1801.02974.xml (abnormal long tokens)
Skipped: 1801.03816.xml (abnormal long tokens)
Skipped: 1801.07800.xml (abnormal long tokens)
Skipped: 1801.00075.xml (abnormal long tokens)
Skipped: 1801.08450.xml (abnormal long tokens)
Skipped: 1801.09496.xml (abnormal long tokens)
Skipped: 1801.10225.xml (abnormal long tokens)
Skipped: 1801.06066.xml (abnormal long tokens)
Skipped: 1801.07757.xml (abnormal long tokens)
Skipped: 1801.04348.xml (abnormal long tokens)
Skipped: 1801.05558.xml (abnormal long tokens)
Skipped: 1801.05534.xml (abnormal long tokens)
Skipped: 1801.09556.xml (abnormal long tokens)
Skipped: 1801.05242.xml (abnormal long tokens)
Skipped: 1801.01757.xml (abnormal long tokens)
Skipped: 1801.01134.xml (abnormal long tokens)
Skipped: 1801.09665.xml (abnormal long tokens)
Skipped: 1801.03161.xml (abnormal long tokens)
Skipped: 1801.00472.xml (abnormal long tokens)
Skipped: 1801.09597.xml (abnormal long tokens)
Skipped: 1801.09361.xml (abnormal long tokens)
Skipped: 1801.03855.xml (abnormal long tokens)
Skipped: 1801.08133.xml (abnormal long tokens)
Skipped: 1801.10117.xml (abnormal long tokens)
Skipped: 1801.09093.xml (abnormal long tokens)
Skipped: 1801.05932.xml (abnormal long tokens)
Skipped: 1801.02310.xml (abnormal long tokens)
Skipped: 1801.07599.xml (abnormal long tokens)
Skipped: 1801.02651.xml (abnormal long tokens)
Skipped: 1801.04668.xml (abnormal long tokens)
Skipped: 1801.01612.xml (abnormal long tokens)
Skipped: 1801.10321.xml (abnormal long tokens)
Skipped: 1801.03609.xml (abnormal long tokens)
Skipped: 1801.00316.xml (abnormal long tokens)
Skipped: 1801.09749.xml (abnormal long tokens)
Skipped: 1801.06593.xml (abnormal long tokens)
Skipped: 1801.02571.xml (abnormal long tokens)
Skipped: 1801.04084.xml (abnormal long tokens)
Skipped: 1801.09526.xml (abnormal long tokens)
Skipped: 1801.05124.xml (abnormal long tokens)
Skipped: 1801.02068.xml (abnormal long tokens)
Skipped: 1801.00609.xml (abnormal long tokens)
Skipped: 1801.08991.xml (abnormal long tokens)
Skipped: 1801.05604.xml (abnormal long tokens)
Skipped: 1801.07948.xml (abnormal long tokens)
Skipped: 1801.04223.xml (abnormal long tokens)
Skipped: 1801.06679.xml (abnormal long tokens)
Skipped: 1801.07839.xml (abnormal long tokens)
Skipped: 1801.05040.xml (abnormal long tokens)
Skipped: 1801.07215.xml (abnormal long tokens)
Skipped: 1801.05479.xml (abnormal long tokens)
Skipped: 1801.05168.xml (abnormal long tokens)
Skipped: 1801.09637.xml (abnormal long tokens)
Skipped: 1801.07412.xml (abnormal long tokens)
Skipped: 1801.03265.xml (abnormal long tokens)
Skipped: 1801.08186.xml (abnormal long tokens)
Skipped: 1801.03857.xml (abnormal long tokens)
Skipped: 1801.09281.xml (abnormal long tokens)
Skipped: 1801.08155.xml (abnormal long tokens)
Skipped: 1801.06279.xml (abnormal long tokens)
Skipped: 1801.05585.xml (abnormal long tokens)
Skipped: 1801.08322.xml (abnormal long tokens)
Skipped: 1801.02753.xml (abnormal long tokens)
Skipped: 1801.10202.xml (abnormal long tokens)
Skipped: 1801.01061.xml (abnormal long tokens)
Skipped: 1801.09805.xml (abnormal long tokens)
Skipped: 1801.05950.xml (abnormal long tokens)
Skipped: 1801.09057.xml (abnormal long tokens)
Skipped: 1801.01633.xml (abnormal long tokens)
Skipped: 1801.06007.xml (abnormal long tokens)
Skipped: 1801.06541.xml (abnormal long tokens)
Skipped: 1801.10207.xml (abnormal long tokens)
Skipped: 1801.03859.xml (abnormal long tokens)
Skipped: 1801.09184.xml (abnormal long tokens)
Skipped: 1801.05853.xml (abnormal long tokens)
Skipped: 1801.01900.xml (abnormal long tokens)
Skipped: 1801.00893.xml (abnormal long tokens)
Skipped: 1801.00388.xml (abnormal long tokens)
Skipped: 1801.03339.xml (abnormal long tokens)
Skipped: 1801.04530.xml (abnormal long tokens)
Skipped: 1801.02691.xml (abnormal long tokens)
Skipped: 1801.08979.xml (abnormal long tokens)
Skipped: 1801.02265.xml (abnormal long tokens)
Skipped: 1801.04307.xml (abnormal long tokens)
Skipped: 1801.05512.xml (abnormal long tokens)
Skipped: 1801.02862.xml (abnormal long tokens)
Skipped: 1801.00905.xml (abnormal long tokens)
Skipped: 1801.02890.xml (abnormal long tokens)
Skipped: 1801.00577.xml (abnormal long tokens)
Skipped: 1801.00159.xml (abnormal long tokens)
Skipped: 1801.05085.xml (abnormal long tokens)
Skipped: 1801.04131.xml (abnormal long tokens)
Skipped: 1801.05122.xml (abnormal long tokens)
Skipped: 1801.03879.xml (abnormal long tokens)
Skipped: 1801.05617.xml (abnormal long tokens)
Skipped: 1801.02961.xml (abnormal long tokens)
Skipped: 1801.10280.xml (abnormal long tokens)
Skipped: 1801.06702.xml (abnormal long tokens)
Skipped: 1801.00843.xml (abnormal long tokens)
Skipped: 1801.03737.xml (abnormal long tokens)
Skipped: 1801.05161.xml (abnormal long tokens)
Skipped: 1801.05469.xml (abnormal long tokens)
Skipped: 1801.10087.xml (abnormal long tokens)
Skipped: 1801.02178.xml (abnormal long tokens)
Skipped: 1801.04385.xml (abnormal long tokens)
Skipped: 1801.03419.xml (abnormal long tokens)
Skipped: 1801.01997.xml (abnormal long tokens)
Skipped: 1801.05194.xml (abnormal long tokens)
Skipped: 1801.01689.xml (abnormal long tokens)
Skipped: 1801.00823.xml (abnormal long tokens)
Skipped: 1801.04745.xml (abnormal long tokens)
Skipped: 1801.00235.xml (abnormal long tokens)
Skipped: 1801.00004.xml (abnormal long tokens)
Skipped: 1801.09145.xml (abnormal long tokens)
Skipped: 1801.02987.xml (abnormal long tokens)
Skipped: 1801.07653.xml (abnormal long tokens)
Skipped: 1801.06558.xml (abnormal long tokens)
Skipped: 1801.03614.xml (abnormal long tokens)
Skipped: 1801.04331.xml (abnormal long tokens)
Skipped: 1801.02200.xml (abnormal long tokens)
Skipped: 1801.00297.xml (abnormal long tokens)
Skipped: 1801.04984.xml (abnormal long tokens)
Skipped: 1801.08159.xml (abnormal long tokens)
Skipped: 1801.02949.xml (abnormal long tokens)
Skipped: 1801.02058.xml (abnormal long tokens)
Skipped: 1801.04801.xml (abnormal long tokens)
Skipped: 1801.04693.xml (abnormal long tokens)
Skipped: 1801.06475.xml (abnormal long tokens)
Skipped: 1801.07451.xml (abnormal long tokens)
Skipped: 1801.00841.xml (abnormal long tokens)
Skipped: 1801.09060.xml (abnormal long tokens)
Skipped: 1801.01560.xml (abnormal long tokens)
Skipped: 1801.06619.xml (abnormal long tokens)
Skipped: 1801.06519.xml (abnormal long tokens)
Skipped: 1801.05489.xml (abnormal long tokens)
Skipped: 1801.04821.xml (abnormal long tokens)
Skipped: 1801.02455.xml (abnormal long tokens)
Skipped: 1801.08926.xml (abnormal long tokens)
Skipped: 1801.07791.xml (abnormal long tokens)
Skipped: 1801.05607.xml (abnormal long tokens)
Skipped: 1801.08064.xml (abnormal long tokens)
Skipped: 1801.01059.xml (abnormal long tokens)
Skipped: 1801.01565.xml (abnormal long tokens)
Skipped: 1801.09515.xml (abnormal long tokens)
Skipped: 1801.05800.xml (abnormal long tokens)
Skipped: 1801.10370.xml (abnormal long tokens)
Skipped: 1801.05225.xml (abnormal long tokens)
Skipped: 1801.05707.xml (abnormal long tokens)
Skipped: 1801.08912.xml (abnormal long tokens)
Skipped: 1801.05605.xml (abnormal long tokens)
Skipped: 1801.04728.xml (abnormal long tokens)
Skipped: 1801.04959.xml (abnormal long tokens)
Skipped: 1801.05462.xml (abnormal long tokens)
Skipped: 1801.09472.xml (abnormal long tokens)
Skipped: 1801.10292.xml (abnormal long tokens)
Skipped: 1801.06856.xml (abnormal long tokens)
Skipped: 1801.02850.xml (abnormal long tokens)
Skipped: 1801.08026.xml (abnormal long tokens)
Skipped: 1801.03149.xml (abnormal long tokens)
Skipped: 1801.03138.xml (abnormal long tokens)
Skipped: 1801.05940.xml (abnormal long tokens)
Skipped: 1801.09240.xml (abnormal long tokens)
Skipped: 1801.06368.xml (abnormal long tokens)
Skipped: 1801.04215.xml (abnormal long tokens)
Skipped: 1801.05671.xml (abnormal long tokens)
Skipped: 1801.08995.xml (abnormal long tokens)
Skipped: 1801.04703.xml (abnormal long tokens)
Skipped: 1801.10441.xml (abnormal long tokens)
Skipped: 1801.05532.xml (abnormal long tokens)
Skipped: 1801.00077.xml (abnormal long tokens)
Skipped: 1801.03928.xml (abnormal long tokens)
Skipped: 1801.03641.xml (abnormal long tokens)
Skipped: 1801.02852.xml (abnormal long tokens)
Skipped: 1801.04920.xml (abnormal long tokens)
Skipped: 1801.09350.xml (abnormal long tokens)
Skipped: 1801.01089.xml (abnormal long tokens)
Skipped: 1801.03968.xml (abnormal long tokens)
Skipped: 1801.08113.xml (abnormal long tokens)
Skipped: 1801.08383.xml (abnormal long tokens)
Skipped: 1801.01630.xml (abnormal long tokens)
Skipped: 1801.05096.xml (abnormal long tokens)
Skipped: 1801.08270.xml (abnormal long tokens)
Skipped: 1801.04991.xml (abnormal long tokens)
Skipped: 1801.00634.xml (abnormal long tokens)
Skipped: 1801.08451.xml (abnormal long tokens)
Skipped: 1801.01715.xml (abnormal long tokens)
Skipped: 1801.01594.xml (abnormal long tokens)
Skipped: 1801.07339.xml (abnormal long tokens)
Skipped: 1801.05149.xml (abnormal long tokens)
Skipped: 1801.09282.xml (abnormal long tokens)
Skipped: 1801.01980.xml (abnormal long tokens)
Skipped: 1801.10288.xml (abnormal long tokens)
Skipped: 1801.01903.xml (abnormal long tokens)
Skipped: 1801.10043.xml (abnormal long tokens)
Skipped: 1801.02730.xml (abnormal long tokens)
Skipped: 1801.02592.xml (abnormal long tokens)
Skipped: 1801.08175.xml (abnormal long tokens)
Skipped: 1801.03327.xml (abnormal long tokens)
Skipped: 1801.08917.xml (abnormal long tokens)
Skipped: 1801.03688.xml (abnormal long tokens)
Skipped: 1801.09344.xml (abnormal long tokens)
Skipped: 1801.07624.xml (abnormal long tokens)
Skipped: 1801.04067.xml (abnormal long tokens)
Skipped: 1801.04986.xml (abnormal long tokens)
Skipped: 1801.03032.xml (abnormal long tokens)
Skipped: 1801.05831.xml (abnormal long tokens)
Skipped: 1801.05965.xml (abnormal long tokens)
Skipped: 1801.06637.xml (abnormal long tokens)
Skipped: 1801.03244.xml (abnormal long tokens)
Skipped: 1801.03551.xml (abnormal long tokens)
Skipped: 1801.02251.xml (abnormal long tokens)
Skipped: 1801.02377.xml (abnormal long tokens)
Skipped: 1801.06613.xml (abnormal long tokens)
Skipped: 1801.08301.xml (abnormal long tokens)
Skipped: 1801.05064.xml (abnormal long tokens)
Skipped: 1801.01763.xml (abnormal long tokens)
Skipped: 1801.04720.xml (abnormal long tokens)
Skipped: 1801.05062.xml (abnormal long tokens)
Skipped: 1801.08682.xml (abnormal long tokens)
Skipped: 1801.01521.xml (abnormal long tokens)
Skipped: 1801.04457.xml (abnormal long tokens)
Skipped: 1801.09477.xml (abnormal long tokens)
Skipped: 1801.01671.xml (abnormal long tokens)
Skipped: 1801.09870.xml (abnormal long tokens)
Skipped: 1801.00094.xml (abnormal long tokens)
Skipped: 1801.09618.xml (abnormal long tokens)
Skipped: 1801.07342.xml (abnormal long tokens)
Skipped: 1801.08287.xml (abnormal long tokens)
Skipped: 1801.05119.xml (abnormal long tokens)
Skipped: 1801.03998.xml (abnormal long tokens)
Skipped: 1801.04638.xml (abnormal long tokens)
Skipped: 1801.01073.xml (abnormal long tokens)
Skipped: 1801.09029.xml (abnormal long tokens)
Skipped: 1801.00968.xml (abnormal long tokens)
Skipped: 1801.03924.xml (abnormal long tokens)
Skipped: 1801.03367.xml (abnormal long tokens)
Skipped: 1801.00043.xml (abnormal long tokens)
Skipped: 1801.07560.xml (abnormal long tokens)
Skipped: 1801.08825.xml (abnormal long tokens)
Skipped: 1801.04386.xml (abnormal long tokens)
Skipped: 1801.07226.xml (abnormal long tokens)
Skipped: 1801.08704.xml (abnormal long tokens)
Skipped: 1801.03829.xml (abnormal long tokens)
Skipped: 1801.00527.xml (abnormal long tokens)
Skipped: 1801.02411.xml (abnormal long tokens)
Skipped: 1801.01290.xml (abnormal long tokens)
Skipped: 1801.09984.xml (abnormal long tokens)
Skipped: 1801.08747.xml (abnormal long tokens)
Skipped: 1801.03833.xml (abnormal long tokens)
Skipped: 1801.03644.xml (abnormal long tokens)
Skipped: 1801.04623.xml (abnormal long tokens)
Skipped: 1801.04387.xml (abnormal long tokens)
Skipped: 1801.05700.xml (abnormal long tokens)
Skipped: 1801.00410.xml (abnormal long tokens)
Skipped: 1801.05802.xml (abnormal long tokens)
Skipped: 1801.02062.xml (abnormal long tokens)
Skipped: 1801.02622.xml (abnormal long tokens)
Skipped: 1801.09488.xml (abnormal long tokens)
Skipped: 1801.06340.xml (abnormal long tokens)
Skipped: 1801.09709.xml (abnormal long tokens)
Skipped: 1801.05349.xml (abnormal long tokens)
Skipped: 1801.06014.xml (abnormal long tokens)
Skipped: 1801.05206.xml (abnormal long tokens)
Skipped: 1801.06940.xml (abnormal long tokens)
Skipped: 1801.09866.xml (abnormal long tokens)
Skipped: 1801.05560.xml (abnormal long tokens)
Skipped: 1801.00516.xml (abnormal long tokens)
Skipped: 1801.04662.xml (abnormal long tokens)
Skipped: 1801.01054.xml (abnormal long tokens)
Skipped: 1801.09264.xml (abnormal long tokens)
Skipped: 1801.09788.xml (abnormal long tokens)
Skipped: 1801.08058.xml (abnormal long tokens)
Skipped: 1801.02690.xml (abnormal long tokens)
Skipped: 1801.00377.xml (abnormal long tokens)
Skipped: 1801.09111.xml (abnormal long tokens)
Skipped: 1801.08107.xml (abnormal long tokens)
Skipped: 1801.04886.xml (abnormal long tokens)
Skipped: 1801.03911.xml (abnormal long tokens)
Skipped: 1801.03239.xml (abnormal long tokens)
Skipped: 1801.06396.xml (abnormal long tokens)
Skipped: 1801.05551.xml (abnormal long tokens)
Skipped: 1801.05764.xml (abnormal long tokens)
Skipped: 1801.01421.xml (abnormal long tokens)
Skipped: 1801.07877.xml (abnormal long tokens)
Skipped: 1801.09445.xml (abnormal long tokens)
Skipped: 1801.10597.xml (abnormal long tokens)
Skipped: 1801.04249.xml (abnormal long tokens)
Skipped: 1801.02710.xml (abnormal long tokens)
Skipped: 1801.07746.xml (abnormal long tokens)
Skipped: 1801.05611.xml (abnormal long tokens)
Skipped: 1801.08196.xml (abnormal long tokens)
Skipped: 1801.00597.xml (abnormal long tokens)
Skipped: 1801.07674.xml (abnormal long tokens)
Skipped: 1801.00329.xml (abnormal long tokens)
Skipped: 1801.10504.xml (abnormal long tokens)
Skipped: 1801.05076.xml (abnormal long tokens)
Skipped: 1801.07722.xml (abnormal long tokens)
Skipped: 1801.10041.xml (abnormal long tokens)
Skipped: 1801.10491.xml (abnormal long tokens)
Skipped: 1801.05896.xml (abnormal long tokens)
Skipped: 1801.07011.xml (abnormal long tokens)
Skipped: 1801.03740.xml (abnormal long tokens)
Skipped: 1801.10396.xml (abnormal long tokens)
Skipped: 1801.03954.xml (abnormal long tokens)
Skipped: 1801.02261.xml (abnormal long tokens)
Skipped: 1801.00059.xml (abnormal long tokens)
Skipped: 1801.10128.xml (abnormal long tokens)
Skipped: 1801.08867.xml (abnormal long tokens)
Skipped: 1801.09197.xml (abnormal long tokens)
Skipped: 1801.06759.xml (abnormal long tokens)
Skipped: 1801.00904.xml (abnormal long tokens)
Skipped: 1801.06353.xml (abnormal long tokens)
Skipped: 1801.04011.xml (abnormal long tokens)
Skipped: 1801.04463.xml (abnormal long tokens)
Skipped: 1801.10285.xml (abnormal long tokens)
Skipped: 1801.06267.xml (abnormal long tokens)
Skipped: 1801.06771.xml (abnormal long tokens)
Skipped: 1801.04642.xml (abnormal long tokens)
Skipped: 1801.04487.xml (abnormal long tokens)
Skipped: 1801.05100.xml (abnormal long tokens)
Skipped: 1801.00415.xml (abnormal long tokens)
Skipped: 1801.08586.xml (abnormal long tokens)
Skipped: 1801.01025.xml (abnormal long tokens)
Skipped: 1801.00746.xml (abnormal long tokens)
Skipped: 1801.09195.xml (abnormal long tokens)
Skipped: 1801.04964.xml (abnormal long tokens)
Skipped: 1801.00554.xml (abnormal long tokens)
Skipped: 1801.06726.xml (abnormal long tokens)
Skipped: 1801.09465.xml (abnormal long tokens)
Skipped: 1801.04372.xml (abnormal long tokens)
Skipped: 1801.05649.xml (abnormal long tokens)
Skipped: 1801.01928.xml (abnormal long tokens)
Skipped: 1801.06011.xml (abnormal long tokens)
Skipped: 1801.00825.xml (abnormal long tokens)
Skipped: 1801.09250.xml (abnormal long tokens)
Skipped: 1801.08612.xml (abnormal long tokens)
Skipped: 1801.02668.xml (abnormal long tokens)
Skipped: 1801.09333.xml (abnormal long tokens)
Skipped: 1801.04747.xml (abnormal long tokens)
Skipped: 1801.09893.xml (abnormal long tokens)
Skipped: 1801.00890.xml (abnormal long tokens)
Skipped: 1801.00308.xml (abnormal long tokens)
Skipped: 1801.07222.xml (abnormal long tokens)
Skipped: 1801.09028.xml (abnormal long tokens)
Skipped: 1801.07426.xml (abnormal long tokens)
Skipped: 1801.09546.xml (abnormal long tokens)
Skipped: 1801.01866.xml (abnormal long tokens)
Skipped: 1801.00886.xml (abnormal long tokens)
Skipped: 1801.02566.xml (abnormal long tokens)
Skipped: 1801.02679.xml (abnormal long tokens)
Skipped: 1801.00056.xml (abnormal long tokens)
Skipped: 1801.00444.xml (abnormal long tokens)
Skipped: 1801.03749.xml (abnormal long tokens)
Skipped: 1801.07438.xml (abnormal long tokens)
Skipped: 1801.01397.xml (abnormal long tokens)
Skipped: 1801.01453.xml (abnormal long tokens)
Skipped: 1801.06782.xml (abnormal long tokens)
Skipped: 1801.02194.xml (abnormal long tokens)
Skipped: 1801.02796.xml (abnormal long tokens)
Skipped: 1801.05906.xml (abnormal long tokens)
Skipped: 1801.03825.xml (abnormal long tokens)
Skipped: 1801.08863.xml (abnormal long tokens)
Skipped: 1801.01249.xml (abnormal long tokens)
Skipped: 1801.08388.xml (abnormal long tokens)
Skipped: 1801.04856.xml (abnormal long tokens)
Skipped: 1801.03168.xml (abnormal long tokens)
Skipped: 1801.04565.xml (abnormal long tokens)
Skipped: 1801.08573.xml (abnormal long tokens)
Skipped: 1801.03612.xml (abnormal long tokens)
Skipped: 1801.09524.xml (abnormal long tokens)
Skipped: 1801.10588.xml (abnormal long tokens)
Skipped: 1801.07992.xml (abnormal long tokens)
Skipped: 1801.04159.xml (abnormal long tokens)
Skipped: 1801.06294.xml (abnormal long tokens)
Skipped: 1801.00938.xml (abnormal long tokens)
Skipped: 1801.02808.xml (abnormal long tokens)
Skipped: 1801.03536.xml (abnormal long tokens)
Skipped: 1801.09812.xml (abnormal long tokens)
Skipped: 1801.09796.xml (abnormal long tokens)
Skipped: 1801.08881.xml (abnormal long tokens)
Skipped: 1801.02209.xml (abnormal long tokens)
Skipped: 1801.00553.xml (abnormal long tokens)
Skipped: 1801.05912.xml (abnormal long tokens)
Skipped: 1801.08114.xml (abnormal long tokens)
Skipped: 1801.05104.xml (abnormal long tokens)
Skipped: 1801.07604.xml (abnormal long tokens)
Skipped: 1801.04544.xml (abnormal long tokens)
Skipped: 1801.03331.xml (abnormal long tokens)
Skipped: 1801.04405.xml (abnormal long tokens)
Skipped: 1801.08437.xml (abnormal long tokens)
Skipped: 1801.01185.xml (abnormal long tokens)
Skipped: 1801.07961.xml (abnormal long tokens)
Skipped: 1801.04261.xml (abnormal long tokens)
Skipped: 1801.01455.xml (abnormal long tokens)
Skipped: 1801.01641.xml (abnormal long tokens)
Skipped: 1801.00500.xml (abnormal long tokens)
Skipped: 1801.02716.xml (abnormal long tokens)
Skipped: 1801.04271.xml (abnormal long tokens)
Skipped: 1801.05127.xml (abnormal long tokens)
Skipped: 1801.00055.xml (abnormal long tokens)
Skipped: 1801.03656.xml (abnormal long tokens)
Skipped: 1801.02362.xml (abnormal long tokens)
Skipped: 1801.09877.xml (abnormal long tokens)
Skipped: 1801.04582.xml (abnormal long tokens)
Skipped: 1801.10214.xml (abnormal long tokens)
Skipped: 1801.07988.xml (abnormal long tokens)
Skipped: 1801.02581.xml (abnormal long tokens)
Skipped: 1801.04723.xml (abnormal long tokens)
Skipped: 1801.02457.xml (abnormal long tokens)
Skipped: 1801.09780.xml (abnormal long tokens)
Skipped: 1801.07005.xml (abnormal long tokens)
Skipped: 1801.09436.xml (abnormal long tokens)
Skipped: 1801.10467.xml (abnormal long tokens)
Skipped: 1801.09810.xml (abnormal long tokens)
Skipped: 1801.04618.xml (abnormal long tokens)
Skipped: 1801.08336.xml (abnormal long tokens)
Skipped: 1801.08024.xml (abnormal long tokens)
Skipped: 1801.06822.xml (abnormal long tokens)
Skipped: 1801.04052.xml (abnormal long tokens)
Skipped: 1801.10083.xml (abnormal long tokens)
Skipped: 1801.06794.xml (abnormal long tokens)
Skipped: 1801.08660.xml (abnormal long tokens)
Skipped: 1801.02073.xml (abnormal long tokens)
Skipped: 1801.00182.xml (abnormal long tokens)
Skipped: 1801.01022.xml (abnormal long tokens)
Skipped: 1801.09896.xml (abnormal long tokens)
Skipped: 1801.01820.xml (abnormal long tokens)
Skipped: 1801.04891.xml (abnormal long tokens)
Skipped: 1801.08337.xml (abnormal long tokens)
Skipped: 1801.09510.xml (abnormal long tokens)
Skipped: 1801.10271.xml (abnormal long tokens)
Skipped: 1801.10091.xml (abnormal long tokens)
Skipped: 1801.00317.xml (abnormal long tokens)
Skipped: 1801.05937.xml (abnormal long tokens)
Skipped: 1801.00387.xml (abnormal long tokens)
Skipped: 1801.00280.xml (abnormal long tokens)
Skipped: 1801.09121.xml (abnormal long tokens)
Skipped: 1801.01229.xml (abnormal long tokens)
Skipped: 1801.02833.xml (abnormal long tokens)
Skipped: 1801.06077.xml (abnormal long tokens)
Skipped: 1801.07347.xml (abnormal long tokens)
Skipped: 1801.08486.xml (abnormal long tokens)
Skipped: 1801.01316.xml (abnormal long tokens)
Skipped: 1801.05909.xml (abnormal long tokens)
Skipped: 1801.03815.xml (abnormal long tokens)
Skipped: 1801.00920.xml (abnormal long tokens)
Skipped: 1801.10277.xml (abnormal long tokens)
Skipped: 1801.00702.xml (abnormal long tokens)
Skipped: 1801.10472.xml (abnormal long tokens)
Skipped: 1801.04523.xml (abnormal long tokens)
Skipped: 1801.02123.xml (abnormal long tokens)
Skipped: 1801.10574.xml (abnormal long tokens)
Skipped: 1801.04651.xml (abnormal long tokens)
Skipped: 1801.04342.xml (abnormal long tokens)
Skipped: 1801.05393.xml (abnormal long tokens)
Skipped: 1801.05637.xml (abnormal long tokens)
Skipped: 1801.01704.xml (abnormal long tokens)
Skipped: 1801.06055.xml (abnormal long tokens)
Skipped: 1801.08560.xml (abnormal long tokens)
Skipped: 1801.03748.xml (abnormal long tokens)
Skipped: 1801.02505.xml (abnormal long tokens)
Skipped: 1801.00988.xml (abnormal long tokens)
Skipped: 1801.01967.xml (abnormal long tokens)
Skipped: 1801.05849.xml (abnormal long tokens)
Skipped: 1801.02888.xml (abnormal long tokens)
Skipped: 1801.03898.xml (abnormal long tokens)
Skipped: 1801.07102.xml (abnormal long tokens)
Skipped: 1801.06333.xml (abnormal long tokens)
Skipped: 1801.00418.xml (abnormal long tokens)
Skipped: 1801.09159.xml (abnormal long tokens)
Skipped: 1801.03983.xml (abnormal long tokens)
Skipped: 1801.00110.xml (abnormal long tokens)
Skipped: 1801.02025.xml (abnormal long tokens)
Skipped: 1801.03039.xml (abnormal long tokens)
Skipped: 1801.08829.xml (abnormal long tokens)
Skipped: 1801.04908.xml (abnormal long tokens)
Skipped: 1801.09747.xml (abnormal long tokens)
Skipped: 1801.01253.xml (abnormal long tokens)
Skipped: 1801.10193.xml (abnormal long tokens)
Skipped: 1801.09809.xml (abnormal long tokens)
Skipped: 1801.07148.xml (abnormal long tokens)
Skipped: 1801.03030.xml (abnormal long tokens)
Skipped: 1801.05360.xml (abnormal long tokens)
Skipped: 1801.10599.xml (abnormal long tokens)
Skipped: 1801.01999.xml (abnormal long tokens)
Skipped: 1801.09229.xml (abnormal long tokens)
Skipped: 1801.06897.xml (abnormal long tokens)
Skipped: 1801.09317.xml (abnormal long tokens)
Skipped: 1801.00933.xml (abnormal long tokens)
Skipped: 1801.05721.xml (abnormal long tokens)
Skipped: 1801.02199.xml (abnormal long tokens)
Skipped: 1801.01516.xml (abnormal long tokens)
Skipped: 1801.10318.xml (abnormal long tokens)
Skipped: 1801.06434.xml (abnormal long tokens)
Skipped: 1801.01108.xml (abnormal long tokens)
Skipped: 1801.03421.xml (abnormal long tokens)
Skipped: 1801.04068.xml (abnormal long tokens)
Skipped: 1801.10140.xml (abnormal long tokens)
Skipped: 1801.09718.xml (abnormal long tokens)
Skipped: 1801.05236.xml (abnormal long tokens)
Skipped: 1801.05823.xml (abnormal long tokens)
Skipped: 1801.05173.xml (abnormal long tokens)
Skipped: 1801.03773.xml (abnormal long tokens)
Skipped: 1801.04498.xml (abnormal long tokens)
Skipped: 1801.07110.xml (abnormal long tokens)
Tarball 1 of 1 ...
Skipped: 1801.10339.xml (abnormal long tokens)
Skipped: 1801.03597.xml (abnormal long tokens)
Skipped: 1801.00563.xml (abnormal long tokens)
Skipped: 1801.03365.xml (abnormal long tokens)
Skipped: 1801.01767.xml (abnormal long tokens)
Skipped: 1801.05394.xml (abnormal long tokens)
Skipped: 1801.03728.xml (abnormal long tokens)
Skipped: 1801.01973.xml (abnormal long tokens)
Skipped: 1801.08467.xml (abnormal long tokens)
Skipped: 1801.07792.xml (abnormal long tokens)
Skipped: 1801.07937.xml (abnormal long tokens)
Skipped: 1801.03717.xml (abnormal long tokens)
Skipped: 1801.02950.xml (abnormal long tokens)
Skipped: 1801.06268.xml (abnormal long tokens)
Skipped: 1801.06742.xml (abnormal long tokens)
Skipped: 1801.09846.xml (abnormal long tokens)
Skipped: 1801.00644.xml (abnormal long tokens)
Skipped: 1801.02124.xml (abnormal long tokens)
Skipped: 1801.02672.xml (abnormal long tokens)
Skipped: 1801.07150.xml (abnormal long tokens)
Skipped: 1801.05039.xml (abnormal long tokens)
Skipped: 1801.04153.xml (abnormal long tokens)
Skipped: 1801.06965.xml (abnormal long tokens)
Skipped: 1801.04654.xml (abnormal long tokens)
Skipped: 1801.06271.xml (abnormal long tokens)
Skipped: 1801.04540.xml (abnormal long tokens)
Skipped: 1801.04613.xml (abnormal long tokens)
Skipped: 1801.09053.xml (abnormal long tokens)
Skipped: 1801.00906.xml (abnormal long tokens)
Skipped: 1801.03910.xml (abnormal long tokens)
Skipped: 1801.10585.xml (abnormal long tokens)
Skipped: 1801.05224.xml (abnormal long tokens)
Skipped: 1801.02548.xml (abnormal long tokens)
Skipped: 1801.05599.xml (abnormal long tokens)
Skipped: 1801.09286.xml (abnormal long tokens)
Skipped: 1801.06237.xml (abnormal long tokens)
Skipped: 1801.09373.xml (abnormal long tokens)
Skipped: 1801.06449.xml (abnormal long tokens)
Skipped: 1801.09624.xml (abnormal long tokens)
Skipped: 1801.10295.xml (abnormal long tokens)
Skipped: 1801.04725.xml (abnormal long tokens)
Skipped: 1801.00965.xml (abnormal long tokens)
Skipped: 1801.01404.xml (abnormal long tokens)
Skipped: 1801.06391.xml (abnormal long tokens)
Skipped: 1801.08284.xml (abnormal long tokens)
Skipped: 1801.10242.xml (abnormal long tokens)
Skipped: 1801.04644.xml (abnormal long tokens)
Skipped: 1801.08754.xml (abnormal long tokens)
Skipped: 1801.07892.xml (abnormal long tokens)
Skipped: 1801.08019.xml (abnormal long tokens)
Skipped: 1801.03558.xml (abnormal long tokens)
Skipped: 1801.07423.xml (abnormal long tokens)
Skipped: 1801.08607.xml (abnormal long tokens)
Skipped: 1801.05917.xml (abnormal long tokens)
Skipped: 1801.08613.xml (abnormal long tokens)
Skipped: 1801.05365.xml (abnormal long tokens)
Skipped: 1801.07741.xml (abnormal long tokens)
Skipped: 1801.04199.xml (abnormal long tokens)
Skipped: 1801.01081.xml (abnormal long tokens)
Skipped: 1801.04299.xml (abnormal long tokens)
Skipped: 1801.08706.xml (abnormal long tokens)
Skipped: 1801.09851.xml (abnormal long tokens)
Skipped: 1801.02198.xml (abnormal long tokens)
Skipped: 1801.02225.xml (abnormal long tokens)
Skipped: 1801.03253.xml (abnormal long tokens)
Skipped: 1801.07614.xml (abnormal long tokens)
Skipped: 1801.01075.xml (abnormal long tokens)
Skipped: 1801.02909.xml (abnormal long tokens)
Skipped: 1801.08761.xml (abnormal long tokens)
Skipped: 1801.08093.xml (abnormal long tokens)
Skipped: 1801.10269.xml (abnormal long tokens)
Skipped: 1801.02916.xml (abnormal long tokens)
Skipped: 1801.08329.xml (abnormal long tokens)
Skipped: 1801.06274.xml (abnormal long tokens)
Skipped: 1801.01824.xml (abnormal long tokens)
Skipped: 1801.03996.xml (abnormal long tokens)
Skipped: 1801.00455.xml (abnormal long tokens)
Skipped: 1801.07355.xml (abnormal long tokens)
Skipped: 1801.09046.xml (abnormal long tokens)
Skipped: 1801.10442.xml (abnormal long tokens)
Skipped: 1801.08694.xml (abnormal long tokens)
Skipped: 1801.06043.xml (abnormal long tokens)
Skipped: 1801.06920.xml (abnormal long tokens)
Skipped: 1801.04803.xml (abnormal long tokens)
Skipped: 1801.05134.xml (abnormal long tokens)
Skipped: 1801.08819.xml (abnormal long tokens)
Skipped: 1801.09039.xml (abnormal long tokens)
Skipped: 1801.04928.xml (abnormal long tokens)
Skipped: 1801.00540.xml (abnormal long tokens)
Skipped: 1801.03533.xml (abnormal long tokens)
Skipped: 1801.09430.xml (abnormal long tokens)
Skipped: 1801.03695.xml (abnormal long tokens)
Skipped: 1801.00349.xml (abnormal long tokens)
Skipped: 1801.09444.xml (abnormal long tokens)
Skipped: 1801.05117.xml (abnormal long tokens)
Skipped: 1801.02789.xml (abnormal long tokens)
Skipped: 1801.03890.xml (abnormal long tokens)
Skipped: 1801.09256.xml (abnormal long tokens)
Skipped: 1801.06736.xml (abnormal long tokens)
Skipped: 1801.02385.xml (abnormal long tokens)
Skipped: 1801.03425.xml (abnormal long tokens)
Skipped: 1801.02687.xml (abnormal long tokens)
Skipped: 1801.07145.xml (abnormal long tokens)
Skipped: 1801.02384.xml (abnormal long tokens)
Skipped: 1801.09530.xml (abnormal long tokens)
Skipped: 1801.01899.xml (abnormal long tokens)
Skipped: 1801.03431.xml (abnormal long tokens)
Skipped: 1801.05338.xml (abnormal long tokens)
Skipped: 1801.05075.xml (abnormal long tokens)
Skipped: 1801.07351.xml (abnormal long tokens)
Skipped: 1801.08353.xml (abnormal long tokens)
Skipped: 1801.06400.xml (abnormal long tokens)
Skipped: 1801.04774.xml (abnormal long tokens)
Skipped: 1801.09271.xml (abnormal long tokens)
Skipped: 1801.06733.xml (abnormal long tokens)
Skipped: 1801.02101.xml (abnormal long tokens)
Skipped: 1801.07484.xml (abnormal long tokens)
Skipped: 1801.07985.xml (abnormal long tokens)
Skipped: 1801.00826.xml (abnormal long tokens)
Skipped: 1801.02769.xml (abnormal long tokens)
Skipped: 1801.06172.xml (abnormal long tokens)
Skipped: 1801.04528.xml (abnormal long tokens)
Skipped: 1801.05610.xml (abnormal long tokens)
Skipped: 1801.01687.xml (abnormal long tokens)
Skipped: 1801.09798.xml (abnormal long tokens)
Skipped: 1801.03546.xml (abnormal long tokens)
Skipped: 1801.02607.xml (abnormal long tokens)
Skipped: 1801.02239.xml (abnormal long tokens)
Skipped: 1801.00428.xml (abnormal long tokens)
Skipped: 1801.07807.xml (abnormal long tokens)
Skipped: 1801.07174.xml (abnormal long tokens)
Skipped: 1801.04590.xml (abnormal long tokens)
Skipped: 1801.07009.xml (abnormal long tokens)
Skipped: 1801.06956.xml (abnormal long tokens)
Skipped: 1801.01953.xml (abnormal long tokens)
Skipped: 1801.10483.xml (abnormal long tokens)
Skipped: 1801.01681.xml (abnormal long tokens)
Skipped: 1801.05032.xml (abnormal long tokens)
Skipped: 1801.06861.xml (abnormal long tokens)
Skipped: 1801.06540.xml (abnormal long tokens)
Skipped: 1801.05989.xml (abnormal long tokens)
Skipped: 1801.10519.xml (abnormal long tokens)
Skipped: 1801.06750.xml (abnormal long tokens)
Skipped: 1801.02664.xml (abnormal long tokens)
Skipped: 1801.06302.xml (abnormal long tokens)
Skipped: 1801.05844.xml (abnormal long tokens)
Skipped: 1801.08191.xml (abnormal long tokens)
Skipped: 1801.01423.xml (abnormal long tokens)
Skipped: 1801.05678.xml (abnormal long tokens)
Skipped: 1801.04982.xml (abnormal long tokens)
Skipped: 1801.03145.xml (abnormal long tokens)
Skipped: 1801.03049.xml (abnormal long tokens)
Skipped: 1801.08100.xml (abnormal long tokens)
Skipped: 1801.06027.xml (abnormal long tokens)
Skipped: 1801.08757.xml (abnormal long tokens)
Skipped: 1801.02334.xml (abnormal long tokens)
Skipped: 1801.00870.xml (abnormal long tokens)
Skipped: 1801.01571.xml (abnormal long tokens)
Skipped: 1801.05164.xml (abnormal long tokens)
Skipped: 1801.06605.xml (abnormal long tokens)
Skipped: 1801.01085.xml (abnormal long tokens)
Skipped: 1801.10545.xml (abnormal long tokens)
Skipped: 1801.05926.xml (abnormal long tokens)
Skipped: 1801.02685.xml (abnormal long tokens)
Skipped: 1801.05366.xml (abnormal long tokens)
Skipped: 1801.00880.xml (abnormal long tokens)
Skipped: 1801.02367.xml (abnormal long tokens)
Skipped: 1801.02609.xml (abnormal long tokens)
Skipped: 1801.04705.xml (abnormal long tokens)
Skipped: 1801.05038.xml (abnormal long tokens)
Skipped: 1801.07319.xml (abnormal long tokens)
Skipped: 1801.04062.xml (abnormal long tokens)
Skipped: 1801.05240.xml (abnormal long tokens)
Skipped: 1801.03622.xml (abnormal long tokens)
Skipped: 1801.09774.xml (abnormal long tokens)
Skipped: 1801.03233.xml (abnormal long tokens)
Skipped: 1801.10056.xml (abnormal long tokens)
Skipped: 1801.05659.xml (abnormal long tokens)
Skipped: 1801.03314.xml (abnormal long tokens)
Skipped: 1801.07372.xml (abnormal long tokens)
Skipped: 1801.00718.xml (abnormal long tokens)
Skipped: 1801.06161.xml (abnormal long tokens)
Skipped: 1801.01708.xml (abnormal long tokens)
Skipped: 1801.04380.xml (abnormal long tokens)
Skipped: 1801.03009.xml (abnormal long tokens)
Skipped: 1801.04310.xml (abnormal long tokens)
Skipped: 1801.01357.xml (abnormal long tokens)
Skipped: 1801.04702.xml (abnormal long tokens)
Skipped: 1801.03714.xml (abnormal long tokens)
Skipped: 1801.06421.xml (abnormal long tokens)
Skipped: 1801.00209.xml (abnormal long tokens)
Skipped: 1801.01563.xml (abnormal long tokens)
Skipped: 1801.09946.xml (abnormal long tokens)
Skipped: 1801.01665.xml (abnormal long tokens)
Skipped: 1801.06309.xml (abnormal long tokens)
Skipped: 1801.07430.xml (abnormal long tokens)
Skipped: 1801.00734.xml (abnormal long tokens)
Skipped: 1801.09345.xml (abnormal long tokens)
Skipped: 1801.04242.xml (abnormal long tokens)
Skipped: 1801.05306.xml (abnormal long tokens)
Skipped: 1801.03329.xml (abnormal long tokens)
Skipped: 1801.04962.xml (abnormal long tokens)
Skipped: 1801.05884.xml (abnormal long tokens)
Skipped: 1801.00345.xml (abnormal long tokens)
Skipped: 1801.09288.xml (abnormal long tokens)
Skipped: 1801.10563.xml (abnormal long tokens)
Skipped: 1801.07194.xml (abnormal long tokens)
Skipped: 1801.07316.xml (abnormal long tokens)
Skipped: 1801.05398.xml (abnormal long tokens)
Skipped: 1801.03578.xml (abnormal long tokens)
Skipped: 1801.00269.xml (abnormal long tokens)
Skipped: 1801.03317.xml (abnormal long tokens)
Skipped: 1801.04907.xml (abnormal long tokens)
Skipped: 1801.03228.xml (abnormal long tokens)
Skipped: 1801.05613.xml (abnormal long tokens)
Skipped: 1801.01039.xml (abnormal long tokens)
Skipped: 1801.00688.xml (abnormal long tokens)
Skipped: 1801.04849.xml (abnormal long tokens)
Skipped: 1801.10492.xml (abnormal long tokens)
Skipped: 1801.07541.xml (abnormal long tokens)
Skipped: 1801.09827.xml (abnormal long tokens)
Skipped: 1801.07243.xml (abnormal long tokens)
Skipped: 1801.08629.xml (abnormal long tokens)
Skipped: 1801.08618.xml (abnormal long tokens)
Skipped: 1801.09103.xml (abnormal long tokens)
Skipped: 1801.02031.xml (abnormal long tokens)
Skipped: 1801.03589.xml (abnormal long tokens)
Skipped: 1801.05387.xml (abnormal long tokens)
Skipped: 1801.04015.xml (abnormal long tokens)
Skipped: 1801.10239.xml (abnormal long tokens)
Skipped: 1801.07779.xml (abnormal long tokens)
Skipped: 1801.07239.xml (abnormal long tokens)
Skipped: 1801.00984.xml (abnormal long tokens)
Skipped: 1801.01450.xml (abnormal long tokens)
Skipped: 1801.00384.xml (abnormal long tokens)
Skipped: 1801.08599.xml (abnormal long tokens)
Skipped: 1801.03160.xml (abnormal long tokens)
Skipped: 1801.05629.xml (abnormal long tokens)
Skipped: 1801.02263.xml (abnormal long tokens)
Skipped: 1801.09633.xml (abnormal long tokens)
Skipped: 1801.07446.xml (abnormal long tokens)
Skipped: 1801.04735.xml (abnormal long tokens)
Skipped: 1801.06278.xml (abnormal long tokens)
Skipped: 1801.03800.xml (abnormal long tokens)
Skipped: 1801.03962.xml (abnormal long tokens)
Skipped: 1801.09034.xml (abnormal long tokens)
Skipped: 1801.00129.xml (abnormal long tokens)
Skipped: 1801.02591.xml (abnormal long tokens)
Skipped: 1801.00715.xml (abnormal long tokens)
Skipped: 1801.03712.xml (abnormal long tokens)
Skipped: 1801.00605.xml (abnormal long tokens)
Skipped: 1801.06717.xml (abnormal long tokens)
Skipped: 1801.09847.xml (abnormal long tokens)
Skipped: 1801.05694.xml (abnormal long tokens)
Skipped: 1801.07299.xml (abnormal long tokens)
Skipped: 1801.10408.xml (abnormal long tokens)
Skipped: 1801.05615.xml (abnormal long tokens)
Skipped: 1801.01114.xml (abnormal long tokens)
Skipped: 1801.09626.xml (abnormal long tokens)
Skipped: 1801.06402.xml (abnormal long tokens)
Skipped: 1801.05741.xml (abnormal long tokens)
Skipped: 1801.04107.xml (abnormal long tokens)
Skipped: 1801.05521.xml (abnormal long tokens)
Skipped: 1801.07449.xml (abnormal long tokens)
Skipped: 1801.05881.xml (abnormal long tokens)
Skipped: 1801.02308.xml (abnormal long tokens)
Skipped: 1801.10571.xml (abnormal long tokens)
Skipped: 1801.08808.xml (abnormal long tokens)
Skipped: 1801.09992.xml (abnormal long tokens)
Skipped: 1801.04403.xml (abnormal long tokens)
Skipped: 1801.03484.xml (abnormal long tokens)
Skipped: 1801.06447.xml (abnormal long tokens)
Skipped: 1801.03464.xml (abnormal long tokens)
Skipped: 1801.08928.xml (abnormal long tokens)
Skipped: 1801.07564.xml (abnormal long tokens)
Skipped: 1801.04161.xml (abnormal long tokens)
Skipped: 1801.07965.xml (abnormal long tokens)
Skipped: 1801.08410.xml (abnormal long tokens)
Skipped: 1801.07400.xml (abnormal long tokens)
Skipped: 1801.10228.xml (abnormal long tokens)
Skipped: 1801.07492.xml (abnormal long tokens)
Skipped: 1801.09746.xml (abnormal long tokens)
Skipped: 1801.01072.xml (abnormal long tokens)
Skipped: 1801.08676.xml (abnormal long tokens)
Skipped: 1801.10270.xml (abnormal long tokens)
Skipped: 1801.05606.xml (abnormal long tokens)
Skipped: 1801.06029.xml (abnormal long tokens)
Skipped: 1801.01557.xml (abnormal long tokens)
Skipped: 1801.07880.xml (abnormal long tokens)
Skipped: 1801.02598.xml (abnormal long tokens)
Skipped: 1801.01443.xml (abnormal long tokens)
Skipped: 1801.05731.xml (abnormal long tokens)
Skipped: 1801.08558.xml (abnormal long tokens)
Skipped: 1801.10300.xml (abnormal long tokens)
Skipped: 1801.07362.xml (abnormal long tokens)
Skipped: 1801.10476.xml (abnormal long tokens)
Skipped: 1801.03462.xml (abnormal long tokens)
Skipped: 1801.07507.xml (abnormal long tokens)
Skipped: 1801.03175.xml (abnormal long tokens)
Skipped: 1801.09466.xml (abnormal long tokens)
Skipped: 1801.10386.xml (abnormal long tokens)
Skipped: 1801.01174.xml (abnormal long tokens)
Skipped: 1801.09223.xml (abnormal long tokens)
Skipped: 1801.02094.xml (abnormal long tokens)
Skipped: 1801.04263.xml (abnormal long tokens)
Skipped: 1801.06428.xml (abnormal long tokens)
Skipped: 1801.09128.xml (abnormal long tokens)
Skipped: 1801.10198.xml (abnormal long tokens)
Skipped: 1801.04420.xml (abnormal long tokens)
Skipped: 1801.03164.xml (abnormal long tokens)
Skipped: 1801.05968.xml (abnormal long tokens)
Skipped: 1801.08214.xml (abnormal long tokens)
Skipped: 1801.10324.xml (abnormal long tokens)
Skipped: 1801.02982.xml (abnormal long tokens)
Skipped: 1801.08380.xml (abnormal long tokens)
Skipped: 1801.04882.xml (abnormal long tokens)
Skipped: 1801.07029.xml (abnormal long tokens)
Skipped: 1801.04813.xml (abnormal long tokens)
Skipped: 1801.07030.xml (abnormal long tokens)
Skipped: 1801.02440.xml (abnormal long tokens)
Skipped: 1801.07518.xml (abnormal long tokens)
Skipped: 1801.00062.xml (abnormal long tokens)
Skipped: 1801.01615.xml (abnormal long tokens)
Skipped: 1801.04569.xml (abnormal long tokens)
Skipped: 1801.09354.xml (abnormal long tokens)
Skipped: 1801.07962.xml (abnormal long tokens)
Skipped: 1801.01527.xml (abnormal long tokens)
Skipped: 1801.00318.xml (abnormal long tokens)
Skipped: 1801.00947.xml (abnormal long tokens)
Skipped: 1801.01768.xml (abnormal long tokens)
Skipped: 1801.10022.xml (abnormal long tokens)
Skipped: 1801.05132.xml (abnormal long tokens)
Skipped: 1801.02780.xml (abnormal long tokens)
Skipped: 1801.03986.xml (abnormal long tokens)
Skipped: 1801.04354.xml (abnormal long tokens)
Skipped: 1801.00961.xml (abnormal long tokens)
Skipped: 1801.01932.xml (abnormal long tokens)
Skipped: 1801.08957.xml (abnormal long tokens)
Skipped: 1801.06879.xml (abnormal long tokens)
Skipped: 1801.03355.xml (abnormal long tokens)
Skipped: 1801.10562.xml (abnormal long tokens)
Skipped: 1801.00548.xml (abnormal long tokens)
Skipped: 1801.07357.xml (abnormal long tokens)
Skipped: 1801.09356.xml (abnormal long tokens)
Skipped: 1801.03691.xml (abnormal long tokens)
Skipped: 1801.07555.xml (abnormal long tokens)
Skipped: 1801.05216.xml (abnormal long tokens)
Skipped: 1801.05391.xml (abnormal long tokens)
Skipped: 1801.06436.xml (abnormal long tokens)
Skipped: 1801.00551.xml (abnormal long tokens)
Skipped: 1801.05210.xml (abnormal long tokens)
Skipped: 1801.06761.xml (abnormal long tokens)
Skipped: 1801.02175.xml (abnormal long tokens)
Skipped: 1801.05159.xml (abnormal long tokens)
Skipped: 1801.05855.xml (abnormal long tokens)
Skipped: 1801.04669.xml (abnormal long tokens)
Skipped: 1801.00215.xml (abnormal long tokens)
Skipped: 1801.05078.xml (abnormal long tokens)
Skipped: 1801.05037.xml (abnormal long tokens)
Skipped: 1801.08354.xml (abnormal long tokens)
Skipped: 1801.06107.xml (abnormal long tokens)
Skipped: 1801.10118.xml (abnormal long tokens)
Skipped: 1801.06597.xml (abnormal long tokens)
Skipped: 1801.06457.xml (abnormal long tokens)
Skipped: 1801.05284.xml (abnormal long tokens)
Skipped: 1801.02193.xml (abnormal long tokens)
Skipped: 1801.02480.xml (abnormal long tokens)
Skipped: 1801.01203.xml (abnormal long tokens)
Skipped: 1801.00588.xml (abnormal long tokens)
Skipped: 1801.07618.xml (abnormal long tokens)
Skipped: 1801.08094.xml (abnormal long tokens)
Skipped: 1801.05278.xml (abnormal long tokens)
Skipped: 1801.02107.xml (abnormal long tokens)
Skipped: 1801.00354.xml (abnormal long tokens)
Skipped: 1801.06934.xml (abnormal long tokens)
Skipped: 1801.09678.xml (abnormal long tokens)
Skipped: 1801.06423.xml (abnormal long tokens)
Skipped: 1801.01275.xml (abnormal long tokens)
Skipped: 1801.07487.xml (abnormal long tokens)
Skipped: 1801.02294.xml (abnormal long tokens)
Skipped: 1801.07193.xml (abnormal long tokens)
Skipped: 1801.08052.xml (abnormal long tokens)
Skipped: 1801.02722.xml (abnormal long tokens)
Skipped: 1801.04541.xml (abnormal long tokens)
Skipped: 1801.06050.xml (abnormal long tokens)
Skipped: 1801.09955.xml (abnormal long tokens)
Skipped: 1801.08088.xml (abnormal long tokens)
Skipped: 1801.08693.xml (abnormal long tokens)
Skipped: 1801.00912.xml (abnormal long tokens)
Skipped: 1801.01618.xml (abnormal long tokens)
Skipped: 1801.09308.xml (abnormal long tokens)
Skipped: 1801.10141.xml (abnormal long tokens)
Skipped: 1801.03252.xml (abnormal long tokens)
Skipped: 1801.02974.xml (abnormal long tokens)
Skipped: 1801.03816.xml (abnormal long tokens)
Skipped: 1801.07800.xml (abnormal long tokens)
Skipped: 1801.00075.xml (abnormal long tokens)
Skipped: 1801.08450.xml (abnormal long tokens)
Skipped: 1801.09496.xml (abnormal long tokens)
Skipped: 1801.10225.xml (abnormal long tokens)
Skipped: 1801.06066.xml (abnormal long tokens)
Skipped: 1801.07757.xml (abnormal long tokens)
Skipped: 1801.04348.xml (abnormal long tokens)
Skipped: 1801.05558.xml (abnormal long tokens)
Skipped: 1801.05534.xml (abnormal long tokens)
Skipped: 1801.09556.xml (abnormal long tokens)
Skipped: 1801.05242.xml (abnormal long tokens)
Skipped: 1801.01757.xml (abnormal long tokens)
Skipped: 1801.01134.xml (abnormal long tokens)
Skipped: 1801.09665.xml (abnormal long tokens)
Skipped: 1801.03161.xml (abnormal long tokens)
Skipped: 1801.00472.xml (abnormal long tokens)
Skipped: 1801.09597.xml (abnormal long tokens)
Skipped: 1801.09361.xml (abnormal long tokens)
Skipped: 1801.03855.xml (abnormal long tokens)
Skipped: 1801.08133.xml (abnormal long tokens)
Skipped: 1801.10117.xml (abnormal long tokens)
Skipped: 1801.09093.xml (abnormal long tokens)
Skipped: 1801.05932.xml (abnormal long tokens)
Skipped: 1801.02310.xml (abnormal long tokens)
Skipped: 1801.07599.xml (abnormal long tokens)
Skipped: 1801.02651.xml (abnormal long tokens)
Skipped: 1801.04668.xml (abnormal long tokens)
Skipped: 1801.01612.xml (abnormal long tokens)
Skipped: 1801.10321.xml (abnormal long tokens)
Skipped: 1801.03609.xml (abnormal long tokens)
Skipped: 1801.00316.xml (abnormal long tokens)
Skipped: 1801.09749.xml (abnormal long tokens)
Skipped: 1801.06593.xml (abnormal long tokens)
Skipped: 1801.02571.xml (abnormal long tokens)
Skipped: 1801.04084.xml (abnormal long tokens)
Skipped: 1801.09526.xml (abnormal long tokens)
Skipped: 1801.05124.xml (abnormal long tokens)
Skipped: 1801.02068.xml (abnormal long tokens)
Skipped: 1801.00609.xml (abnormal long tokens)
Skipped: 1801.08991.xml (abnormal long tokens)
Skipped: 1801.05604.xml (abnormal long tokens)
Skipped: 1801.07948.xml (abnormal long tokens)
Skipped: 1801.04223.xml (abnormal long tokens)
Skipped: 1801.06679.xml (abnormal long tokens)
Skipped: 1801.07839.xml (abnormal long tokens)
Skipped: 1801.05040.xml (abnormal long tokens)
Skipped: 1801.07215.xml (abnormal long tokens)
Skipped: 1801.05479.xml (abnormal long tokens)
Skipped: 1801.05168.xml (abnormal long tokens)
Skipped: 1801.09637.xml (abnormal long tokens)
Skipped: 1801.07412.xml (abnormal long tokens)
Skipped: 1801.03265.xml (abnormal long tokens)
Skipped: 1801.08186.xml (abnormal long tokens)
Skipped: 1801.03857.xml (abnormal long tokens)
Skipped: 1801.09281.xml (abnormal long tokens)
Skipped: 1801.08155.xml (abnormal long tokens)
Skipped: 1801.06279.xml (abnormal long tokens)
Skipped: 1801.05585.xml (abnormal long tokens)
Skipped: 1801.08322.xml (abnormal long tokens)
Skipped: 1801.02753.xml (abnormal long tokens)
Skipped: 1801.10202.xml (abnormal long tokens)
Skipped: 1801.01061.xml (abnormal long tokens)
Skipped: 1801.09805.xml (abnormal long tokens)
Skipped: 1801.05950.xml (abnormal long tokens)
Skipped: 1801.09057.xml (abnormal long tokens)
Skipped: 1801.01633.xml (abnormal long tokens)
Skipped: 1801.06007.xml (abnormal long tokens)
Skipped: 1801.06541.xml (abnormal long tokens)
Skipped: 1801.10207.xml (abnormal long tokens)
Skipped: 1801.03859.xml (abnormal long tokens)
Skipped: 1801.09184.xml (abnormal long tokens)
Skipped: 1801.05853.xml (abnormal long tokens)
Skipped: 1801.01900.xml (abnormal long tokens)
Skipped: 1801.00893.xml (abnormal long tokens)
Skipped: 1801.00388.xml (abnormal long tokens)
Skipped: 1801.03339.xml (abnormal long tokens)
Skipped: 1801.04530.xml (abnormal long tokens)
Skipped: 1801.02691.xml (abnormal long tokens)
Skipped: 1801.08979.xml (abnormal long tokens)
Skipped: 1801.02265.xml (abnormal long tokens)
Skipped: 1801.04307.xml (abnormal long tokens)
Skipped: 1801.05512.xml (abnormal long tokens)
Skipped: 1801.02862.xml (abnormal long tokens)
Skipped: 1801.00905.xml (abnormal long tokens)
Skipped: 1801.02890.xml (abnormal long tokens)
Skipped: 1801.00577.xml (abnormal long tokens)
Skipped: 1801.00159.xml (abnormal long tokens)
Skipped: 1801.05085.xml (abnormal long tokens)
Skipped: 1801.04131.xml (abnormal long tokens)
Skipped: 1801.05122.xml (abnormal long tokens)
Skipped: 1801.03879.xml (abnormal long tokens)
Skipped: 1801.05617.xml (abnormal long tokens)
Skipped: 1801.02961.xml (abnormal long tokens)
Skipped: 1801.10280.xml (abnormal long tokens)
Skipped: 1801.06702.xml (abnormal long tokens)
Skipped: 1801.00843.xml (abnormal long tokens)
Skipped: 1801.03737.xml (abnormal long tokens)
Skipped: 1801.05161.xml (abnormal long tokens)
Skipped: 1801.05469.xml (abnormal long tokens)
Skipped: 1801.10087.xml (abnormal long tokens)
Skipped: 1801.02178.xml (abnormal long tokens)
Skipped: 1801.04385.xml (abnormal long tokens)
Skipped: 1801.03419.xml (abnormal long tokens)
Skipped: 1801.01997.xml (abnormal long tokens)
Skipped: 1801.05194.xml (abnormal long tokens)
Skipped: 1801.01689.xml (abnormal long tokens)
Skipped: 1801.00823.xml (abnormal long tokens)
Skipped: 1801.04745.xml (abnormal long tokens)
Skipped: 1801.00235.xml (abnormal long tokens)
Skipped: 1801.00004.xml (abnormal long tokens)
Skipped: 1801.09145.xml (abnormal long tokens)
Skipped: 1801.02987.xml (abnormal long tokens)
Skipped: 1801.07653.xml (abnormal long tokens)
Skipped: 1801.06558.xml (abnormal long tokens)
Skipped: 1801.03614.xml (abnormal long tokens)
Skipped: 1801.04331.xml (abnormal long tokens)
Skipped: 1801.02200.xml (abnormal long tokens)
Skipped: 1801.00297.xml (abnormal long tokens)
Skipped: 1801.04984.xml (abnormal long tokens)
Skipped: 1801.08159.xml (abnormal long tokens)
Skipped: 1801.02949.xml (abnormal long tokens)
Skipped: 1801.02058.xml (abnormal long tokens)
Skipped: 1801.04801.xml (abnormal long tokens)
Skipped: 1801.04693.xml (abnormal long tokens)
Skipped: 1801.06475.xml (abnormal long tokens)
Skipped: 1801.07451.xml (abnormal long tokens)
Skipped: 1801.00841.xml (abnormal long tokens)
Skipped: 1801.09060.xml (abnormal long tokens)
Skipped: 1801.01560.xml (abnormal long tokens)
Skipped: 1801.06619.xml (abnormal long tokens)
Skipped: 1801.06519.xml (abnormal long tokens)
Skipped: 1801.05489.xml (abnormal long tokens)
Skipped: 1801.04821.xml (abnormal long tokens)
Skipped: 1801.02455.xml (abnormal long tokens)
Skipped: 1801.08926.xml (abnormal long tokens)
Skipped: 1801.07791.xml (abnormal long tokens)
Skipped: 1801.05607.xml (abnormal long tokens)
Skipped: 1801.08064.xml (abnormal long tokens)
Skipped: 1801.01059.xml (abnormal long tokens)
Skipped: 1801.01565.xml (abnormal long tokens)
Skipped: 1801.09515.xml (abnormal long tokens)
Skipped: 1801.05800.xml (abnormal long tokens)
Skipped: 1801.10370.xml (abnormal long tokens)
Skipped: 1801.05225.xml (abnormal long tokens)
Skipped: 1801.05707.xml (abnormal long tokens)
Skipped: 1801.08912.xml (abnormal long tokens)
Skipped: 1801.05605.xml (abnormal long tokens)
Skipped: 1801.04728.xml (abnormal long tokens)
Skipped: 1801.04959.xml (abnormal long tokens)
Skipped: 1801.05462.xml (abnormal long tokens)
Skipped: 1801.09472.xml (abnormal long tokens)
Skipped: 1801.10292.xml (abnormal long tokens)
Skipped: 1801.06856.xml (abnormal long tokens)
Skipped: 1801.02850.xml (abnormal long tokens)
Skipped: 1801.08026.xml (abnormal long tokens)
Skipped: 1801.03149.xml (abnormal long tokens)
Skipped: 1801.03138.xml (abnormal long tokens)
Skipped: 1801.05940.xml (abnormal long tokens)
Skipped: 1801.09240.xml (abnormal long tokens)
Skipped: 1801.06368.xml (abnormal long tokens)
Skipped: 1801.04215.xml (abnormal long tokens)
Skipped: 1801.05671.xml (abnormal long tokens)
Skipped: 1801.08995.xml (abnormal long tokens)
Skipped: 1801.04703.xml (abnormal long tokens)
Skipped: 1801.10441.xml (abnormal long tokens)
Skipped: 1801.05532.xml (abnormal long tokens)
Skipped: 1801.00077.xml (abnormal long tokens)
Skipped: 1801.03928.xml (abnormal long tokens)
Skipped: 1801.03641.xml (abnormal long tokens)
Skipped: 1801.02852.xml (abnormal long tokens)
Skipped: 1801.04920.xml (abnormal long tokens)
Skipped: 1801.09350.xml (abnormal long tokens)
Skipped: 1801.01089.xml (abnormal long tokens)
Skipped: 1801.03968.xml (abnormal long tokens)
Skipped: 1801.08113.xml (abnormal long tokens)
Skipped: 1801.08383.xml (abnormal long tokens)
Skipped: 1801.01630.xml (abnormal long tokens)
Skipped: 1801.05096.xml (abnormal long tokens)
Skipped: 1801.08270.xml (abnormal long tokens)
Skipped: 1801.04991.xml (abnormal long tokens)
Skipped: 1801.00634.xml (abnormal long tokens)
Skipped: 1801.08451.xml (abnormal long tokens)
Skipped: 1801.01715.xml (abnormal long tokens)
Skipped: 1801.01594.xml (abnormal long tokens)
Skipped: 1801.07339.xml (abnormal long tokens)
Skipped: 1801.05149.xml (abnormal long tokens)
Skipped: 1801.09282.xml (abnormal long tokens)
Skipped: 1801.01980.xml (abnormal long tokens)
Skipped: 1801.10288.xml (abnormal long tokens)
Skipped: 1801.01903.xml (abnormal long tokens)
Skipped: 1801.10043.xml (abnormal long tokens)
Skipped: 1801.02730.xml (abnormal long tokens)
Skipped: 1801.02592.xml (abnormal long tokens)
Skipped: 1801.08175.xml (abnormal long tokens)
Skipped: 1801.03327.xml (abnormal long tokens)
Skipped: 1801.08917.xml (abnormal long tokens)
Skipped: 1801.03688.xml (abnormal long tokens)
Skipped: 1801.09344.xml (abnormal long tokens)
Skipped: 1801.07624.xml (abnormal long tokens)
Skipped: 1801.04067.xml (abnormal long tokens)
Skipped: 1801.04986.xml (abnormal long tokens)
Skipped: 1801.03032.xml (abnormal long tokens)
Skipped: 1801.05831.xml (abnormal long tokens)
Skipped: 1801.05965.xml (abnormal long tokens)
Skipped: 1801.06637.xml (abnormal long tokens)
Skipped: 1801.03244.xml (abnormal long tokens)
Skipped: 1801.03551.xml (abnormal long tokens)
Skipped: 1801.02251.xml (abnormal long tokens)
Skipped: 1801.02377.xml (abnormal long tokens)
Skipped: 1801.06613.xml (abnormal long tokens)
Skipped: 1801.08301.xml (abnormal long tokens)
Skipped: 1801.05064.xml (abnormal long tokens)
Skipped: 1801.01763.xml (abnormal long tokens)
Skipped: 1801.04720.xml (abnormal long tokens)
Skipped: 1801.05062.xml (abnormal long tokens)
Skipped: 1801.08682.xml (abnormal long tokens)
Skipped: 1801.01521.xml (abnormal long tokens)
Skipped: 1801.04457.xml (abnormal long tokens)
Skipped: 1801.09477.xml (abnormal long tokens)
Skipped: 1801.01671.xml (abnormal long tokens)
Skipped: 1801.09870.xml (abnormal long tokens)
Skipped: 1801.00094.xml (abnormal long tokens)
Skipped: 1801.09618.xml (abnormal long tokens)
Skipped: 1801.07342.xml (abnormal long tokens)
Skipped: 1801.08287.xml (abnormal long tokens)
Skipped: 1801.05119.xml (abnormal long tokens)
Skipped: 1801.03998.xml (abnormal long tokens)
Skipped: 1801.04638.xml (abnormal long tokens)
Skipped: 1801.01073.xml (abnormal long tokens)
Skipped: 1801.09029.xml (abnormal long tokens)
Skipped: 1801.00968.xml (abnormal long tokens)
Skipped: 1801.03924.xml (abnormal long tokens)
Skipped: 1801.03367.xml (abnormal long tokens)
Skipped: 1801.00043.xml (abnormal long tokens)
Skipped: 1801.07560.xml (abnormal long tokens)
Skipped: 1801.08825.xml (abnormal long tokens)
Skipped: 1801.04386.xml (abnormal long tokens)
Skipped: 1801.07226.xml (abnormal long tokens)
Skipped: 1801.08704.xml (abnormal long tokens)
Skipped: 1801.03829.xml (abnormal long tokens)
Skipped: 1801.00527.xml (abnormal long tokens)
Skipped: 1801.02411.xml (abnormal long tokens)
Skipped: 1801.01290.xml (abnormal long tokens)
Skipped: 1801.09984.xml (abnormal long tokens)
Skipped: 1801.08747.xml (abnormal long tokens)
Skipped: 1801.03833.xml (abnormal long tokens)
Skipped: 1801.03644.xml (abnormal long tokens)
Skipped: 1801.04623.xml (abnormal long tokens)
Skipped: 1801.04387.xml (abnormal long tokens)
Skipped: 1801.05700.xml (abnormal long tokens)
Skipped: 1801.00410.xml (abnormal long tokens)
Skipped: 1801.05802.xml (abnormal long tokens)
Skipped: 1801.02062.xml (abnormal long tokens)
Skipped: 1801.02622.xml (abnormal long tokens)
Skipped: 1801.09488.xml (abnormal long tokens)
Skipped: 1801.06340.xml (abnormal long tokens)
Skipped: 1801.09709.xml (abnormal long tokens)
Skipped: 1801.05349.xml (abnormal long tokens)
Skipped: 1801.06014.xml (abnormal long tokens)
Skipped: 1801.05206.xml (abnormal long tokens)
Skipped: 1801.06940.xml (abnormal long tokens)
Skipped: 1801.09866.xml (abnormal long tokens)
Skipped: 1801.05560.xml (abnormal long tokens)
Skipped: 1801.00516.xml (abnormal long tokens)
Skipped: 1801.04662.xml (abnormal long tokens)
Skipped: 1801.01054.xml (abnormal long tokens)
Skipped: 1801.09264.xml (abnormal long tokens)
Skipped: 1801.09788.xml (abnormal long tokens)
Skipped: 1801.08058.xml (abnormal long tokens)
Skipped: 1801.02690.xml (abnormal long tokens)
Skipped: 1801.00377.xml (abnormal long tokens)
Skipped: 1801.09111.xml (abnormal long tokens)
Skipped: 1801.08107.xml (abnormal long tokens)
Skipped: 1801.04886.xml (abnormal long tokens)
Skipped: 1801.03911.xml (abnormal long tokens)
Skipped: 1801.03239.xml (abnormal long tokens)
Skipped: 1801.06396.xml (abnormal long tokens)
Skipped: 1801.05551.xml (abnormal long tokens)
Skipped: 1801.05764.xml (abnormal long tokens)
Skipped: 1801.01421.xml (abnormal long tokens)
Skipped: 1801.07877.xml (abnormal long tokens)
Skipped: 1801.09445.xml (abnormal long tokens)
Skipped: 1801.10597.xml (abnormal long tokens)
Skipped: 1801.04249.xml (abnormal long tokens)
Skipped: 1801.02710.xml (abnormal long tokens)
Skipped: 1801.07746.xml (abnormal long tokens)
Skipped: 1801.05611.xml (abnormal long tokens)
Skipped: 1801.08196.xml (abnormal long tokens)
Skipped: 1801.00597.xml (abnormal long tokens)
Skipped: 1801.07674.xml (abnormal long tokens)
Skipped: 1801.00329.xml (abnormal long tokens)
Skipped: 1801.10504.xml (abnormal long tokens)
Skipped: 1801.05076.xml (abnormal long tokens)
Skipped: 1801.07722.xml (abnormal long tokens)
Skipped: 1801.10041.xml (abnormal long tokens)
Skipped: 1801.10491.xml (abnormal long tokens)
Skipped: 1801.05896.xml (abnormal long tokens)
Skipped: 1801.07011.xml (abnormal long tokens)
Skipped: 1801.03740.xml (abnormal long tokens)
Skipped: 1801.10396.xml (abnormal long tokens)
Skipped: 1801.03954.xml (abnormal long tokens)
Skipped: 1801.02261.xml (abnormal long tokens)
Skipped: 1801.00059.xml (abnormal long tokens)
Skipped: 1801.10128.xml (abnormal long tokens)
Skipped: 1801.08867.xml (abnormal long tokens)
Skipped: 1801.09197.xml (abnormal long tokens)
Skipped: 1801.06759.xml (abnormal long tokens)
Skipped: 1801.00904.xml (abnormal long tokens)
Skipped: 1801.06353.xml (abnormal long tokens)
Skipped: 1801.04011.xml (abnormal long tokens)
Skipped: 1801.04463.xml (abnormal long tokens)
Skipped: 1801.10285.xml (abnormal long tokens)
Skipped: 1801.06267.xml (abnormal long tokens)
Skipped: 1801.06771.xml (abnormal long tokens)
Skipped: 1801.04642.xml (abnormal long tokens)
Skipped: 1801.04487.xml (abnormal long tokens)
Skipped: 1801.05100.xml (abnormal long tokens)
Skipped: 1801.00415.xml (abnormal long tokens)
Skipped: 1801.08586.xml (abnormal long tokens)
Skipped: 1801.01025.xml (abnormal long tokens)
Skipped: 1801.00746.xml (abnormal long tokens)
Skipped: 1801.09195.xml (abnormal long tokens)
Skipped: 1801.04964.xml (abnormal long tokens)
Skipped: 1801.00554.xml (abnormal long tokens)
Skipped: 1801.06726.xml (abnormal long tokens)
Skipped: 1801.09465.xml (abnormal long tokens)
Skipped: 1801.04372.xml (abnormal long tokens)
Skipped: 1801.05649.xml (abnormal long tokens)
Skipped: 1801.01928.xml (abnormal long tokens)
Skipped: 1801.06011.xml (abnormal long tokens)
Skipped: 1801.00825.xml (abnormal long tokens)
Skipped: 1801.09250.xml (abnormal long tokens)
Skipped: 1801.08612.xml (abnormal long tokens)
Skipped: 1801.02668.xml (abnormal long tokens)
Skipped: 1801.09333.xml (abnormal long tokens)
Skipped: 1801.04747.xml (abnormal long tokens)
Skipped: 1801.09893.xml (abnormal long tokens)
Skipped: 1801.00890.xml (abnormal long tokens)
Skipped: 1801.00308.xml (abnormal long tokens)
Skipped: 1801.07222.xml (abnormal long tokens)
Skipped: 1801.09028.xml (abnormal long tokens)
Skipped: 1801.07426.xml (abnormal long tokens)
Skipped: 1801.09546.xml (abnormal long tokens)
Skipped: 1801.01866.xml (abnormal long tokens)
Skipped: 1801.00886.xml (abnormal long tokens)
Skipped: 1801.02566.xml (abnormal long tokens)
Skipped: 1801.02679.xml (abnormal long tokens)
Skipped: 1801.00056.xml (abnormal long tokens)
Skipped: 1801.00444.xml (abnormal long tokens)
Skipped: 1801.03749.xml (abnormal long tokens)
Skipped: 1801.07438.xml (abnormal long tokens)
Skipped: 1801.01397.xml (abnormal long tokens)
Skipped: 1801.01453.xml (abnormal long tokens)
Skipped: 1801.06782.xml (abnormal long tokens)
Skipped: 1801.02194.xml (abnormal long tokens)
Skipped: 1801.02796.xml (abnormal long tokens)
Skipped: 1801.05906.xml (abnormal long tokens)
Skipped: 1801.03825.xml (abnormal long tokens)
Skipped: 1801.08863.xml (abnormal long tokens)
Skipped: 1801.01249.xml (abnormal long tokens)
Skipped: 1801.08388.xml (abnormal long tokens)
Skipped: 1801.04856.xml (abnormal long tokens)
Skipped: 1801.03168.xml (abnormal long tokens)
Skipped: 1801.04565.xml (abnormal long tokens)
Skipped: 1801.08573.xml (abnormal long tokens)
Skipped: 1801.03612.xml (abnormal long tokens)
Skipped: 1801.09524.xml (abnormal long tokens)
Skipped: 1801.10588.xml (abnormal long tokens)
Skipped: 1801.07992.xml (abnormal long tokens)
Skipped: 1801.04159.xml (abnormal long tokens)
Skipped: 1801.06294.xml (abnormal long tokens)
Skipped: 1801.00938.xml (abnormal long tokens)
Skipped: 1801.02808.xml (abnormal long tokens)
Skipped: 1801.03536.xml (abnormal long tokens)
Skipped: 1801.09812.xml (abnormal long tokens)
Skipped: 1801.09796.xml (abnormal long tokens)
Skipped: 1801.08881.xml (abnormal long tokens)
Skipped: 1801.02209.xml (abnormal long tokens)
Skipped: 1801.00553.xml (abnormal long tokens)
Skipped: 1801.05912.xml (abnormal long tokens)
Skipped: 1801.08114.xml (abnormal long tokens)
Skipped: 1801.05104.xml (abnormal long tokens)
Skipped: 1801.07604.xml (abnormal long tokens)
Skipped: 1801.04544.xml (abnormal long tokens)
Skipped: 1801.03331.xml (abnormal long tokens)
Skipped: 1801.04405.xml (abnormal long tokens)
Skipped: 1801.08437.xml (abnormal long tokens)
Skipped: 1801.01185.xml (abnormal long tokens)
Skipped: 1801.07961.xml (abnormal long tokens)
Skipped: 1801.04261.xml (abnormal long tokens)
Skipped: 1801.01455.xml (abnormal long tokens)
Skipped: 1801.01641.xml (abnormal long tokens)
Skipped: 1801.00500.xml (abnormal long tokens)
Skipped: 1801.02716.xml (abnormal long tokens)
Skipped: 1801.04271.xml (abnormal long tokens)
Skipped: 1801.05127.xml (abnormal long tokens)
Skipped: 1801.00055.xml (abnormal long tokens)
Skipped: 1801.03656.xml (abnormal long tokens)
Skipped: 1801.02362.xml (abnormal long tokens)
Skipped: 1801.09877.xml (abnormal long tokens)
Skipped: 1801.04582.xml (abnormal long tokens)
Skipped: 1801.10214.xml (abnormal long tokens)
Skipped: 1801.07988.xml (abnormal long tokens)
Skipped: 1801.02581.xml (abnormal long tokens)
Skipped: 1801.04723.xml (abnormal long tokens)
Skipped: 1801.02457.xml (abnormal long tokens)
Skipped: 1801.09780.xml (abnormal long tokens)
Skipped: 1801.07005.xml (abnormal long tokens)
Skipped: 1801.09436.xml (abnormal long tokens)
Skipped: 1801.10467.xml (abnormal long tokens)
Skipped: 1801.09810.xml (abnormal long tokens)
Skipped: 1801.04618.xml (abnormal long tokens)
Skipped: 1801.08336.xml (abnormal long tokens)
Skipped: 1801.08024.xml (abnormal long tokens)
Skipped: 1801.06822.xml (abnormal long tokens)
Skipped: 1801.04052.xml (abnormal long tokens)
Skipped: 1801.10083.xml (abnormal long tokens)
Skipped: 1801.06794.xml (abnormal long tokens)
Skipped: 1801.08660.xml (abnormal long tokens)
Skipped: 1801.02073.xml (abnormal long tokens)
Skipped: 1801.00182.xml (abnormal long tokens)
Skipped: 1801.01022.xml (abnormal long tokens)
Skipped: 1801.09896.xml (abnormal long tokens)
Skipped: 1801.01820.xml (abnormal long tokens)
Skipped: 1801.04891.xml (abnormal long tokens)
Skipped: 1801.08337.xml (abnormal long tokens)
Skipped: 1801.09510.xml (abnormal long tokens)
Skipped: 1801.10271.xml (abnormal long tokens)
Skipped: 1801.10091.xml (abnormal long tokens)
Skipped: 1801.00317.xml (abnormal long tokens)
Skipped: 1801.05937.xml (abnormal long tokens)
Skipped: 1801.00387.xml (abnormal long tokens)
Skipped: 1801.00280.xml (abnormal long tokens)
Skipped: 1801.09121.xml (abnormal long tokens)
Skipped: 1801.01229.xml (abnormal long tokens)
Skipped: 1801.02833.xml (abnormal long tokens)
Skipped: 1801.06077.xml (abnormal long tokens)
Skipped: 1801.07347.xml (abnormal long tokens)
Skipped: 1801.08486.xml (abnormal long tokens)
Skipped: 1801.01316.xml (abnormal long tokens)
Skipped: 1801.05909.xml (abnormal long tokens)
Skipped: 1801.03815.xml (abnormal long tokens)
Skipped: 1801.00920.xml (abnormal long tokens)
Skipped: 1801.10277.xml (abnormal long tokens)
Skipped: 1801.00702.xml (abnormal long tokens)
Skipped: 1801.10472.xml (abnormal long tokens)
Skipped: 1801.04523.xml (abnormal long tokens)
Skipped: 1801.02123.xml (abnormal long tokens)
Skipped: 1801.10574.xml (abnormal long tokens)
Skipped: 1801.04651.xml (abnormal long tokens)
Skipped: 1801.04342.xml (abnormal long tokens)
Skipped: 1801.05393.xml (abnormal long tokens)
Skipped: 1801.05637.xml (abnormal long tokens)
Skipped: 1801.01704.xml (abnormal long tokens)
Skipped: 1801.06055.xml (abnormal long tokens)
Skipped: 1801.08560.xml (abnormal long tokens)
Skipped: 1801.03748.xml (abnormal long tokens)
Skipped: 1801.02505.xml (abnormal long tokens)
Skipped: 1801.00988.xml (abnormal long tokens)
Skipped: 1801.01967.xml (abnormal long tokens)
Skipped: 1801.05849.xml (abnormal long tokens)
Skipped: 1801.02888.xml (abnormal long tokens)
Skipped: 1801.03898.xml (abnormal long tokens)
Skipped: 1801.07102.xml (abnormal long tokens)
Skipped: 1801.06333.xml (abnormal long tokens)
Skipped: 1801.00418.xml (abnormal long tokens)
Skipped: 1801.09159.xml (abnormal long tokens)
Skipped: 1801.03983.xml (abnormal long tokens)
Skipped: 1801.00110.xml (abnormal long tokens)
Skipped: 1801.02025.xml (abnormal long tokens)
Skipped: 1801.03039.xml (abnormal long tokens)
Skipped: 1801.08829.xml (abnormal long tokens)
Skipped: 1801.04908.xml (abnormal long tokens)
Skipped: 1801.09747.xml (abnormal long tokens)
Skipped: 1801.01253.xml (abnormal long tokens)
Skipped: 1801.10193.xml (abnormal long tokens)
Skipped: 1801.09809.xml (abnormal long tokens)
Skipped: 1801.07148.xml (abnormal long tokens)
Skipped: 1801.03030.xml (abnormal long tokens)
Skipped: 1801.05360.xml (abnormal long tokens)
Skipped: 1801.10599.xml (abnormal long tokens)
Skipped: 1801.01999.xml (abnormal long tokens)
Skipped: 1801.09229.xml (abnormal long tokens)
Skipped: 1801.06897.xml (abnormal long tokens)
Skipped: 1801.09317.xml (abnormal long tokens)
Skipped: 1801.00933.xml (abnormal long tokens)
Skipped: 1801.05721.xml (abnormal long tokens)
Skipped: 1801.02199.xml (abnormal long tokens)
Skipped: 1801.01516.xml (abnormal long tokens)
Skipped: 1801.10318.xml (abnormal long tokens)
Skipped: 1801.06434.xml (abnormal long tokens)
Skipped: 1801.01108.xml (abnormal long tokens)
Skipped: 1801.03421.xml (abnormal long tokens)
Skipped: 1801.04068.xml (abnormal long tokens)
Skipped: 1801.10140.xml (abnormal long tokens)
Skipped: 1801.09718.xml (abnormal long tokens)
Skipped: 1801.05236.xml (abnormal long tokens)
Skipped: 1801.05823.xml (abnormal long tokens)
Skipped: 1801.05173.xml (abnormal long tokens)
Skipped: 1801.03773.xml (abnormal long tokens)
Skipped: 1801.04498.xml (abnormal long tokens)
Skipped: 1801.07110.xml (abnormal long tokens)
