Word count diff -2841: cs0302017.txt

Word count diff -1046: 1603.01774.txt

Word count diff -4624: 0809.1409.txt

Word count diff 1600: 1408.3651.txt

Word count diff -3273: 1408.6552.txt

Word count diff -2257: 1211.3643.txt

Word count diff -1118: 1502.02840.txt

Word count diff -1315: 1709.03652.txt

Word count diff -1455: 1907.01490.txt

Word count diff -1152: 1711.00867.txt

Word count diff -1458: 1808.07599.txt

Word count diff -1173: cmp-lg9601008.txt

Word count diff -9943: 1805.11824.txt

Word count diff -2359: 1405.2202.txt

Word count diff -1596: 1804.05019.txt

Word count diff -1114: 1511.07643.txt

Word count diff -2372: cs0601127.txt

Word count diff -1040: 1406.1738.txt

Word count diff -1125: 1102.3079.txt

Word count diff -1891: 1905.06567.txt

Word count diff -1096: 1905.06089.txt

Word count diff -2716: 1710.02611.txt

Word count diff -1330: 1710.03346.txt

Word count diff -1781: 1611.01628.txt

Word count diff -1761: 1611.01820.txt

Word count diff -1976: 1608.02266.txt

Word count diff -2246: 1604.02509.txt

Word count diff -1065: 1709.01118.txt

Word count diff -1764: 1609.00278.txt

Word count diff -2682: 1512.02179.txt

Word count diff 1376: 1712.06163.txt

Word count diff -1899: 1901.10271.txt

Word count diff -1126: 1812.02137.txt

Word count diff -1442: 1402.3783.txt

Word count diff -1257: 1610.02249.txt

Word count diff -3073: 1609.00081.txt

Word count diff -1060: 1609.03409.txt

Word count diff -2034: 1608.01536.txt

Word count diff -1266: 1608.08042.txt

Word count diff -1102: 1811.12450.txt

Word count diff -1285: 1906.06926.txt

Word count diff -1124: 1610.05029.txt

Word count diff -1156: 1511.06341.txt

Word count diff -1314: cs9901005.txt

Word count diff -1101: 1302.2093.txt

Word count diff -2214: 1808.05848.txt

Word count diff -2543: 1411.1161.txt

Word count diff -1777: 1901.07254.txt

Word count diff -1031: 1808.10427.txt

Word count diff -1596: 1903.08237.txt

Word count diff -1370: 1506.07955.txt

Word count diff -1148: 1808.05869.txt

Word count diff -1697: 1903.06325.txt

Word count diff -2258: 1105.0985.txt

Word count diff -1884: 1802.03079.txt

Word count diff -2084: 1802.03311.txt

Word count diff -1458: 1704.00440.txt

Word count diff -1526: 1303.2987.txt

Word count diff -2918: 1803.01097.txt

Word count diff -1177: 1709.07992.txt

Word count diff -1613: 1709.03404.txt

Word count diff -1023: 1402.4160.txt

Word count diff -1399: 1806.03232.txt

Word count diff -18833: 1806.04032.txt

Word count diff -1689: 1710.10201.txt

Word count diff -2405: 1210.5338.txt

Word count diff -1295: 1704.03140.txt

Word count diff -1493: 1704.03118.txt

Word count diff -1628: 1402.1386.txt

Word count diff -1350: 1802.09654.txt

Word count diff -2449: 1405.2294.txt

Word count diff -3185: 1503.02241.txt

Word count diff -1911: 1001.4023.txt

Word count diff -1176: 1812.03434.txt

Word count diff -1116: 1207.3508.txt

Word count diff -2342: cs0207036.txt

Word count diff -1929: 1905.07498.txt

Word count diff -4188: cs0307056.txt

Word count diff -2676: 0712.2113.txt

Word count diff -1209: 1304.3192.txt

Word count diff -1730: 1604.08397.txt

Word count diff -1479: 1810.03102.txt

Word count diff -4183: 1810.04565.txt

Word count diff -1490: 1508.01303.txt

Word count diff -1330: 1605.03389.txt

Word count diff -2587: 1605.09769.txt

Word count diff -1065: 1803.09840.txt

Word count diff 1409: 1803.05843.txt

Word count diff -3908: cs0404014.txt

Word count diff -3695: 1202.5509.txt

Word count diff -1054: 1901.04078.txt

Word count diff -1021: 1309.0386.txt

Word count diff -1225: 1309.6610.txt

Word count diff -3069: 1306.5535.txt

Word count diff 9135: 1306.6458.txt

Word count diff -2083: 1502.04593.txt

Word count diff -1087: 1708.09580.txt

Word count diff -1456: 1106.3791.txt

Word count diff -2300: 1705.03280.txt

Word count diff -1319: 0710.5386.txt

Word count diff -1364: 1305.0219.txt

Word count diff -1663: 1305.5464.txt

Word count diff 2142: 1809.07611.txt

Word count diff -1492: 1304.2850.txt

Word count diff -1657: 1810.02406.txt

Word count diff -1771: 1308.3357.txt

Word count diff -1852: 1603.01055.txt

Word count diff -3175: 1312.5172.txt

Word count diff -2010: 0805.4101.txt

Word count diff -1425: 1801.00074.txt

Word count diff -2089: 1702.01268.txt

Word count diff -1890: 1801.05889.txt

Word count diff -1383: 1702.05985.txt

Word count diff -2758: 1604.03195.txt

Word count diff -2666: 1901.03538.txt

Word count diff -2616: 1309.1913.txt

Word count diff -1224: math0406006.txt

Word count diff -1800: 1108.1780.txt

Word count diff -4681: 1112.2141.txt

Word count diff -1419: 1709.07450.txt

Word count diff -2883: 0910.4052.txt

Word count diff -2485: 1609.08089.txt

Word count diff -3490: 1806.08868.txt

Word count diff -1371: 1206.5135.txt

Word count diff -1095: 1503.08650.txt

Word count diff -3444: 1405.2419.txt

Word count diff -1134: 1710.00546.txt

Word count diff -1222: 1407.7618.txt

Word count diff -1151: 1801.01757.txt

Word count diff -1367: cs0503027.txt

Word count diff -1106: 1806.01130.txt

Word count diff -1357: 1907.07980.txt
