CATE, TESTSET_PAPERCOUNT
SI     770
OH     175
DL     221
MA     139
NI     952
RO     482
PL     277
CV    2462
CR     843
MM     129
IR     347
AI    1207
PF     107
DM     606
NE     387
CY     435
ET     127
CE     231
CC     470
OS      30
DS     962
SE     479
SD     171
SY     715
NA     251
LG    2553
SC     119
GT     404
DB     312
DC     666
CG     303
IT    2573
CL    1044
GL      11
HC     283
MS      80
AR     103
GR     108
LO     695
FL     195

SUM = 22424


Listdir: train
... done
Listdir: test
... done
Reading metadata... It takes about 1 min
Reading Computer_Science.xml ... 1/1
Collecting categories...
Train folder categorized. Summary:
GT : 2146
LG : 12903
OS : 115
MA : 695
SI : 4430
CL : 5187
NI : 4094
DB : 942
AI : 4805
GL : 46
NA : 1382
SE : 1299
IR : 1360
CE : 981
CG : 1911
MM : 488
CR : 3386
AR : 247
RO : 2245
DC : 2858
IT : 16446
CV : 13085
DL : 500
OH : 301
SC : 763
CC : 2720
SY : 3787
CY : 1031
ET : 536
SD : 862
GR : 444
FL : 1035
LO : 2814
HC : 855
MS : 393
DM : 3960
NE : 1871
PL : 846
DS : 5035
PF : 461

Papers categorized. Summary:
GT : 433
LG : 2655
OS : 31
MA : 159
SI : 808
CL : 1066
NI : 946
DB : 302
AI : 1169
GL : 9
NA : 252
SE : 458
CE : 225
IR : 349
CG : 307
MM : 122
CR : 830
AR : 103
RO : 492
OH : 169
IT : 2650
CV : 2507
DC : 667
DL : 212
SC : 127
CC : 482
SY : 708
CY : 375
ET : 126
SD : 177
GR : 102
FL : 204
LO : 692
HC : 253
MS : 83
DM : 623
NE : 401
PL : 280
DS : 986
PF : 110

GT papers to move: 176

GT moved: 175

LG papers to move: 1100

LG moved: 1099

OS papers to move: 17

OS moved: 16

MA papers to move: 74

MA moved: 73

SI papers to move: 285

SI moved: 284

CL papers to move: 441

CL moved: 440

NI papers to move: 442

NI moved: 441

DB papers to move: 178

DB moved: 177

AI papers to move: 572

AI moved: 571

GL papers to move: 4

GL moved: 3

NA papers to move: 89

NA moved: 88

SE papers to move: 283

SE moved: 282

IR papers to move: 179

IR moved: 178

CE papers to move: 105

CE moved: 104

CG papers to move: 86

CG moved: 85

MM papers to move: 61

MM moved: 60

CR papers to move: 409

CR moved: 408

AR papers to move: 68

AR moved: 67

RO papers to move: 219

RO moved: 218

DC papers to move: 315

DC moved: 314

IT papers to move: 741

IT moved: 740

CV papers to move: 948

CV moved: 947

DL papers to move: 141

DL moved: 140

OH papers to move: 122

OH moved: 121

SC papers to move: 38

SC moved: 37

CC papers to move: 162

CC moved: 161

SY papers to move: 259

SY moved: 258

CY papers to move: 235

CY moved: 234

ET papers to move: 60

ET moved: 59

SD papers to move: 74

SD moved: 73

GR papers to move: 48

GR moved: 47

FL papers to move: 81

FL moved: 80

LO papers to move: 342

LO moved: 341

HC papers to move: 143

HC moved: 142

MS papers to move: 36

MS moved: 35

DM papers to move: 165

DM moved: 164

NE papers to move: 174

NE moved: 173

PL papers to move: 168

PL moved: 167

DS papers to move: 384

DS moved: 383

PF papers to move: 53

PF moved: 52
